  {
    "TimeCreated": "2026-03-30 08:50:53",
    "Channel": "Application",
    "Level": "Warning",
    "EventId": 64,
    "ProviderName": "Microsoft-Windows-CertificateServicesClient-AutoEnrollment",
    "Message": "Certificate for local system with Thumbprint 68 c8 d0 95 66 82 93 2f 46 f1 03 f9 42 7d 72 ec e4 80 2a cc is about to expire or already expired."
  },
  {
    "TimeCreated": "2026-03-30 08:50:49",
    "Channel": "Application",
    "Level": "Information",
    "EventId": 0,
    "ProviderName": "Service1",
    "Message": "Service started successfully."
  },
  {
    "TimeCreated": "2026-03-30 08:50:48",
    "Channel": "Application",
    "Level": "Information",
    "EventId": 1035,
    "ProviderName": "MsiInstaller",
    "Message": "Windows Installer reconfigured the product. Product Name: Microsoft GameInput. Product Version: 3.3.163.0. Product Language: 1033. Manufacturer: Microsoft Corporation. Reconfiguration success or error status: 0."
  },
  {
    "TimeCreated": "2026-03-30 08:50:48",
    "Channel": "Application",
    "Level": "Information",
    "EventId": 0,
    "ProviderName": "Service1",
    "Message": "Service started successfully."
  },
  {
    "TimeCreated": "2026-03-30 08:50:47",
    "Channel": "Application",
    "Level": "Information",
    "EventId": 1003,
    "ProviderName": "Microsoft-Windows-Search",
    "Message": "The Windows Search Service started. "
  },
  {
    "TimeCreated": "2026-03-30 08:50:45",
    "Channel": "Application",
    "Level": "Information",
    "EventId": 6000,
    "ProviderName": "Microsoft-Windows-Winlogon",
    "Message": "The winlogon notification subscriber <SessionEnv> was unavailable to handle a notification event."
  },
  {
    "TimeCreated": "2026-03-30 08:50:45",
    "Channel": "Application",
    "Level": "Information",
    "EventId": 1,
    "ProviderName": "CoworkVMService",
    "Message": "Claude VM Service starting. Detailed logs: C:\\ProgramData\\Claude\\Logs\\cowork-service.log"
  },
  {
    "TimeCreated": "2026-03-30 08:50:44",
    "Channel": "Application",
    "Level": "Information",
    "EventId": 6003,
    "ProviderName": "Microsoft-Windows-Winlogon",
    "Message": "The winlogon notification subscriber <SessionEnv> was unavailable to handle a critical notification event."
  },
  {
    "TimeCreated": "2026-03-30 08:50:43",
    "Channel": "Application",
    "Level": "Information",
    "EventId": 0,
    "ProviderName": "LightKeeperService",
    "Message": "Service started successfully."
  },
  {
    "TimeCreated": "2026-03-30 08:50:43",
    "Channel": "Application",
    "Level": "Information",
    "EventId": 0,
    "ProviderName": "MSI_Companion_Service",
    "Message": "Service started successfully."
  },
  {
    "TimeCreated": "2026-03-30 08:50:43",
    "Channel": "Application",
    "Level": "Information",
    "EventId": 1003,
    "ProviderName": "DSAService",
    "Message": "DSAService.dll:7:Intel.DSA.Service.Service|OnStartTask|()|Initializing logging"
  },
  {
    "TimeCreated": "2026-03-30 08:50:43",
    "Channel": "Application",
    "Level": "Information",
    "EventId": 1003,
    "ProviderName": "DSAService",
    "Message": "DSAService.dll:7:DSAClientCore.Controllers.Computer.SettingsController|SetDownloadsDirectoryFallback|()|DownloadsDirectoryFallback changed."
  },
  {
    "TimeCreated": "2026-03-30 08:50:43",
    "Channel": "Application",
    "Level": "Information",
    "EventId": 1003,
    "ProviderName": "DSAService",
    "Message": "DSAService.dll:7:DSAClientCore.Controllers.Computer.SettingsController|SetDsaDirectoryFallback|()|DsaDirectoryFallback changed."
  },
  {
    "TimeCreated": "2026-03-30 08:50:43",
    "Channel": "Application",
    "Level": "Information",
    "EventId": 0,
    "ProviderName": "SystemUsageReportSvc",
    "Message": "Service started successfully."
  },
  {
    "TimeCreated": "2026-03-30 08:50:43",
    "Channel": "Application",
    "Level": "Information",
    "EventId": 1003,
    "ProviderName": "DSAService",
    "Message": "DSAService.dll:7:DSAClientCore.Controllers.Computer.SettingsController|SetDsaDirectoryFallback|()|DsaDirectoryFallback changed."
  },
  {
    "TimeCreated": "2026-03-30 08:50:43",
    "Channel": "Application",
    "Level": "Information",
    "EventId": 5617,
    "ProviderName": "Microsoft-Windows-WMI",
    "Message": "Windows Management Instrumentation Service subsystems initialized successfully"
  },
  {
    "TimeCreated": "2026-03-30 08:50:43",
    "Channel": "Application",
    "Level": "Information",
    "EventId": 5615,
    "ProviderName": "Microsoft-Windows-WMI",
    "Message": "Windows Management Instrumentation Service started sucessfully"
  },
  {
    "TimeCreated": "2026-03-30 08:50:42",
    "Channel": "Application",
    "Level": "Information",
    "EventId": 1531,
    "ProviderName": "Microsoft-Windows-User Profiles Service",
    "Message": "The User Profile Service has started successfully.    "
  },
  {
    "TimeCreated": "2026-03-30 08:50:43",
    "Channel": "Application",
    "Level": "Information",
    "EventId": 0,
    "ProviderName": "DSAService",
    "Message": "Service started successfully."
  },
  {
    "TimeCreated": "2026-03-30 08:50:43",
    "Channel": "Application",
    "Level": "Information",
    "EventId": 0,
    "ProviderName": "DSAUpdateService",
    "Message": "Service started successfully."
  },
  {
    "TimeCreated": "2026-03-30 08:50:43",
    "Channel": "Application",
    "Level": "Information",
    "EventId": 4625,
    "ProviderName": "Microsoft-Windows-EventSystem",
    "Message": "The EventSystem sub system is suppressing duplicate event log entries for a duration of 86400 seconds.  The suppression timeout can be controlled by a REG_DWORD value named SuppressDuplicateDuration under the following registry key: HKLM\\Software\\Microsoft\\EventSystem\\EventLog."
  },
  {
    "TimeCreated": "2026-03-30 01:13:13",
    "Channel": "Application",
    "Level": "Information",
    "EventId": 1532,
    "ProviderName": "Microsoft-Windows-User Profiles Service",
    "Message": "The User Profile Service has stopped.    "
  },
  {
    "TimeCreated": "2026-03-30 01:13:13",
    "Channel": "Application",
    "Level": "Error",
    "EventId": 13,
    "ProviderName": "VSS",
    "Message": "Volume Shadow Copy Service information: The COM Server with CLSID {4e14fba2-2e22-11d1-9964-00c04fbbb345} and name CEventSystem cannot be started. [0x8007045b, A system shutdown is in progress. ] "
  },
  {
    "TimeCreated": "2026-03-30 01:13:13",
    "Channel": "Application",
    "Level": "Information",
    "EventId": 0,
    "ProviderName": "LightKeeperService",
    "Message": "Service has been successfully shut down."
  },
  {
    "TimeCreated": "2026-03-30 01:13:13",
    "Channel": "Application",
    "Level": "Information",
    "EventId": 0,
    "ProviderName": "Service1",
    "Message": "Service has been successfully shut down."
  },
  {
    "TimeCreated": "2026-03-30 01:13:13",
    "Channel": "Application",
    "Level": "Information",
    "EventId": 0,
    "ProviderName": "DSAService",
    "Message": "Service has been successfully shut down."
  },
  {
    "TimeCreated": "2026-03-30 01:13:13",
    "Channel": "Application",
    "Level": "Information",
    "EventId": 0,
    "ProviderName": "Service1",
    "Message": "Service has been successfully shut down."
  },
  {
    "TimeCreated": "2026-03-30 01:13:13",
    "Channel": "Application",
    "Level": "Information",
    "EventId": 0,
    "ProviderName": "DSAUpdateService",
    "Message": "Service has been successfully shut down."
  },
  {
    "TimeCreated": "2026-03-30 01:12:57",
    "Channel": "Application",
    "Level": "Information",
    "EventId": 6000,
    "ProviderName": "Microsoft-Windows-Winlogon",
    "Message": "The winlogon notification subscriber <SessionEnv> was unavailable to handle a notification event."
  },
  {
    "TimeCreated": "2026-03-30 01:12:57",
    "Channel": "Application",
    "Level": "Information",
    "EventId": 6000,
    "ProviderName": "Microsoft-Windows-Winlogon",
    "Message": "The winlogon notification subscriber <WSearch> was unavailable to handle a notification event."
  },
  {
    "TimeCreated": "2026-03-30 00:50:38",
    "Channel": "Application",
    "Level": "Information",
    "EventId": 0,
    "ProviderName": "edgeupdate",
    "Message": "Service stopped."
  },
  {
    "TimeCreated": "2026-03-30 00:43:26",
    "Channel": "Application",
    "Level": "Information",
    "EventId": 8224,
    "ProviderName": "VSS",
    "Message": "The VSS service is shutting down due to idle timeout. "
  },
  {
    "TimeCreated": "2026-03-30 00:41:35",
    "Channel": "Application",
    "Level": "Information",
    "EventId": 15,
    "ProviderName": "SecurityCenter",
    "Message": "Updated Windows Defender status successfully to SECURITY_PRODUCT_STATE_ON."
  },
  {
    "TimeCreated": "2026-03-30 00:41:27",
    "Channel": "Application",
    "Level": "Information",
    "EventId": 15,
    "ProviderName": "SecurityCenter",
    "Message": "Updated Windows Defender status successfully to SECURITY_PRODUCT_STATE_ON."
  },
  {
    "TimeCreated": "2026-03-30 00:41:25",
    "Channel": "Application",
    "Level": "Information",
    "EventId": 326,
    "ProviderName": "ESENT",
    "Message": "svchost (17172,D,50,0) DS_Token_DB: The database engine attached a database (1, C:\\WINDOWS\\system32\\config\\systemprofile\\AppData\\Local\\DataSharing\\Storage\\DSTokenDB2.dat). (Time=0 seconds)    Saved Cache: 1 0  Additional Data: lgposAttach = 0000005B:0009:0268, dbv = 1568.300.620 (9620)    Internal Timing Sequence:  [1] 0.000006 +J(0) +M(C:0K, Fs:1, WS:4K # 0K, PF:0K # 0K, P:0K) [2] 0.001046 -0.000337 (1) WT +J(0) +M(C:0K, Fs:17, WS:4K # 4K, PF:4K # 0K, P:4K) [3] 0.004003 -0.000342 (6) WT +J(CM:0, PgRf:0, Rd:0/0, Dy:0/0, Lg:3480/2) +M(C:0K, Fs:6, WS:20K # 0K, PF:20K # 0K, P:20K) [4] 0.001183 +J(0) +M(C:0K, Fs:1, WS:4K # 0K, PF:4K # 0K, P:4K) [5] - [6] 0.000348 -0.000285 (2) CM -0.000219 (2) WT +J(CM:2, PgRf:2, Rd:0/2, Dy:0/0, Lg:0/0) +M(C:0K, Fs:2, WS:8K # 0K, PF:0K # 0K, P:0K) [7] 0.000002 +J(0) [8] 0.000410 -0.000239 (1) CM -0.000209 (1) WT +J(CM:1, PgRf:1, Rd:4/1, Dy:0/0, Lg:0/0) +M(C:16K, Fs:25, WS:100K # 68K, PF:208K # 172K, P:208K) [9] - [10] - [11] - [12] 0.000009 +J(CM:0, PgRf:0, Rd:0/0, Dy:0/0, Lg:54/1) +M(C:0K, Fs:1, WS:4K # 4K, PF:20K # 16K, P:20K) [13] 0.000628 -0.000498 (2) CM -0.000439 (2) WT +J(CM:2, PgRf:23, Rd:0/2, Dy:0/0, Lg:0/0) +M(C:-8K, Fs:20, WS:72K # 76K, PF:-4K # 4K, P:-4K) [14] 0.000425 -0.000287 (2) CM -0.000221 (2) WT +J(CM:2, PgRf:40, Rd:0/2, Dy:0/0, Lg:0/0) +M(C:0K, Fs:3, WS:12K # 8K, PF:64K # 56K, P:64K) [15] 0.000006 +J(CM:0, PgRf:1, Rd:0/0, Dy:0/0, Lg:0/0) [16] 0.000008 +J(CM:0, PgRf:1, Rd:0/0, Dy:0/0, Lg:0/0) +M(C:0K, Fs:1, WS:4K # 4K, PF:0K # 0K, P:0K) [17] 0.000045 +J(CM:0, PgRf:42, Rd:0/0, Dy:0/0, Lg:0/0) +M(C:0K, Fs:8, WS:32K # 32K, PF:0K # 0K, P:0K) [18] 0.0 +J(0) [19] 0.0 +J(0) [20] 0.000034 +J(CM:0, PgRf:3, Rd:0/0, Dy:0/0, Lg:0/0) +M(C:0K, Fs:3, WS:12K # 12K, PF:0K # 0K, P:0K)."
  },
  {
    "TimeCreated": "2026-03-30 00:41:25",
    "Channel": "Application",
    "Level": "Information",
    "EventId": 105,
    "ProviderName": "ESENT",
    "Message": "svchost (17172,D,0,0) DS_Token_DB: The database engine started a new instance (0). (Time=0.032 seconds)    Additional Data:  lgposV2[] = 0000005B:0001:0000 - 0000005B:0006:0039 - 0000005B:0007:0000 - 0000005B:0007:0000 (00000000:0000:0000) cReInits = 2 RBSOn = 0     Internal Timing Sequence:  [1] 0.000619 +J(0) +M(C:0K, Fs:190, WS:720K # 720K, PF:4664K # 4664K, P:4664K) [2] 0.000636 +J(0) +M(C:8K, Fs:489, WS:1948K # 1948K, PF:448K # 448K, P:448K) [3] 0.000016 +J(0) +M(C:0K, Fs:10, WS:40K # 40K, PF:64K # 64K, P:64K) [4] 0.000175 +J(0) +M(C:0K, Fs:53, WS:208K # 208K, PF:224K # 224K, P:224K) [5] 0.001493 +J(0) +M(C:0K, Fs:10, WS:40K # 40K, PF:20K # 20K, P:20K) [6] 0.001877 +J(0) +M(C:0K, Fs:44, WS:176K # 176K, PF:12K # 12K, P:12K) [7] 0.001102 -0.000376 (2) WT +J(0) +M(C:0K, Fs:39, WS:156K # 156K, PF:64K # 64K, P:64K) [8] 0.010575 -0.002182 (11) WT +J(CM:0, PgRf:0, Rd:0/0, Dy:0/0, Lg:24336/17) +M(C:0K, Fs:132, WS:376K # 376K, PF:252K # 256K, P:252K) [9] 0.000421 +J(0) +M(C:0K, Fs:15, WS:60K # 60K, PF:12K # 8K, P:12K) [10] 0.000647 -0.000221 (1) WT +J(0) +M(C:0K, Fs:2, WS:-52K # 8K, PF:-60K # 0K, P:-60K) [11] 0.000017 +J(CM:0, PgRf:0, Rd:0/0, Dy:0/0, Lg:49/1) +M(C:0K, Fs:4, WS:16K # 0K, PF:0K # 0K, P:0K) [12] 0.000461 +J(0) [13] 0.013602 -0.000260 (2) CM -0.001588 (17) WT +J(CM:2, PgRf:2, Rd:0/2, Dy:0/0, Lg:8759/5) +M(C:0K, Fs:86, WS:224K # 244K, PF:228K # 236K, P:228K) [14] 0.000018 +J(0) [15] 0.000008 +J(0) [16] 0.000620 -0.000093 (1) WT +J(0) +M(C:0K, Fs:2, WS:0K # 0K, PF:0K # 0K, P:0K)."
  },
  {
    "TimeCreated": "2026-03-30 00:41:25",
    "Channel": "Application",
    "Level": "Information",
    "EventId": 302,
    "ProviderName": "ESENT",
    "Message": "svchost (17172,U,98,0) DS_Token_DB: The database engine has successfully completed recovery steps."
  },
  {
    "TimeCreated": "2026-03-30 00:41:25",
    "Channel": "Application",
    "Level": "Information",
    "EventId": 301,
    "ProviderName": "ESENT",
    "Message": "svchost (17172,R,98,0) DS_Token_DB: The database engine has finished replaying logfile C:\\WINDOWS\\system32\\config\\systemprofile\\AppData\\Local\\DataSharing\\Storage\\DSS.log.    Processing Stats:  [1] 0.007371 -0.001609 (8) WT +J(CM:0, PgRf:0, Rd:0/0, Dy:0/0, Lg:24336/17) +M(C:0K, Fs:97, WS:244K # 248K, PF:164K # 168K, P:164K).  Log record of type 'AttachDB ' was seen most frequently (2 times)"
  },
  {
    "TimeCreated": "2026-03-30 00:41:25",
    "Channel": "Application",
    "Level": "Information",
    "EventId": 300,
    "ProviderName": "ESENT",
    "Message": "svchost (17172,R,98,0) DS_Token_DB: The database engine is initiating recovery steps."
  },
  {
    "TimeCreated": "2026-03-30 00:41:25",
    "Channel": "Application",
    "Level": "Information",
    "EventId": 102,
    "ProviderName": "ESENT",
    "Message": "svchost (17172,P,98,0) DS_Token_DB: The database engine (10.00.26200.0000) is starting a new instance (0)."
  },
  {
    "TimeCreated": "2026-03-30 00:41:01",
    "Channel": "Application",
    "Level": "Information",
    "EventId": 8302,
    "ProviderName": "Microsoft-Windows-System-Restore",
    "Message": "Scoping successfully completed for shadowcopy \\\\?\\GLOBALROOT\\Device\\HarddiskVolumeShadowCopy1."
  },
  {
    "TimeCreated": "2026-03-30 00:41:01",
    "Channel": "Application",
    "Level": "Information",
    "EventId": 8301,
    "ProviderName": "Microsoft-Windows-System-Restore",
    "Message": "Scoping completed for shadowcopy \\\\?\\GLOBALROOT\\Device\\HarddiskVolumeShadowCopy1."
  },
  {
    "TimeCreated": "2026-03-30 00:40:27",
    "Channel": "Application",
    "Level": "Information",
    "EventId": 8300,
    "ProviderName": "Microsoft-Windows-System-Restore",
    "Message": "Scoping started for shadowcopy \\\\?\\GLOBALROOT\\Device\\HarddiskVolumeShadowCopy1."
  },
  {
    "TimeCreated": "2026-03-30 00:40:25",
    "Channel": "Application",
    "Level": "Information",
    "EventId": 8216,
    "ProviderName": "System Restore",
    "Message": "Skipping creation of restore point (Process = C:\\WINDOWS\\system32\\svchost.exe -k netsvcs -p -s wuauserv; Description = Windows Update) as there is a restore point avaliable which is recent enough for System Restore."
  },
  {
    "TimeCreated": "2026-03-30 00:40:23",
    "Channel": "Application",
    "Level": "Information",
    "EventId": 8216,
    "ProviderName": "System Restore",
    "Message": "Skipping creation of restore point (Process = C:\\WINDOWS\\system32\\svchost.exe -k netsvcs -p -s wuauserv; Description = Windows Update) as there is a restore point avaliable which is recent enough for System Restore."
  },
  {
    "TimeCreated": "2026-03-30 00:40:22",
    "Channel": "Application",
    "Level": "Information",
    "EventId": 10001,
    "ProviderName": "Microsoft-Windows-RestartManager",
    "Message": "Ending session 1 started ‎2026‎-‎03‎-‎30T05:40:15.260191700Z."
  },
  {
    "TimeCreated": "2026-03-30 00:40:16",
    "Channel": "Application",
    "Level": "Information",
    "EventId": 8194,
    "ProviderName": "System Restore",
    "Message": "Successfully created restore point (Process = C:\\WINDOWS\\system32\\svchost.exe -k netsvcs -p -s wuauserv; Description = Windows Update)."
  },
  {
    "TimeCreated": "2026-03-30 00:40:15",
    "Channel": "Application",
    "Level": "Information",
    "EventId": 10000,
    "ProviderName": "Microsoft-Windows-RestartManager",
    "Message": "Starting session 1 - ‎2026‎-‎03‎-‎30T05:40:15.260191700Z."
  },
  {
    "TimeCreated": "2026-03-30 00:40:15",
    "Channel": "Application",
    "Level": "Information",
    "EventId": 8231,
    "ProviderName": "VSS",
    "Message": "Volume Shadow Copy Service information: Snapshot creation initiated for Snapshot Set {f82e86f6-789d-4e2b-9071-7e65a0950566}.  Process command line: C:\\WINDOWS\\system32\\svchost.exe -k netsvcs -p -s wuauserv  Process Caller Stack:  Process[0]: svchost.exe  Process[1]: services.exe  Process[2]: wininit.exe "
  },
  {
    "TimeCreated": "2026-03-30 00:37:30",
    "Channel": "Application",
    "Level": "Information",
    "EventId": 16384,
    "ProviderName": "Microsoft-Windows-Security-SPP",
    "Message": "Successfully scheduled Software Protection service for re-start at 2126-03-06T05:37:30Z. Reason: RulesEngine."
  },
  {
    "TimeCreated": "2026-03-30 00:37:00",
    "Channel": "Application",
    "Level": "Information",
    "EventId": 16394,
    "ProviderName": "Microsoft-Windows-Security-SPP",
    "Message": "Offline downlevel migration succeeded."
  },
  {
    "TimeCreated": "2026-03-30 00:32:13",
    "Channel": "Application",
    "Level": "Information",
    "EventId": 15,
    "ProviderName": "SecurityCenter",
    "Message": "Updated Windows Defender status successfully to SECURITY_PRODUCT_STATE_ON."
  },
  {
    "TimeCreated": "2026-03-30 00:30:39",
    "Channel": "Application",
    "Level": "Information",
    "EventId": 16384,
    "ProviderName": "Microsoft-Windows-Security-SPP",
    "Message": "Successfully scheduled Software Protection service for re-start at 2126-03-06T05:30:39Z. Reason: RulesEngine."
  },
  {
    "TimeCreated": "2026-03-30 00:30:05",
    "Channel": "Application",
    "Level": "Information",
    "EventId": 16394,
    "ProviderName": "Microsoft-Windows-Security-SPP",
    "Message": "Offline downlevel migration succeeded."
  },
  {
    "TimeCreated": "2026-03-30 00:27:29",
    "Channel": "Application",
    "Level": "Information",
    "EventId": 16384,
    "ProviderName": "Microsoft-Windows-Security-SPP",
    "Message": "Successfully scheduled Software Protection service for re-start at 2126-03-06T05:27:29Z. Reason: RulesEngine."
  },
  {
    "TimeCreated": "2026-03-30 00:26:59",
    "Channel": "Application",
    "Level": "Information",
    "EventId": 16394,
    "ProviderName": "Microsoft-Windows-Security-SPP",
    "Message": "Offline downlevel migration succeeded."
  },
  {
    "TimeCreated": "2026-03-30 00:26:00",
    "Channel": "Application",
    "Level": "Warning",
    "EventId": 1008,
    "ProviderName": "Microsoft-Windows-Perflib",
    "Message": "The Open procedure for service 'WmiApRpl' in DLL 'C:\\WINDOWS\\system32\\wbem\\wmiaprpl.dll' failed with error code The device is not ready.. Performance data for this service will not be available."
  },
  {
    "TimeCreated": "2026-03-30 00:25:59",
    "Channel": "Application",
    "Level": null,
    "EventId": 4096,
    "ProviderName": "VBScriptDeprecationAlert",
    "Message": ""
  },
  {
    "TimeCreated": "2026-03-30 00:24:28",
    "Channel": "Application",
    "Level": "Information",
    "EventId": 903,
    "ProviderName": "Microsoft-Windows-Security-SPP",
    "Message": "The Software Protection service has stopped. "
  },
  {
    "TimeCreated": "2026-03-30 00:24:28",
    "Channel": "Application",
    "Level": "Information",
    "EventId": 16384,
    "ProviderName": "Microsoft-Windows-Security-SPP",
    "Message": "Successfully scheduled Software Protection service for re-start at 2126-03-06T05:24:28Z. Reason: RulesEngine."
  },
  {
    "TimeCreated": "2026-03-30 00:23:59",
    "Channel": "Application",
    "Level": "Information",
    "EventId": 15,
    "ProviderName": "SecurityCenter",
    "Message": "Updated Windows Defender status successfully to SECURITY_PRODUCT_STATE_ON."
  },
  {
    "TimeCreated": "2026-03-30 00:23:57",
    "Channel": "Application",
    "Level": "Information",
    "EventId": 1,
    "ProviderName": "SecurityCenter",
    "Message": "The Windows Security Center Service has started."
  },
  {
    "TimeCreated": "2026-03-30 00:23:57",
    "Channel": "Application",
    "Level": "Information",
    "EventId": 902,
    "ProviderName": "Microsoft-Windows-Security-SPP",
    "Message": "The Software Protection service has started. 10.0.26100.8036"
  },
  {
    "TimeCreated": "2026-03-30 00:23:57",
    "Channel": "Application",
    "Level": "Information",
    "EventId": 1003,
    "ProviderName": "Microsoft-Windows-Security-SPP",
    "Message": "The Software Protection service has completed licensing status check. Application Id=55c92734-d682-4d71-983e-d6ec3f16059f Licensing Status= 1: 0567073a-7d74-403b-b2d5-6b35da372d8d, 1, 0 [(0 [0xC004F014, 0, 0], [(?)(?)(?)(?)(?)(?)(?)(?)])(1 )(2 )(3 )] 2: 1b750385-9fe2-49a8-ab55-149d0546395b, 1, 0 [(0 [0xC004F014, 0, 0], [(?)(?)(?)(?)(?)(?)(?)(?)])(1 )(2 )(3 )] 3: 1d873132-f09f-4eb2-bf5a-2e4fb48935e8, 1, 0 [(0 [0xC004F014, 0, 0], [(?)(?)(?)(?)(?)(?)(?)(?)])(1 )(2 )(3 )] 4: 2b1f36bb-c1cd-4306-bf5c-a0367c2d97d8, 1, 0 [(0 [0xC004F014, 0, 0], [(?)(?)(?)(?)(?)(?)(?)(?)])(1 )(2 )(3 )] 5: 30d469c6-a78f-4476-b5c8-af78d5b6a5fb, 1, 1 [(0 [0xC004E003, 0, 0], [( 10 0xC004F200 msft:rm/algorithm/flags/1.0)( 1 0x00000000)(?)(?)(?)(?)( 10 0xC004F200 msft:rm/algorithm/flags/1.0)(?)])(1 )(2 [0x00000000, 1, 0], [(?)( 1 0x00000000)(?)(?)(?)(?)( 10 0x00000000 msft:rm/algorithm/flags/1.0)(?)])(3 )] 6: 3ae2cc14-ab2d-41f4-972f-5e20142771dc, 1, 0 [(0 [0xC004F014, 0, 0], [(?)(?)(?)(?)(?)(?)(?)(?)])(1 )(2 )(3 )] 7: 4002e33a-524c-4100-8108-131a0d42c0ea, 1, 0 [(0 [0xC004F014, 0, 0], [(?)(?)(?)(?)(?)(?)(?)(?)])(1 )(2 )(3 )] 8: 411b3d4f-be6d-4a06-baaa-9cabfc256cae, 1, 0 [(0 [0xC004F014, 0, 0], [(?)(?)(?)(?)(?)(?)(?)(?)])(1 )(2 )(3 )] 9: 58e97c99-f377-4ef1-81d5-4ad5522b5fd8, 1, 0 [(0 [0xC004F014, 0, 0], [(?)(?)(?)(?)(?)(?)(?)(?)])(1 )(2 )(3 )] 10: 653098ee-780d-4863-8cf2-d18399ce413b, 1, 0 [(0 [0xC004F014, 0, 0], [(?)(?)(?)(?)(?)(?)(?)(?)])(1 )(2 )(3 )] 11: 74436dbb-cc17-46de-867f-14906ba4a938, 1, 0 [(0 [0xC004F014, 0, 0], [(?)(?)(?)(?)(?)(?)(?)(?)])(1 )(2 )(3 )] 12: 8a292df8-d653-4057-8133-a0701792f912, 1, 0 [(0 [0xC004F014, 0, 0], [(?)(?)(?)(?)(?)(?)(?)(?)])(1 )(2 )(3 )] 13: 8db63db6-4f8f-46d6-a448-66444faaaa72, 1, 0 [(0 [0xC004F014, 0, 0], [(?)(?)(?)(?)(?)(?)(?)(?)])(1 )(2 )(3 )] 14: cd918a57-a41b-4c82-8dce-1a538e221a83, 1, 0 [(0 [0xC004F014, 0, 0], [(?)(?)(?)(?)(?)(?)(?)(?)])(1 )(2 )(3 )] 15: da9621af-f086-4244-b563-18611e51aa1a, 1, 0 [(0 [0xC004F014, 0, 0], [(?)(?)(?)(?)(?)(?)(?)(?)])(1 )(2 )(3 )] 16: e371d89a-73e8-4b24-a7ff-23a3641dd18e, 1, 0 [(0 [0xC004F014, 0, 0], [(?)(?)(?)(?)(?)(?)(?)(?)])(1 )(2 )(3 )] 17: ed799377-74b8-4989-a244-14d082e65972, 1, 0 [(0 [0xC004F014, 0, 0], [(?)(?)(?)(?)(?)(?)(?)(?)])(1 )(2 )(3 )]  "
  },
  {
    "TimeCreated": "2026-03-30 00:23:57",
    "Channel": "Application",
    "Level": "Information",
    "EventId": 1066,
    "ProviderName": "Microsoft-Windows-Security-SPP",
    "Message": "Initialization status for service objects. C:\\WINDOWS\\system32\\sppwinob.dll, msft:spp/windowsfunctionality/agent/7.0, 0x00000000, 0x00000000 C:\\WINDOWS\\system32\\sppobjs.dll, msft:rm/algorithm/inherited/1.0, 0x00000000, 0x00000000 C:\\WINDOWS\\system32\\sppobjs.dll, msft:rm/algorithm/phone/1.0, 0x00000000, 0x00000000 C:\\WINDOWS\\system32\\sppobjs.dll, msft:rm/algorithm/pkey/detect, 0x00000000, 0x00000000 C:\\WINDOWS\\system32\\sppobjs.dll, msft:spp/ActionScheduler/1.0, 0x00000000, 0x00000000 C:\\WINDOWS\\system32\\sppobjs.dll, msft:spp/TaskScheduler/1.0, 0x00000000, 0x00000000 C:\\WINDOWS\\system32\\sppobjs.dll, msft:spp/statecollector/pkey, 0x00000000, 0x00000000 C:\\WINDOWS\\system32\\sppobjs.dll, msft:spp/volume/services/kms/1.0, 0x00000000, 0x00000000 C:\\WINDOWS\\system32\\sppobjs.dll, msft:spp/volume/services/kms/activationinfo/1.0, 0x00000000, 0x00000000 "
  },
  {
    "TimeCreated": "2026-03-30 00:23:57",
    "Channel": "Application",
    "Level": "Information",
    "EventId": 16394,
    "ProviderName": "Microsoft-Windows-Security-SPP",
    "Message": "Offline downlevel migration succeeded."
  },
  {
    "TimeCreated": "2026-03-30 00:23:57",
    "Channel": "Application",
    "Level": "Information",
    "EventId": 900,
    "ProviderName": "Microsoft-Windows-Security-SPP",
    "Message": "The Software Protection service is starting. Parameters:<explicit>"
  },
  {
    "TimeCreated": "2026-03-30 00:23:56",
    "Channel": "Application",
    "Level": "Information",
    "EventId": 0,
    "ProviderName": "edgeupdate",
    "Message": "Service stopped."
  },
  {
    "TimeCreated": "2026-03-30 00:22:33",
    "Channel": "Application",
    "Level": "Information",
    "EventId": 256,
    "ProviderName": "Chrome",
    "Message": "[16028:18168:0330/002233.829:INFO:chrome\\browser\\extensions\\extension_garbage_collector.cc:188] Garbage collection for extensions on file thread is complete."
  },
  {
    "TimeCreated": "2026-03-30 00:22:14",
    "Channel": "Application",
    "Level": "Information",
    "EventId": 2003,
    "ProviderName": "DSAService",
    "Message": "<DSAExceptionEvent xmlns:xsi='http://www.w3.org/2001/XMLSchema-instance' xmlns:xsd='http://www.w3.org/2001/XMLSchema' xmlns='https://www.intel.com'><OS><Description>Windows 10 Home</Description><Version>6.3</Version><Build>26200</Build><Release>2009</Release><EpmId>windows-11-25h2-64</EpmId></OS><DSAVersion>25.4.36.6</DSAVersion><Module>DSARulesCore.dll</Module><ClassName>Intel.DSA.Rules.RuleSets.Rebar</ClassName><MethodName>ConvertDetectionOutputToMessage</MethodName><ExceptionType>ResizableBarMessageException</ExceptionType><Message>CheckAmdPlatform</Message></DSAExceptionEvent>"
  },
  {
    "TimeCreated": "2026-03-30 00:22:04",
    "Channel": "Application",
    "Level": "Warning",
    "EventId": 64,
    "ProviderName": "Microsoft-Windows-CertificateServicesClient-AutoEnrollment",
    "Message": "Certificate for local system with Thumbprint 68 c8 d0 95 66 82 93 2f 46 f1 03 f9 42 7d 72 ec e4 80 2a cc is about to expire or already expired."
  },
  {
    "TimeCreated": "2026-03-30 00:22:03",
    "Channel": "Application",
    "Level": "Information",
    "EventId": 1035,
    "ProviderName": "MsiInstaller",
    "Message": "Windows Installer reconfigured the product. Product Name: Microsoft GameInput. Product Version: 3.3.163.0. Product Language: 1033. Manufacturer: Microsoft Corporation. Reconfiguration success or error status: 0."
  },
  {
    "TimeCreated": "2026-03-30 00:22:01",
    "Channel": "Application",
    "Level": "Information",
    "EventId": 1003,
    "ProviderName": "Microsoft-Windows-Search",
    "Message": "The Windows Search Service started. "
  },
  {
    "TimeCreated": "2026-03-30 00:21:59",
    "Channel": "Application",
    "Level": "Information",
    "EventId": 0,
    "ProviderName": "Service1",
    "Message": "Service started successfully."
  },
  {
    "TimeCreated": "2026-03-30 00:21:59",
    "Channel": "Application",
    "Level": "Information",
    "EventId": 0,
    "ProviderName": "Service1",
    "Message": "Service started successfully."
  },
  {
    "TimeCreated": "2026-03-30 00:21:58",
    "Channel": "Application",
    "Level": "Information",
    "EventId": 6000,
    "ProviderName": "Microsoft-Windows-Winlogon",
    "Message": "The winlogon notification subscriber <SessionEnv> was unavailable to handle a notification event."
  },
  {
    "TimeCreated": "2026-03-30 00:21:57",
    "Channel": "Application",
    "Level": "Information",
    "EventId": 6003,
    "ProviderName": "Microsoft-Windows-Winlogon",
    "Message": "The winlogon notification subscriber <SessionEnv> was unavailable to handle a critical notification event."
  },
  {
    "TimeCreated": "2026-03-30 00:21:55",
    "Channel": "Application",
    "Level": "Information",
    "EventId": 1,
    "ProviderName": "CoworkVMService",
    "Message": "Claude VM Service starting. Detailed logs: C:\\ProgramData\\Claude\\Logs\\cowork-service.log"
  },
  {
    "TimeCreated": "2026-03-30 00:21:54",
    "Channel": "Application",
    "Level": "Information",
    "EventId": 0,
    "ProviderName": "LightKeeperService",
    "Message": "Service started successfully."
  },
  {
    "TimeCreated": "2026-03-30 00:21:54",
    "Channel": "Application",
    "Level": "Information",
    "EventId": 0,
    "ProviderName": "MSI_Companion_Service",
    "Message": "Service started successfully."
  },
  {
    "TimeCreated": "2026-03-30 00:21:54",
    "Channel": "Application",
    "Level": "Information",
    "EventId": 0,
    "ProviderName": "SystemUsageReportSvc",
    "Message": "Service started successfully."
  },
  {
    "TimeCreated": "2026-03-30 00:21:54",
    "Channel": "Application",
    "Level": "Information",
    "EventId": 1003,
    "ProviderName": "DSAService",
    "Message": "DSAService.dll:7:Intel.DSA.Service.Service|OnStartTask|()|Initializing logging"
  },
  {
    "TimeCreated": "2026-03-30 00:21:54",
    "Channel": "Application",
    "Level": "Information",
    "EventId": 1003,
    "ProviderName": "DSAService",
    "Message": "DSAService.dll:7:DSAClientCore.Controllers.Computer.SettingsController|SetDownloadsDirectoryFallback|()|DownloadsDirectoryFallback changed."
  },
  {
    "TimeCreated": "2026-03-30 00:21:54",
    "Channel": "Application",
    "Level": "Information",
    "EventId": 1003,
    "ProviderName": "DSAService",
    "Message": "DSAService.dll:7:DSAClientCore.Controllers.Computer.SettingsController|SetDsaDirectoryFallback|()|DsaDirectoryFallback changed."
  },
  {
    "TimeCreated": "2026-03-30 00:21:54",
    "Channel": "Application",
    "Level": "Information",
    "EventId": 1003,
    "ProviderName": "DSAService",
    "Message": "DSAService.dll:7:DSAClientCore.Controllers.Computer.SettingsController|SetDsaDirectoryFallback|()|DsaDirectoryFallback changed."
  },
  {
    "TimeCreated": "2026-03-30 00:21:54",
    "Channel": "Application",
    "Level": "Information",
    "EventId": 0,
    "ProviderName": "DSAUpdateService",
    "Message": "Service started successfully."
  },
  {
    "TimeCreated": "2026-03-30 00:21:54",
    "Channel": "Application",
    "Level": "Information",
    "EventId": 0,
    "ProviderName": "DSAService",
    "Message": "Service started successfully."
  },
  {
    "TimeCreated": "2026-03-30 00:21:54",
    "Channel": "Application",
    "Level": "Information",
    "EventId": 5617,
    "ProviderName": "Microsoft-Windows-WMI",
    "Message": "Windows Management Instrumentation Service subsystems initialized successfully"
  },
  {
    "TimeCreated": "2026-03-30 00:21:53",
    "Channel": "Application",
    "Level": "Information",
    "EventId": 5615,
    "ProviderName": "Microsoft-Windows-WMI",
    "Message": "Windows Management Instrumentation Service started sucessfully"
  },
  {
    "TimeCreated": "2026-03-30 00:21:53",
    "Channel": "Application",
    "Level": "Information",
    "EventId": 1531,
    "ProviderName": "Microsoft-Windows-User Profiles Service",
    "Message": "The User Profile Service has started successfully.    "
  },
  {
    "TimeCreated": "2026-03-30 00:21:53",
    "Channel": "Application",
    "Level": "Information",
    "EventId": 4625,
    "ProviderName": "Microsoft-Windows-EventSystem",
    "Message": "The EventSystem sub system is suppressing duplicate event log entries for a duration of 86400 seconds.  The suppression timeout can be controlled by a REG_DWORD value named SuppressDuplicateDuration under the following registry key: HKLM\\Software\\Microsoft\\EventSystem\\EventLog."
  }
]
