  {
    "TimeCreated": "2026-03-30 14:21:41",
    "Channel": "System",
    "Level": "Warning",
    "EventId": 10016,
    "ProviderName": "Microsoft-Windows-DistributedCOM",
    "Message": "The application-specific permission settings do not grant Local Launch permission for the COM Server application with CLSID  Windows.SecurityCenter.WscCloudBackupProvider  and APPID  Unavailable  to the user DESKTOP-KN\\Owner SID (S-1-5-21-1775440496-1244785614-1751367727-1001) from address LocalHost (Using LRPC) running in the application container Unavailable SID (Unavailable). This security permission can be modified using the Component Services administrative tool."
  },
  {
    "TimeCreated": "2026-03-30 14:21:38",
    "Channel": "System",
    "Level": "Information",
    "EventId": 7040,
    "ProviderName": "Service Control Manager",
    "Message": "The start type of the Background Intelligent Transfer Service service was changed from demand start to auto start."
  },
  {
    "TimeCreated": "2026-03-30 14:21:34",
    "Channel": "System",
    "Level": "Warning",
    "EventId": 10016,
    "ProviderName": "Microsoft-Windows-DistributedCOM",
    "Message": "The application-specific permission settings do not grant Local Activation permission for the COM Server application with CLSID  {2593F8B9-4EAF-457C-B68A-50F6B8EA6B54}  and APPID  {15C20B67-12E7-4BB6-92BB-7AFF07997402}  to the user DESKTOP-KN\\Owner SID (S-1-5-21-1775440496-1244785614-1751367727-1001) from address LocalHost (Using LRPC) running in the application container Unavailable SID (Unavailable). This security permission can be modified using the Component Services administrative tool."
  },
  {
    "TimeCreated": "2026-03-30 14:21:31",
    "Channel": "System",
    "Level": "Information",
    "EventId": 7045,
    "ProviderName": "Service Control Manager",
    "Message": "A service was installed in the system.  Service Name:  NTIOLib_MysticLight Service File Name:  C:\\Program Files (x86)\\MSI\\One Dragon Center\\Mystic_Light\\Lib\\\\NTIOLib_X64.sys Service Type:  kernel mode driver Service Start Type:  demand start Service Account:  "
  },
  {
    "TimeCreated": "2026-03-30 14:21:30",
    "Channel": "System",
    "Level": "Information",
    "EventId": 7045,
    "ProviderName": "Service Control Manager",
    "Message": "A service was installed in the system.  Service Name:  NTIOLib_CC_COMM Service File Name:  C:\\Program Files (x86)\\MSI\\One Dragon Center\\Lib\\SYS\\NTIOLib_X64.sys Service Type:  kernel mode driver Service Start Type:  demand start Service Account:  "
  },
  {
    "TimeCreated": "2026-03-30 14:21:22",
    "Channel": "System",
    "Level": "Information",
    "EventId": 1,
    "ProviderName": "Microsoft-Windows-Configuration-Change-Monitor",
    "Message": ""
  },
  {
    "TimeCreated": "2026-03-30 14:21:22",
    "Channel": "System",
    "Level": "Information",
    "EventId": 1,
    "ProviderName": "Microsoft-Windows-Configuration-Change-Monitor",
    "Message": ""
  },
  {
    "TimeCreated": "2026-03-30 14:21:22",
    "Channel": "System",
    "Level": "Information",
    "EventId": 1,
    "ProviderName": "Microsoft-Windows-Configuration-Change-Monitor",
    "Message": ""
  },
  {
    "TimeCreated": "2026-03-30 14:21:20",
    "Channel": "System",
    "Level": "Information",
    "EventId": 6,
    "ProviderName": "Microsoft-Windows-FilterManager",
    "Message": "File System Filter 'gameflt' (10.0, ‎2045‎-‎02‎-‎25T18:07:50.000000000Z) has successfully loaded and registered with Filter Manager."
  },
  {
    "TimeCreated": "2026-03-30 14:21:20",
    "Channel": "System",
    "Level": "Warning",
    "EventId": 10016,
    "ProviderName": "Microsoft-Windows-DistributedCOM",
    "Message": "The application-specific permission settings do not grant Local Activation permission for the COM Server application with CLSID  {6B3B8D23-FA8D-40B9-8DBD-B950333E2C52}  and APPID  {4839DDB7-58C2-48F5-8283-E1D1807D0D7D}  to the user NT AUTHORITY\\LOCAL SERVICE SID (S-1-5-19) from address LocalHost (Using LRPC) running in the application container Unavailable SID (Unavailable). This security permission can be modified using the Component Services administrative tool."
  },
  {
    "TimeCreated": "2026-03-30 14:21:20",
    "Channel": "System",
    "Level": "Warning",
    "EventId": 10016,
    "ProviderName": "Microsoft-Windows-DistributedCOM",
    "Message": "The application-specific permission settings do not grant Local Activation permission for the COM Server application with CLSID  {6B3B8D23-FA8D-40B9-8DBD-B950333E2C52}  and APPID  {4839DDB7-58C2-48F5-8283-E1D1807D0D7D}  to the user NT AUTHORITY\\LOCAL SERVICE SID (S-1-5-19) from address LocalHost (Using LRPC) running in the application container Unavailable SID (Unavailable). This security permission can be modified using the Component Services administrative tool."
  },
  {
    "TimeCreated": "2026-03-30 14:21:20",
    "Channel": "System",
    "Level": "Information",
    "EventId": 10001,
    "ProviderName": "Microsoft-Windows-WLAN-AutoConfig",
    "Message": "WLAN Extensibility Module has successfully started.  Module Path: C:\\WINDOWS\\System32\\DriverStore\\FileRepository\\netwtw6e.inf_amd64_d488480304e1f365\\IntelIHVRouter14.dll "
  },
  {
    "TimeCreated": "2026-03-30 14:21:20",
    "Channel": "System",
    "Level": "Information",
    "EventId": 7026,
    "ProviderName": "Service Control Manager",
    "Message": "The following boot-start or system-start driver(s) did not load:  dam EneTechIo uiomap"
  },
  {
    "TimeCreated": "2026-03-30 14:21:20",
    "Channel": "System",
    "Level": "Information",
    "EventId": 4000,
    "ProviderName": "Microsoft-Windows-WLAN-AutoConfig",
    "Message": "WLAN AutoConfig service has successfully started. "
  },
  {
    "TimeCreated": "2026-03-30 14:21:19",
    "Channel": "System",
    "Level": "Information",
    "EventId": 113,
    "ProviderName": "Microsoft-Windows-HttpService",
    "Message": "Attempted to add URL (http://127.0.0.1:28385:127.0.0.1/intel/) to URL group (0xFE00000320000001). Status: 0x0. Process Id 0x125C Executable path \\Device\\HarddiskVolume3\\Program Files (x86)\\Intel\\Driver and Support Assistant\\x86\\DSAService.exe, User S-1-5-18"
  },
  {
    "TimeCreated": "2026-03-30 14:21:19",
    "Channel": "System",
    "Level": "Information",
    "EventId": 111,
    "ProviderName": "Microsoft-Windows-HttpService",
    "Message": "Create URL group 0xFE00000320000001. Status 0x0. Process Id 0x125C Executable path \\Device\\HarddiskVolume3\\Program Files (x86)\\Intel\\Driver and Support Assistant\\x86\\DSAService.exe, User S-1-5-18"
  },
  {
    "TimeCreated": "2026-03-30 14:21:19",
    "Channel": "System",
    "Level": "Information",
    "EventId": 113,
    "ProviderName": "Microsoft-Windows-HttpService",
    "Message": "Attempted to add URL (http://127.0.0.1:28390:127.0.0.1/) to URL group (0xFE00000A20000001). Status: 0x0. Process Id 0x125C Executable path \\Device\\HarddiskVolume3\\Program Files (x86)\\Intel\\Driver and Support Assistant\\x86\\DSAService.exe, User S-1-5-18"
  },
  {
    "TimeCreated": "2026-03-30 14:21:19",
    "Channel": "System",
    "Level": "Information",
    "EventId": 32,
    "ProviderName": "e1rexpress",
    "Message": "Intel(R) I211 Gigabit Network Connection  Network link has been established at 1Gbps full duplex. "
  },
  {
    "TimeCreated": "2026-03-30 14:21:19",
    "Channel": "System",
    "Level": "Information",
    "EventId": 111,
    "ProviderName": "Microsoft-Windows-HttpService",
    "Message": "Create URL group 0xFE00000A20000001. Status 0x0. Process Id 0x125C Executable path \\Device\\HarddiskVolume3\\Program Files (x86)\\Intel\\Driver and Support Assistant\\x86\\DSAService.exe, User S-1-5-18"
  },
  {
    "TimeCreated": "2026-03-30 14:21:18",
    "Channel": "System",
    "Level": "Information",
    "EventId": 113,
    "ProviderName": "Microsoft-Windows-HttpService",
    "Message": "Attempted to add URL (http://localhost:1462/) to URL group (0xFF00000F20000001). Status: 0x0. Process Id 0x1420 Executable path \\Device\\HarddiskVolume3\\Program Files (x86)\\MSI\\One Dragon Center\\Mystic_Light\\LightKeeperService.exe, User S-1-5-18"
  },
  {
    "TimeCreated": "2026-03-30 14:21:18",
    "Channel": "System",
    "Level": "Information",
    "EventId": 111,
    "ProviderName": "Microsoft-Windows-HttpService",
    "Message": "Create URL group 0xFF00000F20000001. Status 0x0. Process Id 0x1420 Executable path \\Device\\HarddiskVolume3\\Program Files (x86)\\MSI\\One Dragon Center\\Mystic_Light\\LightKeeperService.exe, User S-1-5-18"
  },
  {
    "TimeCreated": "2026-03-30 14:21:18",
    "Channel": "System",
    "Level": "Information",
    "EventId": 7001,
    "ProviderName": "Microsoft-Windows-Winlogon",
    "Message": "User Logon Notification for Customer Experience Improvement Program"
  },
  {
    "TimeCreated": "2026-03-30 14:21:18",
    "Channel": "System",
    "Level": "Information",
    "EventId": 113,
    "ProviderName": "Microsoft-Windows-HttpService",
    "Message": "Attempted to add URL (http://*:80/) to URL group (0xFE00000D20000001). Status: 0x0. Process Id 0x144C Executable path \\Device\\HarddiskVolume3\\Windows\\System32\\svchost.exe, User S-1-5-18"
  },
  {
    "TimeCreated": "2026-03-30 14:21:18",
    "Channel": "System",
    "Level": "Information",
    "EventId": 111,
    "ProviderName": "Microsoft-Windows-HttpService",
    "Message": "Create URL group 0xFE00000D20000001. Status 0x0. Process Id 0x144C Executable path \\Device\\HarddiskVolume3\\Windows\\System32\\svchost.exe, User S-1-5-18"
  },
  {
    "TimeCreated": "2026-03-30 14:21:17",
    "Channel": "System",
    "Level": "Information",
    "EventId": 12,
    "ProviderName": "Microsoft-Windows-UserModePowerService",
    "Message": "Process C:\\Windows\\System32\\DriverStore\\FileRepository\\u0198975.inf_amd64_cab3843582148687\\B025836\\atieclxx.exe (process ID:3196) reset policy scheme from {381b4222-f694-41f0-9685-ff5bb260df2e} to {381b4222-f694-41f0-9685-ff5bb260df2e}"
  },
  {
    "TimeCreated": "2026-03-30 14:21:17",
    "Channel": "System",
    "Level": "Information",
    "EventId": 112,
    "ProviderName": "Microsoft-Windows-HttpService",
    "Message": "Attempted to reserve URL https://+:443/sra_{BA195980-CD49-458b-9E23-C84EE0ADCD75}/. Status 0x0. Process Id 0x4 Executable path , User S-1-5-18"
  },
  {
    "TimeCreated": "2026-03-30 14:21:17",
    "Channel": "System",
    "Level": "Information",
    "EventId": 112,
    "ProviderName": "Microsoft-Windows-HttpService",
    "Message": "Attempted to reserve URL http://+:10246/MDEServer/. Status 0x0. Process Id 0x4 Executable path , User S-1-5-18"
  },
  {
    "TimeCreated": "2026-03-30 14:21:17",
    "Channel": "System",
    "Level": "Information",
    "EventId": 112,
    "ProviderName": "Microsoft-Windows-HttpService",
    "Message": "Attempted to reserve URL https://+:3392/rdp/. Status 0x0. Process Id 0x4 Executable path , User S-1-5-18"
  },
  {
    "TimeCreated": "2026-03-30 14:21:17",
    "Channel": "System",
    "Level": "Information",
    "EventId": 112,
    "ProviderName": "Microsoft-Windows-HttpService",
    "Message": "Attempted to reserve URL http://+:10247/apps/. Status 0x0. Process Id 0x4 Executable path , User S-1-5-18"
  },
  {
    "TimeCreated": "2026-03-30 14:21:17",
    "Channel": "System",
    "Level": "Information",
    "EventId": 112,
    "ProviderName": "Microsoft-Windows-HttpService",
    "Message": "Attempted to reserve URL http://+:10243/WMPNSSv4/. Status 0x0. Process Id 0x4 Executable path , User S-1-5-18"
  },
  {
    "TimeCreated": "2026-03-30 14:21:17",
    "Channel": "System",
    "Level": "Information",
    "EventId": 112,
    "ProviderName": "Microsoft-Windows-HttpService",
    "Message": "Attempted to reserve URL https://+:10245/WMPNSSv4/. Status 0x0. Process Id 0x4 Executable path , User S-1-5-18"
  },
  {
    "TimeCreated": "2026-03-30 14:21:17",
    "Channel": "System",
    "Level": "Information",
    "EventId": 112,
    "ProviderName": "Microsoft-Windows-HttpService",
    "Message": "Attempted to reserve URL http://+:5985/wsman/. Status 0x0. Process Id 0x4 Executable path , User S-1-5-18"
  },
  {
    "TimeCreated": "2026-03-30 14:21:17",
    "Channel": "System",
    "Level": "Information",
    "EventId": 112,
    "ProviderName": "Microsoft-Windows-HttpService",
    "Message": "Attempted to reserve URL http://+:47001/wsman/. Status 0x0. Process Id 0x4 Executable path , User S-1-5-18"
  },
  {
    "TimeCreated": "2026-03-30 14:21:17",
    "Channel": "System",
    "Level": "Information",
    "EventId": 112,
    "ProviderName": "Microsoft-Windows-HttpService",
    "Message": "Attempted to reserve URL https://+:5986/wsman/. Status 0x0. Process Id 0x4 Executable path , User S-1-5-18"
  },
  {
    "TimeCreated": "2026-03-30 14:21:17",
    "Channel": "System",
    "Level": "Information",
    "EventId": 112,
    "ProviderName": "Microsoft-Windows-HttpService",
    "Message": "Attempted to reserve URL http://*:2869/. Status 0x0. Process Id 0x4 Executable path , User S-1-5-18"
  },
  {
    "TimeCreated": "2026-03-30 14:21:17",
    "Channel": "System",
    "Level": "Information",
    "EventId": 112,
    "ProviderName": "Microsoft-Windows-HttpService",
    "Message": "Attempted to reserve URL https://*:5358/. Status 0x0. Process Id 0x4 Executable path , User S-1-5-18"
  },
  {
    "TimeCreated": "2026-03-30 14:21:17",
    "Channel": "System",
    "Level": "Information",
    "EventId": 112,
    "ProviderName": "Microsoft-Windows-HttpService",
    "Message": "Attempted to reserve URL http://+:80/Temporary_Listen_Addresses/. Status 0x0. Process Id 0x4 Executable path , User S-1-5-18"
  },
  {
    "TimeCreated": "2026-03-30 14:21:17",
    "Channel": "System",
    "Level": "Information",
    "EventId": 112,
    "ProviderName": "Microsoft-Windows-HttpService",
    "Message": "Attempted to reserve URL http://*:5357/. Status 0x0. Process Id 0x4 Executable path , User S-1-5-18"
  },
  {
    "TimeCreated": "2026-03-30 14:21:17",
    "Channel": "System",
    "Level": "Information",
    "EventId": 51046,
    "ProviderName": "Microsoft-Windows-DHCPv6-Client",
    "Message": "DHCPv6 client service is started"
  },
  {
    "TimeCreated": "2026-03-30 14:21:17",
    "Channel": "System",
    "Level": "Information",
    "EventId": 50036,
    "ProviderName": "Microsoft-Windows-Dhcp-Client",
    "Message": "DHCPv4 client service is started"
  },
  {
    "TimeCreated": "2026-03-30 14:21:17",
    "Channel": "System",
    "Level": "Information",
    "EventId": 50103,
    "ProviderName": "Microsoft-Windows-Dhcp-Client",
    "Message": "DHCPv4 client registered for shutdown notification"
  },
  {
    "TimeCreated": "2026-03-30 14:21:17",
    "Channel": "System",
    "Level": "Information",
    "EventId": 50036,
    "ProviderName": "Microsoft-Windows-Dhcp-Client",
    "Message": "DHCPv4 client service is started"
  },
  {
    "TimeCreated": "2026-03-30 14:21:17",
    "Channel": "System",
    "Level": "Information",
    "EventId": 277,
    "ProviderName": "Microsoft-Windows-Hyper-V-VmSwitch",
    "Message": "vmswitch.sys build 26100.amd64.ge_release_svc_prod1, debug false, official true, 1 1"
  },
  {
    "TimeCreated": "2026-03-30 14:21:17",
    "Channel": "System",
    "Level": "Information",
    "EventId": 5211,
    "ProviderName": "Microsoft-Windows-WAS",
    "Message": "The Windows Process Activation Service (WAS) started with 'Classic' mode using 'ConfigurationSystem'"
  },
  {
    "TimeCreated": "2026-03-30 14:21:17",
    "Channel": "System",
    "Level": "Information",
    "EventId": 6,
    "ProviderName": "Microsoft-Windows-FilterManager",
    "Message": "File System Filter 'bindflt' (10.0, ‎2081‎-‎10‎-‎17T16:34:26.000000000Z) has successfully loaded and registered with Filter Manager."
  },
  {
    "TimeCreated": "2026-03-30 14:21:17",
    "Channel": "System",
    "Level": "Information",
    "EventId": 6,
    "ProviderName": "Microsoft-Windows-FilterManager",
    "Message": "File System Filter 'storqosflt' (10.0, ‎2016‎-‎04‎-‎28T17:00:23.000000000Z) has successfully loaded and registered with Filter Manager."
  },
  {
    "TimeCreated": "2026-03-30 14:21:17",
    "Channel": "System",
    "Level": "Information",
    "EventId": 6,
    "ProviderName": "Microsoft-Windows-FilterManager",
    "Message": "File System Filter 'UnionFS' (10.0, ‎2017‎-‎11‎-‎03T00:31:51.000000000Z) has successfully loaded and registered with Filter Manager."
  },
  {
    "TimeCreated": "2026-03-30 14:21:17",
    "Channel": "System",
    "Level": "Information",
    "EventId": 6,
    "ProviderName": "Microsoft-Windows-FilterManager",
    "Message": "File System Filter 'CldFlt' (10.0, ‎1991‎-‎05‎-‎02T15:16:55.000000000Z) has successfully loaded and registered with Filter Manager."
  },
  {
    "TimeCreated": "2026-03-30 14:21:17",
    "Channel": "System",
    "Level": "Information",
    "EventId": 1,
    "ProviderName": "Microsoft-Windows-FilterManager",
    "Message": "File System Filter 'CldFlt' (Version 10.0, ‎1991‎-‎05‎-‎02T15:16:55.000000000Z) unloaded successfully."
  },
  {
    "TimeCreated": "2026-03-30 14:21:17",
    "Channel": "System",
    "Level": "Information",
    "EventId": 6,
    "ProviderName": "Microsoft-Windows-FilterManager",
    "Message": "File System Filter 'CldFlt' (10.0, ‎1991‎-‎05‎-‎02T15:16:55.000000000Z) has successfully loaded and registered with Filter Manager."
  },
  {
    "TimeCreated": "2026-03-30 14:21:17",
    "Channel": "System",
    "Level": "Information",
    "EventId": 6,
    "ProviderName": "Microsoft-Windows-FilterManager",
    "Message": "File System Filter 'luafv' (10.0, ‎2057‎-‎06‎-‎14T08:55:30.000000000Z) has successfully loaded and registered with Filter Manager."
  },
  {
    "TimeCreated": "2026-03-30 14:21:17",
    "Channel": "System",
    "Level": "Information",
    "EventId": 6,
    "ProviderName": "Microsoft-Windows-FilterManager",
    "Message": "File System Filter 'wcifs' (10.0, ‎1985‎-‎11‎-‎26T09:47:21.000000000Z) has successfully loaded and registered with Filter Manager."
  },
  {
    "TimeCreated": "2026-03-30 14:21:17",
    "Channel": "System",
    "Level": "Information",
    "EventId": 6,
    "ProviderName": "Microsoft-Windows-FilterManager",
    "Message": "File System Filter 'bfs' (10.0, ‎2086‎-‎03‎-‎20T06:03:22.000000000Z) has successfully loaded and registered with Filter Manager."
  },
  {
    "TimeCreated": "2026-03-30 14:21:17",
    "Channel": "System",
    "Level": "Information",
    "EventId": 16983,
    "ProviderName": "Microsoft-Windows-Directory-Services-SAM",
    "Message": "The security account manager is now logging periodic summary events for remote clients that call legacy password change or set RPC methods.  For more information please see https://go.microsoft.com/fwlink/?linkid=2150956. "
  },
  {
    "TimeCreated": "2026-03-30 14:21:17",
    "Channel": "System",
    "Level": "Information",
    "EventId": 16977,
    "ProviderName": "Microsoft-Windows-Directory-Services-SAM",
    "Message": "The domain is configured with the following minimum password length-related settings.  MinimumPasswordLength: 0  RelaxMinimumPasswordLengthLimits: 0  MinimumPasswordLengthAudit: -1  For more information see https://go.microsoft.com/fwlink/?LinkId=2097191. "
  },
  {
    "TimeCreated": "2026-03-30 14:21:17",
    "Channel": "System",
    "Level": "Information",
    "EventId": 16962,
    "ProviderName": "Microsoft-Windows-Directory-Services-SAM",
    "Message": "Remote calls to the SAM database are being restricted using the default security descriptor: O:SYG:SYD:(A;;RC;;;BA). For more information please see http://go.microsoft.com/fwlink/?LinkId=787651."
  },
  {
    "TimeCreated": "2026-03-30 14:21:16",
    "Channel": "System",
    "Level": "Information",
    "EventId": 5,
    "ProviderName": "Microsoft-Windows-IsolatedUserMode",
    "Message": "Secure Trustlet NULL Id 0 and Pid 0 started with status STATUS_SUCCESS."
  },
  {
    "TimeCreated": "2026-03-30 14:21:16",
    "Channel": "System",
    "Level": "Information",
    "EventId": 6156,
    "ProviderName": "LsaSrv",
    "Message": "Credential Guard auto enablement status.  Hardware Requirements for Virtualization Based Security:\t1 Domain Joined:\t0 Azure AD Joined:\t0  Licensed for Credential Guard:\t0 Domain Controller:\t0"
  },
  {
    "TimeCreated": "2026-03-30 14:21:16",
    "Channel": "System",
    "Level": "Information",
    "EventId": 12,
    "ProviderName": "Microsoft-Windows-Wininit",
    "Message": "LSASS.exe was started as a protected process with level: 4."
  },
  {
    "TimeCreated": "2026-03-30 14:21:16",
    "Channel": "System",
    "Level": "Information",
    "EventId": 18,
    "ProviderName": "Microsoft-Windows-Wininit",
    "Message": "VBS Key Isolation was started and will protect VSM-isolated keys."
  },
  {
    "TimeCreated": "2026-03-30 14:21:16",
    "Channel": "System",
    "Level": "Information",
    "EventId": 1,
    "ProviderName": "Microsoft-Windows-IsolatedUserMode",
    "Message": "Secure Trustlet \\??\\C:\\WINDOWS\\system32\\lsaiso.exe Id 1 and Pid 1572 started with status STATUS_SUCCESS."
  },
  {
    "TimeCreated": "2026-03-30 14:21:16",
    "Channel": "System",
    "Level": "Information",
    "EventId": 5,
    "ProviderName": "Microsoft-Windows-IsolatedUserMode",
    "Message": "Secure Trustlet NULL Id 0 and Pid 0 started with status STATUS_SUCCESS."
  },
  {
    "TimeCreated": "2026-03-30 14:21:16",
    "Channel": "System",
    "Level": "Information",
    "EventId": 14,
    "ProviderName": "Microsoft-Windows-Wininit",
    "Message": "Credential Guard configuration:  Registry Configuration: 0x0 Test Configuration: 0 Auto Enablement: 0"
  },
  {
    "TimeCreated": "2026-03-30 14:21:16",
    "Channel": "System",
    "Level": "Information",
    "EventId": 23,
    "ProviderName": "Microsoft-Windows-Wininit",
    "Message": "Boot App Anti-Rollback: Initialize Completed with status: HRESULT: The operation completed successfully. New timer needed: false New timer waiting for system update completion: false Previous latch timer exists but disabled by registry: false "
  },
  {
    "TimeCreated": "2026-03-30 14:21:16",
    "Channel": "System",
    "Level": "Information",
    "EventId": 25,
    "ProviderName": "Microsoft-Windows-Wininit",
    "Message": "Boot App Anti-Rollback: Previous timer resumed with status:  HRESULT: The operation completed successfully. Previous timer present: true Start time: ‎2026‎-‎02‎-‎11T23:58:58.848404600Z Grace period: 51840000000000 Attempted recovery enforcement succeeded: false "
  },
  {
    "TimeCreated": "2026-03-30 14:21:16",
    "Channel": "System",
    "Level": "Information",
    "EventId": 24,
    "ProviderName": "Microsoft-Windows-Wininit",
    "Message": "Boot App Anti-Rollback: Timer start completed with status:  Win32Error: 0 Start time: ‎2026‎-‎02‎-‎11T23:58:58.848404600Z Grace period: 51840000000000 Due time: ‎2026‎-‎04‎-‎12T23:58:58.848404600Z "
  },
  {
    "TimeCreated": "2026-03-30 14:21:16",
    "Channel": "System",
    "Level": "Information",
    "EventId": 19,
    "ProviderName": "Microsoft-Windows-Wininit",
    "Message": "Virtualization Based Security new timer creation status  HRESULT: The operation completed successfully. New latch timer needed: false New latch timer waiting for system update completion: false Previous latch timer exists but disabled by registry: false Policy file exists: false "
  },
  {
    "TimeCreated": "2026-03-30 14:21:15",
    "Channel": "System",
    "Level": "Warning",
    "EventId": 27,
    "ProviderName": "e1rexpress",
    "Message": "Intel(R) I211 Gigabit Network Connection  Network link is disconnected. "
  },
  {
    "TimeCreated": "2026-03-30 14:21:14",
    "Channel": "System",
    "Level": "Warning",
    "EventId": 219,
    "ProviderName": "Microsoft-Windows-Kernel-PnP",
    "Message": "The driver \\Driver\\WUDFRd failed to load. Device: HID\\VID_0951&PID_16DF&MI_03&Col02\\8&2c632188&0&0001 Status: 0xC0000365"
  },
  {
    "TimeCreated": "2026-03-30 14:21:14",
    "Channel": "System",
    "Level": "Information",
    "EventId": 10118,
    "ProviderName": "Microsoft-Windows-DriverFrameworks-UserMode",
    "Message": "UMDF reflector is unable to connect to service control manager (SCM). This is expected during boot, when SCM has not started yet. Will retry when it starts."
  },
  {
    "TimeCreated": "2026-03-30 14:21:14",
    "Channel": "System",
    "Level": "Warning",
    "EventId": 6,
    "ProviderName": "BTHUSB",
    "Message": "Only one active Bluetooth adapter is supported at a time."
  },
  {
    "TimeCreated": "2026-03-30 14:21:14",
    "Channel": "System",
    "Level": "Information",
    "EventId": 18,
    "ProviderName": "BTHUSB",
    "Message": "Windows cannot store Bluetooth authentication codes (link keys) on the local adapter. Bluetooth keyboards might not work in the system BIOS during startup."
  },
  {
    "TimeCreated": "2026-03-30 14:21:13",
    "Channel": "System",
    "Level": "Information",
    "EventId": 7018,
    "ProviderName": "Netwtw14",
    "Message": ""
  },
  {
    "TimeCreated": "2026-03-30 14:21:13",
    "Channel": "System",
    "Level": "Information",
    "EventId": 7017,
    "ProviderName": "Netwtw14",
    "Message": ""
  },
  {
    "TimeCreated": "2026-03-30 14:21:13",
    "Channel": "System",
    "Level": "Information",
    "EventId": 7010,
    "ProviderName": "Netwtw14",
    "Message": ""
  },
  {
    "TimeCreated": "2026-03-30 14:21:13",
    "Channel": "System",
    "Level": "Information",
    "EventId": 7005,
    "ProviderName": "Netwtw14",
    "Message": ""
  },
  {
    "TimeCreated": "2026-03-30 14:21:13",
    "Channel": "System",
    "Level": "Information",
    "EventId": 7027,
    "ProviderName": "Netwtw14",
    "Message": ""
  },
  {
    "TimeCreated": "2026-03-30 14:21:13",
    "Channel": "System",
    "Level": "Information",
    "EventId": 7029,
    "ProviderName": "Netwtw14",
    "Message": ""
  },
  {
    "TimeCreated": "2026-03-30 14:21:13",
    "Channel": "System",
    "Level": "Information",
    "EventId": 7036,
    "ProviderName": "Netwtw14",
    "Message": "The \\Device\\NDMP1 service entered the Intel(R) Wi-Fi 6E AX210 160MHz #2 state."
  },
  {
    "TimeCreated": "2026-03-30 14:21:13",
    "Channel": "System",
    "Level": "Information",
    "EventId": 55,
    "ProviderName": "Microsoft-Windows-Kernel-Processor-Power",
    "Message": "Processor 23 in group 0 exposes the following power management capabilities:  Idle state type: ACPI Idle (C) States (2 state(s))  Performance state type: ACPI Collaborative Processor Performance Control Nominal Frequency (MHz): 3701 Maximum performance percentage: 137 Minimum performance percentage: 59 Minimum throttle percentage: 15"
  },
  {
    "TimeCreated": "2026-03-30 14:21:13",
    "Channel": "System",
    "Level": "Information",
    "EventId": 55,
    "ProviderName": "Microsoft-Windows-Kernel-Processor-Power",
    "Message": "Processor 22 in group 0 exposes the following power management capabilities:  Idle state type: ACPI Idle (C) States (2 state(s))  Performance state type: ACPI Collaborative Processor Performance Control Nominal Frequency (MHz): 3701 Maximum performance percentage: 137 Minimum performance percentage: 59 Minimum throttle percentage: 15"
  },
  {
    "TimeCreated": "2026-03-30 14:21:13",
    "Channel": "System",
    "Level": "Information",
    "EventId": 55,
    "ProviderName": "Microsoft-Windows-Kernel-Processor-Power",
    "Message": "Processor 21 in group 0 exposes the following power management capabilities:  Idle state type: ACPI Idle (C) States (2 state(s))  Performance state type: ACPI Collaborative Processor Performance Control Nominal Frequency (MHz): 3701 Maximum performance percentage: 150 Minimum performance percentage: 59 Minimum throttle percentage: 15"
  },
  {
    "TimeCreated": "2026-03-30 14:21:13",
    "Channel": "System",
    "Level": "Information",
    "EventId": 55,
    "ProviderName": "Microsoft-Windows-Kernel-Processor-Power",
    "Message": "Processor 20 in group 0 exposes the following power management capabilities:  Idle state type: ACPI Idle (C) States (2 state(s))  Performance state type: ACPI Collaborative Processor Performance Control Nominal Frequency (MHz): 3701 Maximum performance percentage: 150 Minimum performance percentage: 59 Minimum throttle percentage: 15"
  },
  {
    "TimeCreated": "2026-03-30 14:21:13",
    "Channel": "System",
    "Level": "Information",
    "EventId": 55,
    "ProviderName": "Microsoft-Windows-Kernel-Processor-Power",
    "Message": "Processor 19 in group 0 exposes the following power management capabilities:  Idle state type: ACPI Idle (C) States (2 state(s))  Performance state type: ACPI Collaborative Processor Performance Control Nominal Frequency (MHz): 3701 Maximum performance percentage: 141 Minimum performance percentage: 59 Minimum throttle percentage: 15"
  },
  {
    "TimeCreated": "2026-03-30 14:21:13",
    "Channel": "System",
    "Level": "Information",
    "EventId": 55,
    "ProviderName": "Microsoft-Windows-Kernel-Processor-Power",
    "Message": "Processor 18 in group 0 exposes the following power management capabilities:  Idle state type: ACPI Idle (C) States (2 state(s))  Performance state type: ACPI Collaborative Processor Performance Control Nominal Frequency (MHz): 3701 Maximum performance percentage: 141 Minimum performance percentage: 59 Minimum throttle percentage: 15"
  },
  {
    "TimeCreated": "2026-03-30 14:21:13",
    "Channel": "System",
    "Level": "Information",
    "EventId": 55,
    "ProviderName": "Microsoft-Windows-Kernel-Processor-Power",
    "Message": "Processor 17 in group 0 exposes the following power management capabilities:  Idle state type: ACPI Idle (C) States (2 state(s))  Performance state type: ACPI Collaborative Processor Performance Control Nominal Frequency (MHz): 3701 Maximum performance percentage: 154 Minimum performance percentage: 59 Minimum throttle percentage: 15"
  },
  {
    "TimeCreated": "2026-03-30 14:21:13",
    "Channel": "System",
    "Level": "Information",
    "EventId": 55,
    "ProviderName": "Microsoft-Windows-Kernel-Processor-Power",
    "Message": "Processor 16 in group 0 exposes the following power management capabilities:  Idle state type: ACPI Idle (C) States (2 state(s))  Performance state type: ACPI Collaborative Processor Performance Control Nominal Frequency (MHz): 3701 Maximum performance percentage: 154 Minimum performance percentage: 59 Minimum throttle percentage: 15"
  },
  {
    "TimeCreated": "2026-03-30 14:21:13",
    "Channel": "System",
    "Level": "Information",
    "EventId": 55,
    "ProviderName": "Microsoft-Windows-Kernel-Processor-Power",
    "Message": "Processor 15 in group 0 exposes the following power management capabilities:  Idle state type: ACPI Idle (C) States (2 state(s))  Performance state type: ACPI Collaborative Processor Performance Control Nominal Frequency (MHz): 3701 Maximum performance percentage: 133 Minimum performance percentage: 59 Minimum throttle percentage: 15"
  },
  {
    "TimeCreated": "2026-03-30 14:21:13",
    "Channel": "System",
    "Level": "Information",
    "EventId": 55,
    "ProviderName": "Microsoft-Windows-Kernel-Processor-Power",
    "Message": "Processor 14 in group 0 exposes the following power management capabilities:  Idle state type: ACPI Idle (C) States (2 state(s))  Performance state type: ACPI Collaborative Processor Performance Control Nominal Frequency (MHz): 3701 Maximum performance percentage: 133 Minimum performance percentage: 59 Minimum throttle percentage: 15"
  },
  {
    "TimeCreated": "2026-03-30 14:21:13",
    "Channel": "System",
    "Level": "Information",
    "EventId": 55,
    "ProviderName": "Microsoft-Windows-Kernel-Processor-Power",
    "Message": "Processor 13 in group 0 exposes the following power management capabilities:  Idle state type: ACPI Idle (C) States (2 state(s))  Performance state type: ACPI Collaborative Processor Performance Control Nominal Frequency (MHz): 3701 Maximum performance percentage: 145 Minimum performance percentage: 59 Minimum throttle percentage: 15"
  },
  {
    "TimeCreated": "2026-03-30 14:21:13",
    "Channel": "System",
    "Level": "Information",
    "EventId": 55,
    "ProviderName": "Microsoft-Windows-Kernel-Processor-Power",
    "Message": "Processor 12 in group 0 exposes the following power management capabilities:  Idle state type: ACPI Idle (C) States (2 state(s))  Performance state type: ACPI Collaborative Processor Performance Control Nominal Frequency (MHz): 3701 Maximum performance percentage: 145 Minimum performance percentage: 59 Minimum throttle percentage: 15"
  },
  {
    "TimeCreated": "2026-03-30 14:21:13",
    "Channel": "System",
    "Level": "Information",
    "EventId": 55,
    "ProviderName": "Microsoft-Windows-Kernel-Processor-Power",
    "Message": "Processor 11 in group 0 exposes the following power management capabilities:  Idle state type: ACPI Idle (C) States (2 state(s))  Performance state type: ACPI Collaborative Processor Performance Control Nominal Frequency (MHz): 3701 Maximum performance percentage: 158 Minimum performance percentage: 59 Minimum throttle percentage: 15"
  },
  {
    "TimeCreated": "2026-03-30 14:21:13",
    "Channel": "System",
    "Level": "Information",
    "EventId": 55,
    "ProviderName": "Microsoft-Windows-Kernel-Processor-Power",
    "Message": "Processor 10 in group 0 exposes the following power management capabilities:  Idle state type: ACPI Idle (C) States (2 state(s))  Performance state type: ACPI Collaborative Processor Performance Control Nominal Frequency (MHz): 3701 Maximum performance percentage: 158 Minimum performance percentage: 59 Minimum throttle percentage: 15"
  },
  {
    "TimeCreated": "2026-03-30 14:21:13",
    "Channel": "System",
    "Level": "Information",
    "EventId": 55,
    "ProviderName": "Microsoft-Windows-Kernel-Processor-Power",
    "Message": "Processor 9 in group 0 exposes the following power management capabilities:  Idle state type: ACPI Idle (C) States (2 state(s))  Performance state type: ACPI Collaborative Processor Performance Control Nominal Frequency (MHz): 3701 Maximum performance percentage: 166 Minimum performance percentage: 59 Minimum throttle percentage: 15"
  },
  {
    "TimeCreated": "2026-03-30 14:21:13",
    "Channel": "System",
    "Level": "Information",
    "EventId": 55,
    "ProviderName": "Microsoft-Windows-Kernel-Processor-Power",
    "Message": "Processor 8 in group 0 exposes the following power management capabilities:  Idle state type: ACPI Idle (C) States (2 state(s))  Performance state type: ACPI Collaborative Processor Performance Control Nominal Frequency (MHz): 3701 Maximum performance percentage: 166 Minimum performance percentage: 59 Minimum throttle percentage: 15"
  },
  {
    "TimeCreated": "2026-03-30 14:21:13",
    "Channel": "System",
    "Level": "Information",
    "EventId": 55,
    "ProviderName": "Microsoft-Windows-Kernel-Processor-Power",
    "Message": "Processor 7 in group 0 exposes the following power management capabilities:  Idle state type: ACPI Idle (C) States (2 state(s))  Performance state type: ACPI Collaborative Processor Performance Control Nominal Frequency (MHz): 3701 Maximum performance percentage: 162 Minimum performance percentage: 59 Minimum throttle percentage: 15"
  },
  {
    "TimeCreated": "2026-03-30 14:21:13",
    "Channel": "System",
    "Level": "Information",
    "EventId": 55,
    "ProviderName": "Microsoft-Windows-Kernel-Processor-Power",
    "Message": "Processor 6 in group 0 exposes the following power management capabilities:  Idle state type: ACPI Idle (C) States (2 state(s))  Performance state type: ACPI Collaborative Processor Performance Control Nominal Frequency (MHz): 3701 Maximum performance percentage: 162 Minimum performance percentage: 59 Minimum throttle percentage: 15"
  },
  {
    "TimeCreated": "2026-03-30 14:21:13",
    "Channel": "System",
    "Level": "Information",
    "EventId": 55,
    "ProviderName": "Microsoft-Windows-Kernel-Processor-Power",
    "Message": "Processor 5 in group 0 exposes the following power management capabilities:  Idle state type: ACPI Idle (C) States (2 state(s))  Performance state type: ACPI Collaborative Processor Performance Control Nominal Frequency (MHz): 3701 Maximum performance percentage: 174 Minimum performance percentage: 59 Minimum throttle percentage: 15"
  },
  {
    "TimeCreated": "2026-03-30 14:21:13",
    "Channel": "System",
    "Level": "Information",
    "EventId": 55,
    "ProviderName": "Microsoft-Windows-Kernel-Processor-Power",
    "Message": "Processor 4 in group 0 exposes the following power management capabilities:  Idle state type: ACPI Idle (C) States (2 state(s))  Performance state type: ACPI Collaborative Processor Performance Control Nominal Frequency (MHz): 3701 Maximum performance percentage: 174 Minimum performance percentage: 59 Minimum throttle percentage: 15"
  },
  {
    "TimeCreated": "2026-03-30 14:21:12",
    "Channel": "System",
    "Level": "Information",
    "EventId": 55,
    "ProviderName": "Microsoft-Windows-Kernel-Processor-Power",
    "Message": "Processor 3 in group 0 exposes the following power management capabilities:  Idle state type: ACPI Idle (C) States (2 state(s))  Performance state type: ACPI Collaborative Processor Performance Control Nominal Frequency (MHz): 3701 Maximum performance percentage: 174 Minimum performance percentage: 59 Minimum throttle percentage: 15"
  },
  {
    "TimeCreated": "2026-03-30 14:21:12",
    "Channel": "System",
    "Level": "Information",
    "EventId": 55,
    "ProviderName": "Microsoft-Windows-Kernel-Processor-Power",
    "Message": "Processor 2 in group 0 exposes the following power management capabilities:  Idle state type: ACPI Idle (C) States (2 state(s))  Performance state type: ACPI Collaborative Processor Performance Control Nominal Frequency (MHz): 3701 Maximum performance percentage: 174 Minimum performance percentage: 59 Minimum throttle percentage: 15"
  },
  {
    "TimeCreated": "2026-03-30 14:21:12",
    "Channel": "System",
    "Level": "Information",
    "EventId": 55,
    "ProviderName": "Microsoft-Windows-Kernel-Processor-Power",
    "Message": "Processor 1 in group 0 exposes the following power management capabilities:  Idle state type: ACPI Idle (C) States (2 state(s))  Performance state type: ACPI Collaborative Processor Performance Control Nominal Frequency (MHz): 3701 Maximum performance percentage: 170 Minimum performance percentage: 59 Minimum throttle percentage: 15"
  },
  {
    "TimeCreated": "2026-03-30 14:21:12",
    "Channel": "System",
    "Level": "Information",
    "EventId": 55,
    "ProviderName": "Microsoft-Windows-Kernel-Processor-Power",
    "Message": "Processor 0 in group 0 exposes the following power management capabilities:  Idle state type: ACPI Idle (C) States (2 state(s))  Performance state type: ACPI Collaborative Processor Performance Control Nominal Frequency (MHz): 3701 Maximum performance percentage: 170 Minimum performance percentage: 59 Minimum throttle percentage: 15"
  },
  {
    "TimeCreated": "2026-03-30 14:21:12",
    "Channel": "System",
    "Level": "Information",
    "EventId": 24,
    "ProviderName": "Microsoft-Windows-Kernel-General",
    "Message": "The time zone information was refreshed with exit reason 0. Current time zone bias is 300."
  },
  {
    "TimeCreated": "2026-03-30 14:21:12",
    "Channel": "System",
    "Level": "Information",
    "EventId": 98,
    "ProviderName": "Microsoft-Windows-Ntfs",
    "Message": "Volume \\\\?\\Volume{dd369f6e-a7cb-439e-ade2-7a8ecac22c7f} (\\Device\\HarddiskVolume4) is healthy.  No action is needed."
  },
  {
    "TimeCreated": "2026-03-30 14:21:11",
    "Channel": "System",
    "Level": "Information",
    "EventId": 98,
    "ProviderName": "Microsoft-Windows-Ntfs",
    "Message": "Volume D: (\\Device\\HarddiskVolume7) is healthy.  No action is needed."
  },
  {
    "TimeCreated": "2026-03-30 14:21:11",
    "Channel": "System",
    "Level": "Information",
    "EventId": 172,
    "ProviderName": "Microsoft-Windows-Kernel-Power",
    "Message": "Connectivity state in standby: Disconnected, Reason: NIC compliance"
  },
  {
    "TimeCreated": "2026-03-30 14:21:11",
    "Channel": "System",
    "Level": "Information",
    "EventId": 26,
    "ProviderName": "Application Popup",
    "Message": ""
  },
  {
    "TimeCreated": "2026-03-30 14:21:11",
    "Channel": "System",
    "Level": "Information",
    "EventId": 6,
    "ProviderName": "Microsoft-Windows-FilterManager",
    "Message": "File System Filter 'npsvctrig' (10.0, ‎1978‎-‎05‎-‎14T04:13:30.000000000Z) has successfully loaded and registered with Filter Manager."
  },
  {
    "TimeCreated": "2026-03-30 14:21:11",
    "Channel": "System",
    "Level": "Information",
    "EventId": 7036,
    "ProviderName": "VfpExt",
    "Message": "The  service entered the Driver load complete state."
  },
  {
    "TimeCreated": "2026-03-30 14:21:11",
    "Channel": "System",
    "Level": "Information",
    "EventId": 7036,
    "ProviderName": "VfpExt",
    "Message": "The  service entered the Driver load start state."
  },
  {
    "TimeCreated": "2026-03-30 14:21:11",
    "Channel": "System",
    "Level": "Information",
    "EventId": 6,
    "ProviderName": "Microsoft-Windows-FilterManager",
    "Message": "File System Filter 'UCPD' (10.0, ‎2061‎-‎11‎-‎20T02:48:12.000000000Z) has successfully loaded and registered with Filter Manager."
  },
  {
    "TimeCreated": "2026-03-30 14:21:11",
    "Channel": "System",
    "Level": "Information",
    "EventId": 6,
    "ProviderName": "Microsoft-Windows-FilterManager",
    "Message": "File System Filter 'FileCrypt' (10.0, ‎2075‎-‎08‎-‎31T17:07:07.000000000Z) has successfully loaded and registered with Filter Manager."
  },
  {
    "TimeCreated": "2026-03-30 14:21:11",
    "Channel": "System",
    "Level": "Information",
    "EventId": 98,
    "ProviderName": "Microsoft-Windows-Ntfs",
    "Message": "Volume C: (\\Device\\HarddiskVolume3) is healthy.  No action is needed."
  },
  {
    "TimeCreated": "2026-03-30 14:21:10",
    "Channel": "System",
    "Level": "Information",
    "EventId": 6,
    "ProviderName": "Microsoft-Windows-FilterManager",
    "Message": "File System Filter 'WdFilter' (10.0, ‎2052‎-‎04‎-‎01T05:08:29.000000000Z) has successfully loaded and registered with Filter Manager."
  },
  {
    "TimeCreated": "2026-03-30 14:21:10",
    "Channel": "System",
    "Level": "Information",
    "EventId": 6,
    "ProviderName": "Microsoft-Windows-FilterManager",
    "Message": "File System Filter 'Wof' (10.0, ‎2089‎-‎07‎-‎14T21:58:05.000000000Z) has successfully loaded and registered with Filter Manager."
  },
  {
    "TimeCreated": "2026-03-30 14:21:10",
    "Channel": "System",
    "Level": "Information",
    "EventId": 6,
    "ProviderName": "Microsoft-Windows-FilterManager",
    "Message": "File System Filter 'FileInfo' (10.0, ‎2093‎-‎04‎-‎01T20:29:43.000000000Z) has successfully loaded and registered with Filter Manager."
  },
  {
    "TimeCreated": "2026-03-30 14:21:09",
    "Channel": "System",
    "Level": "Information",
    "EventId": 16,
    "ProviderName": "Microsoft-Windows-HAL",
    "Message": "IOMMU fault reporting has been initialized."
  },
  {
    "TimeCreated": "2026-03-30 14:21:09",
    "Channel": "System",
    "Level": "Information",
    "EventId": 20,
    "ProviderName": "Microsoft-Windows-Kernel-General",
    "Message": "The leap second configuration has been updated. Reason: Leap second data initialized from registry during boot Leap seconds enabled: true New leap second count: 0 Old leap second count: 0"
  },
  {
    "TimeCreated": "2026-03-30 14:21:09",
    "Channel": "System",
    "Level": "Information",
    "EventId": 30,
    "ProviderName": "Microsoft-Windows-Kernel-Boot",
    "Message": "The firmware reported boot metrics."
  },
  {
    "TimeCreated": "2026-03-30 14:21:09",
    "Channel": "System",
    "Level": "Information",
    "EventId": 3,
    "ProviderName": "Microsoft-Windows-IsolatedUserMode",
    "Message": "Secure Kernel started with status STATUS_SUCCESS and flags HvciEnabled,HvciStrictMode."
  },
  {
    "TimeCreated": "2026-03-30 14:21:09",
    "Channel": "System",
    "Level": "Information",
    "EventId": 165,
    "ProviderName": "Microsoft-Windows-Hyper-V-Hypervisor",
    "Message": "Hypervisor configured mitigations for CVE-2019-11091, CVE-2018-12126, CVE-2018-12127, CVE-2018-12130 for virtual machines.  Processor not affected: false Processor family not affected: false Processor supports microarchitectural buffer flush: false Buffer flush needed: false "
  },
  {
    "TimeCreated": "2026-03-30 14:21:09",
    "Channel": "System",
    "Level": "Information",
    "EventId": 156,
    "ProviderName": "Microsoft-Windows-Hyper-V-Hypervisor",
    "Message": "Hypervisor configured mitigations for CVE-2018-3646 for virtual machines.  Processor not affected: false Processor family not affected: false Processor supports cache flush: false HyperThreading enabled: true Parent hypervisor applies mitigations: false Mitigations disabled by bcdedit: false Mitigations enabled: true Cache flush needed: false "
  },
  {
    "TimeCreated": "2026-03-30 14:21:09",
    "Channel": "System",
    "Level": "Information",
    "EventId": 129,
    "ProviderName": "Microsoft-Windows-Hyper-V-Hypervisor",
    "Message": "Hypervisor initialized I/O remapping.  Hardware present: false Hardware enabled: false Policy: 0x0 Enabled features: 0x0 Internal information: 0x0 Problems: 0x0 Additional information: 0x0"
  },
  {
    "TimeCreated": "2026-03-30 14:21:09",
    "Channel": "System",
    "Level": "Information",
    "EventId": 2,
    "ProviderName": "Microsoft-Windows-Hyper-V-Hypervisor",
    "Message": "Hypervisor scheduler type is 0x4."
  },
  {
    "TimeCreated": "2026-03-30 14:21:09",
    "Channel": "System",
    "Level": "Information",
    "EventId": 1,
    "ProviderName": "Microsoft-Windows-Hyper-V-Hypervisor",
    "Message": "Hypervisor successfully started."
  },
  {
    "TimeCreated": "2026-03-30 14:21:09",
    "Channel": "System",
    "Level": "Information",
    "EventId": 27,
    "ProviderName": "Microsoft-Windows-Kernel-Boot",
    "Message": "The boot type was 0x0."
  },
  {
    "TimeCreated": "2026-03-30 14:21:09",
    "Channel": "System",
    "Level": "Information",
    "EventId": 25,
    "ProviderName": "Microsoft-Windows-Kernel-Boot",
    "Message": "The boot menu policy was 0x1."
  },
  {
    "TimeCreated": "2026-03-30 14:21:09",
    "Channel": "System",
    "Level": "Information",
    "EventId": 238,
    "ProviderName": "Microsoft-Windows-Kernel-Boot",
    "Message": "EFI time zone bias: 2047. Daylight flags: 0. Firmware time: ‎2026‎-‎03‎-‎30T14:21:08.000000000Z."
  },
  {
    "TimeCreated": "2026-03-30 14:21:09",
    "Channel": "System",
    "Level": "Information",
    "EventId": 247,
    "ProviderName": "Microsoft-Windows-Kernel-Boot",
    "Message": "Unable to load Pluton-Windows firmware. StatusCode: STATUS_SUCCESS, Reason: Failed to apply firmware."
  },
  {
    "TimeCreated": "2026-03-30 14:21:09",
    "Channel": "System",
    "Level": "Information",
    "EventId": 20,
    "ProviderName": "Microsoft-Windows-Kernel-Boot",
    "Message": "The last shutdown's success status was true. The last boot's success status was true."
  },
  {
    "TimeCreated": "2026-03-30 14:21:09",
    "Channel": "System",
    "Level": "Information",
    "EventId": 32,
    "ProviderName": "Microsoft-Windows-Kernel-Boot",
    "Message": "The bootmgr spent 0 ms waiting for user input."
  },
  {
    "TimeCreated": "2026-03-30 14:21:09",
    "Channel": "System",
    "Level": "Information",
    "EventId": 18,
    "ProviderName": "Microsoft-Windows-Kernel-Boot",
    "Message": "There are 0x1 boot options on this system."
  },
  {
    "TimeCreated": "2026-03-30 14:21:09",
    "Channel": "System",
    "Level": "Information",
    "EventId": 153,
    "ProviderName": "Microsoft-Windows-Kernel-Boot",
    "Message": "Virtualization-based security (policies: VBS Enabled,VSM Required,Hvci,Boot Chain Signer Soft Enforced) is enabled due to VBS registry configuration."
  },
  {
    "TimeCreated": "2026-03-30 14:21:09",
    "Channel": "System",
    "Level": "Information",
    "EventId": 25,
    "ProviderName": "Microsoft-Windows-Kernel-General",
    "Message": "The system time was initialized to ‎2026‎-‎03‎-‎30T19:21:09.500000000Z.   Loader time: ‎2026‎-‎03‎-‎30T19:21:08.000000000Z Internal boot flags: 0x2 HAL RTC error code: 0x0 RTC time is in UTC: false Soft boot: false Success: true Phase: 0"
  },
  {
    "TimeCreated": "2026-03-30 14:21:09",
    "Channel": "System",
    "Level": "Information",
    "EventId": 12,
    "ProviderName": "Microsoft-Windows-Kernel-General",
    "Message": "The operating system started at system time ‎2026‎-‎03‎-‎30T19:21:09.500000000Z."
  },
  {
    "TimeCreated": "2026-03-30 09:41:01",
    "Channel": "System",
    "Level": "Information",
    "EventId": 13,
    "ProviderName": "Microsoft-Windows-Kernel-General",
    "Message": "The operating system is shutting down at system time ‎2026‎-‎03‎-‎30T14:41:01.935135300Z."
  },
  {
    "TimeCreated": "2026-03-30 09:41:01",
    "Channel": "System",
    "Level": "Information",
    "EventId": 577,
    "ProviderName": "Microsoft-Windows-Kernel-Power",
    "Message": "The system has prepared for a system initiated reboot from Active."
  },
  {
    "TimeCreated": "2026-03-30 09:41:00",
    "Channel": "System",
    "Level": "Information",
    "EventId": 109,
    "ProviderName": "Microsoft-Windows-Kernel-Power",
    "Message": "The kernel power manager has initiated a shutdown transition.  Action: Power Action Shutdown Off  Event Code: 0x0  Reason: Kernel API"
  },
