[
  {
    "TimeCreated": "2026-03-30 22:17:22",
    "Channel": "System",
    "Level": "Information",
    "EventId": 16,
    "ProviderName": "Microsoft-Windows-Kernel-General",
    "Message": "The access history in hive \\??\\C:\\ProgramData\\Microsoft\\Provisioning\\Microsoft-Desktop-Provisioning-Sequence.dat was cleared updating 0 keys and creating 0 modified pages."
  },
  {
    "TimeCreated": "2026-03-30 22:08:44",
    "Channel": "System",
    "Level": "Information",
    "EventId": 7045,
    "ProviderName": "Service Control Manager",
    "Message": "A service was installed in the system.  Service Name:  NTIOLib_MysticLight Service File Name:  C:\\Program Files (x86)\\MSI\\One Dragon Center\\Mystic_Light\\Lib\\\\NTIOLib_X64.sys Service Type:  kernel mode driver Service Start Type:  demand start Service Account:  "
  },
  {
    "TimeCreated": "2026-03-30 22:06:12",
    "Channel": "System",
    "Level": "Information",
    "EventId": 7045,
    "ProviderName": "Service Control Manager",
    "Message": "A service was installed in the system.  Service Name:  NTIOLib_MysticLight Service File Name:  C:\\Program Files (x86)\\MSI\\One Dragon Center\\Mystic_Light\\Lib\\\\NTIOLib_X64.sys Service Type:  kernel mode driver Service Start Type:  demand start Service Account:  "
  },
  {
    "TimeCreated": "2026-03-30 22:01:51",
    "Channel": "System",
    "Level": "Warning",
    "EventId": 10016,
    "ProviderName": "Microsoft-Windows-DistributedCOM",
    "Message": "The application-specific permission settings do not grant Local Activation permission for the COM Server application with CLSID  {2593F8B9-4EAF-457C-B68A-50F6B8EA6B54}  and APPID  {15C20B67-12E7-4BB6-92BB-7AFF07997402}  to the user DESKTOP-KN\\Owner SID (S-1-5-21-1775440496-1244785614-1751367727-1001) from address LocalHost (Using LRPC) running in the application container Claude_1.1.9669.0_x64__pzs8sxrjxfjjc SID (Unavailable). This security permission can be modified using the Component Services administrative tool."
  },
  {
    "TimeCreated": "2026-03-30 21:48:55",
    "Channel": "System",
    "Level": "Warning",
    "EventId": 10016,
    "ProviderName": "Microsoft-Windows-DistributedCOM",
    "Message": "The application-specific permission settings do not grant Local Activation permission for the COM Server application with CLSID  {2593F8B9-4EAF-457C-B68A-50F6B8EA6B54}  and APPID  {15C20B67-12E7-4BB6-92BB-7AFF07997402}  to the user DESKTOP-KN\\Owner SID (S-1-5-21-1775440496-1244785614-1751367727-1001) from address LocalHost (Using LRPC) running in the application container Unavailable SID (Unavailable). This security permission can be modified using the Component Services administrative tool."
  },
  {
    "TimeCreated": "2026-03-30 21:45:52",
    "Channel": "System",
    "Level": "Information",
    "EventId": 7040,
    "ProviderName": "Service Control Manager",
    "Message": "The start type of the Background Intelligent Transfer Service service was changed from auto start to demand start."
  },
  {
    "TimeCreated": "2026-03-30 21:45:14",
    "Channel": "System",
    "Level": "Information",
    "EventId": 19,
    "ProviderName": "Microsoft-Windows-WindowsUpdateClient",
    "Message": "Installation Successful: Windows successfully installed the following update: Security Intelligence Update for Microsoft Defender Antivirus - KB2267602 (Version 1.447.96.0) - Current Channel (Broad)"
  },
  {
    "TimeCreated": "2026-03-30 21:45:10",
    "Channel": "System",
    "Level": "Information",
    "EventId": 43,
    "ProviderName": "Microsoft-Windows-WindowsUpdateClient",
    "Message": "Installation Started: Windows has started installing the following update: Security Intelligence Update for Microsoft Defender Antivirus - KB2267602 (Version 1.447.96.0) - Current Channel (Broad)"
  },
  {
    "TimeCreated": "2026-03-30 21:44:55",
    "Channel": "System",
    "Level": "Information",
    "EventId": 44,
    "ProviderName": "Microsoft-Windows-WindowsUpdateClient",
    "Message": "Windows Update started downloading an update."
  },
  {
    "TimeCreated": "2026-03-30 21:44:26",
    "Channel": "System",
    "Level": "Error",
    "EventId": 7009,
    "ProviderName": "Service Control Manager",
    "Message": "A timeout was reached (30000 milliseconds) while waiting for the Intel(R) SUR QC Software Asset Manager service to connect."
  },
  {
    "TimeCreated": "2026-03-30 21:43:47",
    "Channel": "System",
    "Level": "Information",
    "EventId": 7040,
    "ProviderName": "Service Control Manager",
    "Message": "The start type of the Background Intelligent Transfer Service service was changed from demand start to auto start."
  },
  {
    "TimeCreated": "2026-03-30 21:43:34",
    "Channel": "System",
    "Level": "Information",
    "EventId": 7045,
    "ProviderName": "Service Control Manager",
    "Message": "A service was installed in the system.  Service Name:  Claude Service File Name:  'C:\\Program Files\\WindowsApps\\Claude_1.1.9669.0_x64__pzs8sxrjxfjjc\\app\\resources\\cowork-svc.exe' Service Type:  user mode service Service Start Type:  auto start Service Account:  LocalSystem"
  },
  {
    "TimeCreated": "2026-03-30 21:43:34",
    "Channel": "System",
    "Level": "Information",
    "EventId": 16,
    "ProviderName": "Microsoft-Windows-Kernel-General",
    "Message": "The access history in hive \\??\\C:\\ProgramData\\Microsoft\\Windows\\AppRepository\\Packages\\Claude_1.1.9669.0_x64__pzs8sxrjxfjjc\\ActivationStore.dat was cleared updating 0 keys and creating 0 modified pages."
  },
  {
    "TimeCreated": "2026-03-30 21:43:33",
    "Channel": "System",
    "Level": "Information",
    "EventId": 7040,
    "ProviderName": "Service Control Manager",
    "Message": "The start type of the Claude service was changed from auto start to disabled."
  },
  {
    "TimeCreated": "2026-03-30 21:39:01",
    "Channel": "System",
    "Level": "Error",
    "EventId": 1796,
    "ProviderName": "Microsoft-Windows-TPM-WMI",
    "Message": "The Secure Boot update failed to update Boot Manager (2023) with error Secure Boot is not enabled on this machine.. For more information, please see https://go.microsoft.com/fwlink/?linkid=2169931"
  },
  {
    "TimeCreated": "2026-03-30 21:39:01",
    "Channel": "System",
    "Level": "Error",
    "EventId": 1796,
    "ProviderName": "Microsoft-Windows-TPM-WMI",
    "Message": "The Secure Boot update failed to update KEK 2023 with error Secure Boot is not enabled on this machine.. For more information, please see https://go.microsoft.com/fwlink/?linkid=2169931"
  },
  {
    "TimeCreated": "2026-03-30 21:39:01",
    "Channel": "System",
    "Level": "Error",
    "EventId": 1796,
    "ProviderName": "Microsoft-Windows-TPM-WMI",
    "Message": "The Secure Boot update failed to update 3P UEFI CA 2023 (DB) with error Secure Boot is not enabled on this machine.. For more information, please see https://go.microsoft.com/fwlink/?linkid=2169931"
  },
  {
    "TimeCreated": "2026-03-30 21:39:01",
    "Channel": "System",
    "Level": "Error",
    "EventId": 1796,
    "ProviderName": "Microsoft-Windows-TPM-WMI",
    "Message": "The Secure Boot update failed to update Option ROM CA 2023 (DB) with error Secure Boot is not enabled on this machine.. For more information, please see https://go.microsoft.com/fwlink/?linkid=2169931"
  },
  {
    "TimeCreated": "2026-03-30 21:39:01",
    "Channel": "System",
    "Level": "Error",
    "EventId": 1796,
    "ProviderName": "Microsoft-Windows-TPM-WMI",
    "Message": "The Secure Boot update failed to update Windows UEFI CA 2023 (DB) with error Secure Boot is not enabled on this machine.. For more information, please see https://go.microsoft.com/fwlink/?linkid=2169931"
  },
  {
    "TimeCreated": "2026-03-30 21:39:01",
    "Channel": "System",
    "Level": "Error",
    "EventId": 1801,
    "ProviderName": "Microsoft-Windows-TPM-WMI",
    "Message": "Updated Secure Boot certificates are available on this device but have not yet been applied to the firmware. Review the published guidance to complete the update and maintain full protection. This device signature information is included here. DeviceAttributes: BaseBoardManufacturer:ASRock;FirmwareManufacturer:American Megatrends Inc.;FirmwareVersion:P3.10;OEMModelNumber:To Be Filled By O.E.M.;OEMModelBaseBoard:X570M Pro4;OEMModelSystemFamily:To Be Filled By O.E.M.;OEMManufacturerName:To Be Filled By O.E.M.;OEMModelSKU:To Be Filled By O.E.M.;OSArchitecture:amd64; BucketId: c98015dc71f5117613291e8cd9f458cc0af51cbd06fdf3dd3462a51abf76ceeb BucketConfidenceLevel: High Confidence UpdateType: Windows UEFI CA 2023 (DB), Option ROM CA 2023 (DB), 3P UEFI CA 2023 (DB), KEK 2023, Boot Manager (2023) For more information, please see https://go.microsoft.com/fwlink/?linkid=2301018."
  },
  {
    "TimeCreated": "2026-03-30 21:37:50",
    "Channel": "System",
    "Level": "Information",
    "EventId": 114,
    "ProviderName": "Microsoft-Windows-HttpService",
    "Message": "Removed URL (http://*:2869/upnp/eventing/) from URL group (0xFC00000220000002). Process Id 0x4F48 Executable path \\Device\\HarddiskVolume3\\Windows\\System32\\svchost.exe, User S-1-5-19"
  },
  {
    "TimeCreated": "2026-03-30 21:37:50",
    "Channel": "System",
    "Level": "Information",
    "EventId": 7040,
    "ProviderName": "Service Control Manager",
    "Message": "The start type of the Background Intelligent Transfer Service service was changed from auto start to demand start."
  },
  {
    "TimeCreated": "2026-03-30 21:36:16",
    "Channel": "System",
    "Level": "Information",
    "EventId": 7045,
    "ProviderName": "Service Control Manager",
    "Message": "A service was installed in the system.  Service Name:  NTIOLib_MysticLight Service File Name:  C:\\Program Files (x86)\\MSI\\One Dragon Center\\Mystic_Light\\Lib\\\\NTIOLib_X64.sys Service Type:  kernel mode driver Service Start Type:  demand start Service Account:  "
  },
  {
    "TimeCreated": "2026-03-30 21:36:03",
    "Channel": "System",
    "Level": "Warning",
    "EventId": 10016,
    "ProviderName": "Microsoft-Windows-DistributedCOM",
    "Message": "The application-specific permission settings do not grant Local Launch permission for the COM Server application with CLSID  Windows.SecurityCenter.WscDataProtection  and APPID  Unavailable  to the user NT AUTHORITY\\SYSTEM SID (S-1-5-18) from address LocalHost (Using LRPC) running in the application container Unavailable SID (Unavailable). This security permission can be modified using the Component Services administrative tool."
  },
  {
    "TimeCreated": "2026-03-30 21:36:03",
    "Channel": "System",
    "Level": "Warning",
    "EventId": 10016,
    "ProviderName": "Microsoft-Windows-DistributedCOM",
    "Message": "The application-specific permission settings do not grant Local Launch permission for the COM Server application with CLSID  Windows.SecurityCenter.WscBrokerManager  and APPID  Unavailable  to the user NT AUTHORITY\\SYSTEM SID (S-1-5-18) from address LocalHost (Using LRPC) running in the application container Unavailable SID (Unavailable). This security permission can be modified using the Component Services administrative tool."
  },
  {
    "TimeCreated": "2026-03-30 21:36:03",
    "Channel": "System",
    "Level": "Warning",
    "EventId": 10016,
    "ProviderName": "Microsoft-Windows-DistributedCOM",
    "Message": "The application-specific permission settings do not grant Local Launch permission for the COM Server application with CLSID  Windows.SecurityCenter.SecurityAppBroker  and APPID  Unavailable  to the user NT AUTHORITY\\SYSTEM SID (S-1-5-18) from address LocalHost (Using LRPC) running in the application container Unavailable SID (Unavailable). This security permission can be modified using the Component Services administrative tool."
  },
  {
    "TimeCreated": "2026-03-30 21:35:58",
    "Channel": "System",
    "Level": "Information",
    "EventId": 7045,
    "ProviderName": "Service Control Manager",
    "Message": "A service was installed in the system.  Service Name:  NTIOLib_MysticLight Service File Name:  C:\\Program Files (x86)\\MSI\\One Dragon Center\\Mystic_Light\\Lib\\\\NTIOLib_X64.sys Service Type:  kernel mode driver Service Start Type:  demand start Service Account:  "
  },
  {
    "TimeCreated": "2026-03-30 21:35:38",
    "Channel": "System",
    "Level": "Information",
    "EventId": 113,
    "ProviderName": "Microsoft-Windows-HttpService",
    "Message": "Attempted to add URL (http://*:2869/upnp/eventing/) to URL group (0xFC00000220000002). Status: 0x0. Process Id 0x4F48 Executable path \\Device\\HarddiskVolume3\\Windows\\System32\\svchost.exe, User S-1-5-19"
  },
  {
    "TimeCreated": "2026-03-30 21:35:38",
    "Channel": "System",
    "Level": "Information",
    "EventId": 114,
    "ProviderName": "Microsoft-Windows-HttpService",
    "Message": "Removed URL (http://*:2869/upnp/eventing/) from URL group (0xFC00000220000001). Process Id 0x4F48 Executable path \\Device\\HarddiskVolume3\\Windows\\System32\\svchost.exe, User S-1-5-19"
  },
  {
    "TimeCreated": "2026-03-30 21:35:38",
    "Channel": "System",
    "Level": "Information",
    "EventId": 113,
    "ProviderName": "Microsoft-Windows-HttpService",
    "Message": "Attempted to add URL (http://*:2869/upnp/eventing/) to URL group (0xFC00000220000001). Status: 0x0. Process Id 0x4F48 Executable path \\Device\\HarddiskVolume3\\Windows\\System32\\svchost.exe, User S-1-5-19"
  },
  {
    "TimeCreated": "2026-03-30 21:35:03",
    "Channel": "System",
    "Level": "Information",
    "EventId": 16,
    "ProviderName": "Microsoft-Windows-Kernel-General",
    "Message": "The access history in hive \\??\\C:\\ProgramData\\Packages\\MSTeams_8wekyb3d8bbwe\\S-1-5-21-1775440496-1244785614-1751367727-1001\\SystemAppData\\Helium\\Cache\\a6d2b280a4a9257_COM15.dat was cleared updating 1 keys and creating 1 modified pages."
  },
  {
    "TimeCreated": "2026-03-30 21:34:45",
    "Channel": "System",
    "Level": "Warning",
    "EventId": 10016,
    "ProviderName": "Microsoft-Windows-DistributedCOM",
    "Message": "The application-specific permission settings do not grant Local Launch permission for the COM Server application with CLSID  Windows.SecurityCenter.WscCloudBackupProvider  and APPID  Unavailable  to the user DESKTOP-KN\\Owner SID (S-1-5-21-1775440496-1244785614-1751367727-1001) from address LocalHost (Using LRPC) running in the application container Unavailable SID (Unavailable). This security permission can be modified using the Component Services administrative tool."
  },
  {
    "TimeCreated": "2026-03-30 21:34:42",
    "Channel": "System",
    "Level": "Warning",
    "EventId": 10016,
    "ProviderName": "Microsoft-Windows-DistributedCOM",
    "Message": "The application-specific permission settings do not grant Local Launch permission for the COM Server application with CLSID  Windows.SecurityCenter.WscCloudBackupProvider  and APPID  Unavailable  to the user DESKTOP-KN\\Owner SID (S-1-5-21-1775440496-1244785614-1751367727-1001) from address LocalHost (Using LRPC) running in the application container Unavailable SID (Unavailable). This security permission can be modified using the Component Services administrative tool."
  },
  {
    "TimeCreated": "2026-03-30 21:34:40",
    "Channel": "System",
    "Level": "Warning",
    "EventId": 10016,
    "ProviderName": "Microsoft-Windows-DistributedCOM",
    "Message": "The application-specific permission settings do not grant Local Activation permission for the COM Server application with CLSID  {2593F8B9-4EAF-457C-B68A-50F6B8EA6B54}  and APPID  {15C20B67-12E7-4BB6-92BB-7AFF07997402}  to the user DESKTOP-KN\\Owner SID (S-1-5-21-1775440496-1244785614-1751367727-1001) from address LocalHost (Using LRPC) running in the application container Unavailable SID (Unavailable). This security permission can be modified using the Component Services administrative tool."
  },
  {
    "TimeCreated": "2026-03-30 21:34:36",
    "Channel": "System",
    "Level": "Warning",
    "EventId": 10016,
    "ProviderName": "Microsoft-Windows-DistributedCOM",
    "Message": "The application-specific permission settings do not grant Local Launch permission for the COM Server application with CLSID  Windows.SecurityCenter.WscCloudBackupProvider  and APPID  Unavailable  to the user DESKTOP-KN\\Owner SID (S-1-5-21-1775440496-1244785614-1751367727-1001) from address LocalHost (Using LRPC) running in the application container Unavailable SID (Unavailable). This security permission can be modified using the Component Services administrative tool."
  },
  {
    "TimeCreated": "2026-03-30 21:34:33",
    "Channel": "System",
    "Level": "Information",
    "EventId": 7040,
    "ProviderName": "Service Control Manager",
    "Message": "The start type of the Background Intelligent Transfer Service service was changed from demand start to auto start."
  },
  {
    "TimeCreated": "2026-03-30 21:34:29",
    "Channel": "System",
    "Level": "Information",
    "EventId": 7045,
    "ProviderName": "Service Control Manager",
    "Message": "A service was installed in the system.  Service Name:  NTIOLib_CC_COMM Service File Name:  C:\\Program Files (x86)\\MSI\\One Dragon Center\\Lib\\SYS\\NTIOLib_X64.sys Service Type:  kernel mode driver Service Start Type:  demand start Service Account:  "
  },
  {
    "TimeCreated": "2026-03-30 21:34:28",
    "Channel": "System",
    "Level": "Information",
    "EventId": 7045,
    "ProviderName": "Service Control Manager",
    "Message": "A service was installed in the system.  Service Name:  NTIOLib_MysticLight Service File Name:  C:\\Program Files (x86)\\MSI\\One Dragon Center\\Mystic_Light\\Lib\\\\NTIOLib_X64.sys Service Type:  kernel mode driver Service Start Type:  demand start Service Account:  "
  },
  {
    "TimeCreated": "2026-03-30 21:34:24",
    "Channel": "System",
    "Level": "Warning",
    "EventId": 10016,
    "ProviderName": "Microsoft-Windows-DistributedCOM",
    "Message": "The application-specific permission settings do not grant Local Activation permission for the COM Server application with CLSID  {2593F8B9-4EAF-457C-B68A-50F6B8EA6B54}  and APPID  {15C20B67-12E7-4BB6-92BB-7AFF07997402}  to the user DESKTOP-KN\\Owner SID (S-1-5-21-1775440496-1244785614-1751367727-1001) from address LocalHost (Using LRPC) running in the application container Unavailable SID (Unavailable). This security permission can be modified using the Component Services administrative tool."
  },
  {
    "TimeCreated": "2026-03-30 21:34:21",
    "Channel": "System",
    "Level": "Information",
    "EventId": 16,
    "ProviderName": "Microsoft-Windows-Kernel-General",
    "Message": "The access history in hive \\??\\C:\\Users\\Owner\\AppData\\Local\\Packages\\MicrosoftWindows.Client.WebExperience_cw5n1h2txyewy\\Settings\\settings.dat was cleared updating 6 keys and creating 1 modified pages."
  },
  {
    "TimeCreated": "2026-03-30 21:34:21",
    "Channel": "System",
    "Level": "Information",
    "EventId": 1,
    "ProviderName": "Microsoft-Windows-Configuration-Change-Monitor",
    "Message": ""
  },
  {
    "TimeCreated": "2026-03-30 21:34:21",
    "Channel": "System",
    "Level": "Information",
    "EventId": 1,
    "ProviderName": "Microsoft-Windows-Configuration-Change-Monitor",
    "Message": ""
  },
  {
    "TimeCreated": "2026-03-30 21:34:21",
    "Channel": "System",
    "Level": "Information",
    "EventId": 1,
    "ProviderName": "Microsoft-Windows-Configuration-Change-Monitor",
    "Message": ""
  },
  {
    "TimeCreated": "2026-03-30 21:34:20",
    "Channel": "System",
    "Level": "Information",
    "EventId": 16,
    "ProviderName": "Microsoft-Windows-Kernel-General",
    "Message": "The access history in hive \\??\\C:\\Users\\Owner\\AppData\\Local\\Packages\\Microsoft.WidgetsPlatformRuntime_8wekyb3d8bbwe\\SystemAppData\\Helium\\UserClasses.dat was cleared updating 30 keys and creating 13 modified pages."
  },
  {
    "TimeCreated": "2026-03-30 21:34:20",
    "Channel": "System",
    "Level": "Information",
    "EventId": 16,
    "ProviderName": "Microsoft-Windows-Kernel-General",
    "Message": "The access history in hive \\??\\C:\\Users\\Owner\\AppData\\Local\\Packages\\Microsoft.WidgetsPlatformRuntime_8wekyb3d8bbwe\\SystemAppData\\Helium\\User.dat was cleared updating 1 keys and creating 1 modified pages."
  },
  {
    "TimeCreated": "2026-03-30 21:34:19",
    "Channel": "System",
    "Level": "Warning",
    "EventId": 10016,
    "ProviderName": "Microsoft-Windows-DistributedCOM",
    "Message": "The application-specific permission settings do not grant Local Activation permission for the COM Server application with CLSID  {6B3B8D23-FA8D-40B9-8DBD-B950333E2C52}  and APPID  {4839DDB7-58C2-48F5-8283-E1D1807D0D7D}  to the user NT AUTHORITY\\LOCAL SERVICE SID (S-1-5-19) from address LocalHost (Using LRPC) running in the application container Unavailable SID (Unavailable). This security permission can be modified using the Component Services administrative tool."
  },
  {
    "TimeCreated": "2026-03-30 21:34:19",
    "Channel": "System",
    "Level": "Warning",
    "EventId": 10016,
    "ProviderName": "Microsoft-Windows-DistributedCOM",
    "Message": "The application-specific permission settings do not grant Local Activation permission for the COM Server application with CLSID  {6B3B8D23-FA8D-40B9-8DBD-B950333E2C52}  and APPID  {4839DDB7-58C2-48F5-8283-E1D1807D0D7D}  to the user NT AUTHORITY\\LOCAL SERVICE SID (S-1-5-19) from address LocalHost (Using LRPC) running in the application container Unavailable SID (Unavailable). This security permission can be modified using the Component Services administrative tool."
  },
  {
    "TimeCreated": "2026-03-30 21:34:18",
    "Channel": "System",
    "Level": "Information",
    "EventId": 7001,
    "ProviderName": "Microsoft-Windows-Winlogon",
    "Message": "User Logon Notification for Customer Experience Improvement Program"
  },
  {
    "TimeCreated": "2026-03-30 21:34:05",
    "Channel": "System",
    "Level": "Information",
    "EventId": 7045,
    "ProviderName": "Service Control Manager",
    "Message": "A service was installed in the system.  Service Name:  NTIOLib_MysticLight Service File Name:  C:\\Program Files (x86)\\MSI\\One Dragon Center\\Mystic_Light\\Lib\\\\NTIOLib_X64.sys Service Type:  kernel mode driver Service Start Type:  demand start Service Account:  "
  },
  {
    "TimeCreated": "2026-03-30 21:33:59",
    "Channel": "System",
    "Level": "Information",
    "EventId": 6,
    "ProviderName": "Microsoft-Windows-FilterManager",
    "Message": "File System Filter 'gameflt' (10.0, ‎2045‎-‎02‎-‎25T18:07:50.000000000Z) has successfully loaded and registered with Filter Manager."
  },
  {
    "TimeCreated": "2026-03-30 21:33:58",
    "Channel": "System",
    "Level": "Information",
    "EventId": 7026,
    "ProviderName": "Service Control Manager",
    "Message": "The following boot-start or system-start driver(s) did not load:  dam EneTechIo uiomap"
  },
  {
    "TimeCreated": "2026-03-30 21:33:58",
    "Channel": "System",
    "Level": "Information",
    "EventId": 10001,
    "ProviderName": "Microsoft-Windows-WLAN-AutoConfig",
    "Message": "WLAN Extensibility Module has successfully started.  Module Path: C:\\WINDOWS\\System32\\DriverStore\\FileRepository\\netwtw6e.inf_amd64_d488480304e1f365\\IntelIHVRouter14.dll "
  },
  {
    "TimeCreated": "2026-03-30 21:33:58",
    "Channel": "System",
    "Level": "Information",
    "EventId": 4000,
    "ProviderName": "Microsoft-Windows-WLAN-AutoConfig",
    "Message": "WLAN AutoConfig service has successfully started. "
  },
  {
    "TimeCreated": "2026-03-30 21:33:57",
    "Channel": "System",
    "Level": "Information",
    "EventId": 113,
    "ProviderName": "Microsoft-Windows-HttpService",
    "Message": "Attempted to add URL (http://127.0.0.1:28385:127.0.0.1/intel/) to URL group (0xFE00000020000001). Status: 0x0. Process Id 0x10A0 Executable path \\Device\\HarddiskVolume3\\Program Files (x86)\\Intel\\Driver and Support Assistant\\x86\\DSAService.exe, User S-1-5-18"
  },
  {
    "TimeCreated": "2026-03-30 21:33:57",
    "Channel": "System",
    "Level": "Information",
    "EventId": 111,
    "ProviderName": "Microsoft-Windows-HttpService",
    "Message": "Create URL group 0xFE00000020000001. Status 0x0. Process Id 0x10A0 Executable path \\Device\\HarddiskVolume3\\Program Files (x86)\\Intel\\Driver and Support Assistant\\x86\\DSAService.exe, User S-1-5-18"
  },
  {
    "TimeCreated": "2026-03-30 21:33:57",
    "Channel": "System",
    "Level": "Information",
    "EventId": 113,
    "ProviderName": "Microsoft-Windows-HttpService",
    "Message": "Attempted to add URL (http://127.0.0.1:28390:127.0.0.1/) to URL group (0xFE00000220000001). Status: 0x0. Process Id 0x10A0 Executable path \\Device\\HarddiskVolume3\\Program Files (x86)\\Intel\\Driver and Support Assistant\\x86\\DSAService.exe, User S-1-5-18"
  },
  {
    "TimeCreated": "2026-03-30 21:33:57",
    "Channel": "System",
    "Level": "Information",
    "EventId": 111,
    "ProviderName": "Microsoft-Windows-HttpService",
    "Message": "Create URL group 0xFE00000220000001. Status 0x0. Process Id 0x10A0 Executable path \\Device\\HarddiskVolume3\\Program Files (x86)\\Intel\\Driver and Support Assistant\\x86\\DSAService.exe, User S-1-5-18"
  },
  {
    "TimeCreated": "2026-03-30 21:33:57",
    "Channel": "System",
    "Level": "Information",
    "EventId": 32,
    "ProviderName": "e1rexpress",
    "Message": "Intel(R) I211 Gigabit Network Connection  Network link has been established at 1Gbps full duplex. "
  },
  {
    "TimeCreated": "2026-03-30 21:33:56",
    "Channel": "System",
    "Level": "Information",
    "EventId": 113,
    "ProviderName": "Microsoft-Windows-HttpService",
    "Message": "Attempted to add URL (http://localhost:1462/) to URL group (0xFF00001720000001). Status: 0x0. Process Id 0x1438 Executable path \\Device\\HarddiskVolume3\\Program Files (x86)\\MSI\\One Dragon Center\\Mystic_Light\\LightKeeperService.exe, User S-1-5-18"
  },
  {
    "TimeCreated": "2026-03-30 21:33:56",
    "Channel": "System",
    "Level": "Information",
    "EventId": 111,
    "ProviderName": "Microsoft-Windows-HttpService",
    "Message": "Create URL group 0xFF00001720000001. Status 0x0. Process Id 0x1438 Executable path \\Device\\HarddiskVolume3\\Program Files (x86)\\MSI\\One Dragon Center\\Mystic_Light\\LightKeeperService.exe, User S-1-5-18"
  },
  {
    "TimeCreated": "2026-03-30 21:33:56",
    "Channel": "System",
    "Level": "Information",
    "EventId": 12,
    "ProviderName": "Microsoft-Windows-UserModePowerService",
    "Message": "Process C:\\Windows\\System32\\DriverStore\\FileRepository\\u0198975.inf_amd64_cab3843582148687\\B025836\\atieclxx.exe (process ID:3288) reset policy scheme from {381b4222-f694-41f0-9685-ff5bb260df2e} to {381b4222-f694-41f0-9685-ff5bb260df2e}"
  },
  {
    "TimeCreated": "2026-03-30 21:33:56",
    "Channel": "System",
    "Level": "Information",
    "EventId": 113,
    "ProviderName": "Microsoft-Windows-HttpService",
    "Message": "Attempted to add URL (http://*:80/) to URL group (0xFE00000D20000001). Status: 0x0. Process Id 0x14D4 Executable path \\Device\\HarddiskVolume3\\Windows\\System32\\svchost.exe, User S-1-5-18"
  },
  {
    "TimeCreated": "2026-03-30 21:33:56",
    "Channel": "System",
    "Level": "Information",
    "EventId": 111,
    "ProviderName": "Microsoft-Windows-HttpService",
    "Message": "Create URL group 0xFE00000D20000001. Status 0x0. Process Id 0x14D4 Executable path \\Device\\HarddiskVolume3\\Windows\\System32\\svchost.exe, User S-1-5-18"
  },
  {
    "TimeCreated": "2026-03-30 21:33:56",
    "Channel": "System",
    "Level": "Information",
    "EventId": 112,
    "ProviderName": "Microsoft-Windows-HttpService",
    "Message": "Attempted to reserve URL https://+:443/sra_{BA195980-CD49-458b-9E23-C84EE0ADCD75}/. Status 0x0. Process Id 0x4 Executable path , User S-1-5-18"
  },
  {
    "TimeCreated": "2026-03-30 21:33:56",
    "Channel": "System",
    "Level": "Information",
    "EventId": 112,
    "ProviderName": "Microsoft-Windows-HttpService",
    "Message": "Attempted to reserve URL http://+:10246/MDEServer/. Status 0x0. Process Id 0x4 Executable path , User S-1-5-18"
  },
  {
    "TimeCreated": "2026-03-30 21:33:56",
    "Channel": "System",
    "Level": "Information",
    "EventId": 112,
    "ProviderName": "Microsoft-Windows-HttpService",
    "Message": "Attempted to reserve URL https://+:3392/rdp/. Status 0x0. Process Id 0x4 Executable path , User S-1-5-18"
  },
  {
    "TimeCreated": "2026-03-30 21:33:56",
    "Channel": "System",
    "Level": "Information",
    "EventId": 112,
    "ProviderName": "Microsoft-Windows-HttpService",
    "Message": "Attempted to reserve URL http://+:10247/apps/. Status 0x0. Process Id 0x4 Executable path , User S-1-5-18"
  },
  {
    "TimeCreated": "2026-03-30 21:33:56",
    "Channel": "System",
    "Level": "Information",
    "EventId": 112,
    "ProviderName": "Microsoft-Windows-HttpService",
    "Message": "Attempted to reserve URL http://+:10243/WMPNSSv4/. Status 0x0. Process Id 0x4 Executable path , User S-1-5-18"
  },
  {
    "TimeCreated": "2026-03-30 21:33:56",
    "Channel": "System",
    "Level": "Information",
    "EventId": 112,
    "ProviderName": "Microsoft-Windows-HttpService",
    "Message": "Attempted to reserve URL https://+:10245/WMPNSSv4/. Status 0x0. Process Id 0x4 Executable path , User S-1-5-18"
  },
  {
    "TimeCreated": "2026-03-30 21:33:56",
    "Channel": "System",
    "Level": "Information",
    "EventId": 112,
    "ProviderName": "Microsoft-Windows-HttpService",
    "Message": "Attempted to reserve URL http://+:5985/wsman/. Status 0x0. Process Id 0x4 Executable path , User S-1-5-18"
  },
  {
    "TimeCreated": "2026-03-30 21:33:56",
    "Channel": "System",
    "Level": "Information",
    "EventId": 112,
    "ProviderName": "Microsoft-Windows-HttpService",
    "Message": "Attempted to reserve URL http://+:47001/wsman/. Status 0x0. Process Id 0x4 Executable path , User S-1-5-18"
  },
  {
    "TimeCreated": "2026-03-30 21:33:56",
    "Channel": "System",
    "Level": "Information",
    "EventId": 112,
    "ProviderName": "Microsoft-Windows-HttpService",
    "Message": "Attempted to reserve URL https://+:5986/wsman/. Status 0x0. Process Id 0x4 Executable path , User S-1-5-18"
  },
  {
    "TimeCreated": "2026-03-30 21:33:56",
    "Channel": "System",
    "Level": "Information",
    "EventId": 112,
    "ProviderName": "Microsoft-Windows-HttpService",
    "Message": "Attempted to reserve URL http://*:2869/. Status 0x0. Process Id 0x4 Executable path , User S-1-5-18"
  },
  {
    "TimeCreated": "2026-03-30 21:33:56",
    "Channel": "System",
    "Level": "Information",
    "EventId": 112,
    "ProviderName": "Microsoft-Windows-HttpService",
    "Message": "Attempted to reserve URL https://*:5358/. Status 0x0. Process Id 0x4 Executable path , User S-1-5-18"
  },
  {
    "TimeCreated": "2026-03-30 21:33:56",
    "Channel": "System",
    "Level": "Information",
    "EventId": 112,
    "ProviderName": "Microsoft-Windows-HttpService",
    "Message": "Attempted to reserve URL http://+:80/Temporary_Listen_Addresses/. Status 0x0. Process Id 0x4 Executable path , User S-1-5-18"
  },
  {
    "TimeCreated": "2026-03-30 21:33:56",
    "Channel": "System",
    "Level": "Information",
    "EventId": 112,
    "ProviderName": "Microsoft-Windows-HttpService",
    "Message": "Attempted to reserve URL http://*:5357/. Status 0x0. Process Id 0x4 Executable path , User S-1-5-18"
  },
  {
    "TimeCreated": "2026-03-30 21:33:56",
    "Channel": "System",
    "Level": "Information",
    "EventId": 51046,
    "ProviderName": "Microsoft-Windows-DHCPv6-Client",
    "Message": "DHCPv6 client service is started"
  },
  {
    "TimeCreated": "2026-03-30 21:33:55",
    "Channel": "System",
    "Level": "Information",
    "EventId": 50036,
    "ProviderName": "Microsoft-Windows-Dhcp-Client",
    "Message": "DHCPv4 client service is started"
  },
  {
    "TimeCreated": "2026-03-30 21:33:55",
    "Channel": "System",
    "Level": "Information",
    "EventId": 50103,
    "ProviderName": "Microsoft-Windows-Dhcp-Client",
    "Message": "DHCPv4 client registered for shutdown notification"
  },
  {
    "TimeCreated": "2026-03-30 21:33:55",
    "Channel": "System",
    "Level": "Information",
    "EventId": 50036,
    "ProviderName": "Microsoft-Windows-Dhcp-Client",
    "Message": "DHCPv4 client service is started"
  },
  {
    "TimeCreated": "2026-03-30 21:33:55",
    "Channel": "System",
    "Level": "Information",
    "EventId": 277,
    "ProviderName": "Microsoft-Windows-Hyper-V-VmSwitch",
    "Message": "vmswitch.sys build 26100.amd64.ge_release_svc_prod1, debug false, official true, 1 1"
  },
  {
    "TimeCreated": "2026-03-30 21:33:55",
    "Channel": "System",
    "Level": "Information",
    "EventId": 6,
    "ProviderName": "Microsoft-Windows-FilterManager",
    "Message": "File System Filter 'bindflt' (10.0, ‎2081‎-‎10‎-‎17T16:34:26.000000000Z) has successfully loaded and registered with Filter Manager."
  },
  {
    "TimeCreated": "2026-03-30 21:33:55",
    "Channel": "System",
    "Level": "Information",
    "EventId": 6,
    "ProviderName": "Microsoft-Windows-FilterManager",
    "Message": "File System Filter 'storqosflt' (10.0, ‎2016‎-‎04‎-‎28T17:00:23.000000000Z) has successfully loaded and registered with Filter Manager."
  },
  {
    "TimeCreated": "2026-03-30 21:33:55",
    "Channel": "System",
    "Level": "Information",
    "EventId": 6,
    "ProviderName": "Microsoft-Windows-FilterManager",
    "Message": "File System Filter 'UnionFS' (10.0, ‎2017‎-‎11‎-‎03T00:31:51.000000000Z) has successfully loaded and registered with Filter Manager."
  },
  {
    "TimeCreated": "2026-03-30 21:33:55",
    "Channel": "System",
    "Level": "Information",
    "EventId": 6,
    "ProviderName": "Microsoft-Windows-FilterManager",
    "Message": "File System Filter 'CldFlt' (10.0, ‎1991‎-‎05‎-‎02T15:16:55.000000000Z) has successfully loaded and registered with Filter Manager."
  },
  {
    "TimeCreated": "2026-03-30 21:33:55",
    "Channel": "System",
    "Level": "Information",
    "EventId": 1,
    "ProviderName": "Microsoft-Windows-FilterManager",
    "Message": "File System Filter 'CldFlt' (Version 10.0, ‎1991‎-‎05‎-‎02T15:16:55.000000000Z) unloaded successfully."
  },
  {
    "TimeCreated": "2026-03-30 21:33:55",
    "Channel": "System",
    "Level": "Information",
    "EventId": 6,
    "ProviderName": "Microsoft-Windows-FilterManager",
    "Message": "File System Filter 'CldFlt' (10.0, ‎1991‎-‎05‎-‎02T15:16:55.000000000Z) has successfully loaded and registered with Filter Manager."
  },
  {
    "TimeCreated": "2026-03-30 21:33:55",
    "Channel": "System",
    "Level": "Information",
    "EventId": 6,
    "ProviderName": "Microsoft-Windows-FilterManager",
    "Message": "File System Filter 'luafv' (10.0, ‎2057‎-‎06‎-‎14T08:55:30.000000000Z) has successfully loaded and registered with Filter Manager."
  },
  {
    "TimeCreated": "2026-03-30 21:33:55",
    "Channel": "System",
    "Level": "Information",
    "EventId": 6,
    "ProviderName": "Microsoft-Windows-FilterManager",
    "Message": "File System Filter 'wcifs' (10.0, ‎1985‎-‎11‎-‎26T09:47:21.000000000Z) has successfully loaded and registered with Filter Manager."
  },
  {
    "TimeCreated": "2026-03-30 21:33:55",
    "Channel": "System",
    "Level": "Information",
    "EventId": 6,
    "ProviderName": "Microsoft-Windows-FilterManager",
    "Message": "File System Filter 'bfs' (10.0, ‎2086‎-‎03‎-‎20T06:03:22.000000000Z) has successfully loaded and registered with Filter Manager."
  },
  {
    "TimeCreated": "2026-03-30 21:33:56",
    "Channel": "System",
    "Level": "Information",
    "EventId": 5211,
    "ProviderName": "Microsoft-Windows-WAS",
    "Message": "The Windows Process Activation Service (WAS) started with 'Classic' mode using 'ConfigurationSystem'"
  },
  {
    "TimeCreated": "2026-03-30 21:33:55",
    "Channel": "System",
    "Level": "Information",
    "EventId": 16983,
    "ProviderName": "Microsoft-Windows-Directory-Services-SAM",
    "Message": "The security account manager is now logging periodic summary events for remote clients that call legacy password change or set RPC methods.  For more information please see https://go.microsoft.com/fwlink/?linkid=2150956. "
  },
  {
    "TimeCreated": "2026-03-30 21:33:55",
    "Channel": "System",
    "Level": "Information",
    "EventId": 16977,
    "ProviderName": "Microsoft-Windows-Directory-Services-SAM",
    "Message": "The domain is configured with the following minimum password length-related settings.  MinimumPasswordLength: 0  RelaxMinimumPasswordLengthLimits: 0  MinimumPasswordLengthAudit: -1  For more information see https://go.microsoft.com/fwlink/?LinkId=2097191. "
  },
  {
    "TimeCreated": "2026-03-30 21:33:55",
    "Channel": "System",
    "Level": "Information",
    "EventId": 16962,
    "ProviderName": "Microsoft-Windows-Directory-Services-SAM",
    "Message": "Remote calls to the SAM database are being restricted using the default security descriptor: O:SYG:SYD:(A;;RC;;;BA). For more information please see http://go.microsoft.com/fwlink/?LinkId=787651."
  },
  {
    "TimeCreated": "2026-03-30 21:33:55",
    "Channel": "System",
    "Level": "Information",
    "EventId": 5,
    "ProviderName": "Microsoft-Windows-IsolatedUserMode",
    "Message": "Secure Trustlet NULL Id 0 and Pid 0 started with status STATUS_SUCCESS."
  },
  {
    "TimeCreated": "2026-03-30 21:33:55",
    "Channel": "System",
    "Level": "Information",
    "EventId": 6156,
    "ProviderName": "LsaSrv",
    "Message": "Credential Guard auto enablement status.  Hardware Requirements for Virtualization Based Security:\t1 Domain Joined:\t0 Azure AD Joined:\t0  Licensed for Credential Guard:\t0 Domain Controller:\t0"
  },
  {
    "TimeCreated": "2026-03-30 21:33:55",
    "Channel": "System",
    "Level": "Information",
    "EventId": 12,
    "ProviderName": "Microsoft-Windows-Wininit",
    "Message": "LSASS.exe was started as a protected process with level: 4."
  },
  {
    "TimeCreated": "2026-03-30 21:33:55",
    "Channel": "System",
    "Level": "Information",
    "EventId": 18,
    "ProviderName": "Microsoft-Windows-Wininit",
    "Message": "VBS Key Isolation was started and will protect VSM-isolated keys."
  },
  {
    "TimeCreated": "2026-03-30 21:33:55",
    "Channel": "System",
    "Level": "Information",
    "EventId": 1,
    "ProviderName": "Microsoft-Windows-IsolatedUserMode",
    "Message": "Secure Trustlet \\??\\C:\\WINDOWS\\system32\\lsaiso.exe Id 1 and Pid 1596 started with status STATUS_SUCCESS."
  },
  {
    "TimeCreated": "2026-03-30 21:33:55",
    "Channel": "System",
    "Level": "Information",
    "EventId": 5,
    "ProviderName": "Microsoft-Windows-IsolatedUserMode",
    "Message": "Secure Trustlet NULL Id 0 and Pid 0 started with status STATUS_SUCCESS."
  },
  {
    "TimeCreated": "2026-03-30 21:33:55",
    "Channel": "System",
    "Level": "Information",
    "EventId": 14,
    "ProviderName": "Microsoft-Windows-Wininit",
    "Message": "Credential Guard configuration:  Registry Configuration: 0x0 Test Configuration: 0 Auto Enablement: 0"
  },
  {
    "TimeCreated": "2026-03-30 21:33:54",
    "Channel": "System",
    "Level": "Information",
    "EventId": 23,
    "ProviderName": "Microsoft-Windows-Wininit",
    "Message": "Boot App Anti-Rollback: Initialize Completed with status: HRESULT: The operation completed successfully. New timer needed: false New timer waiting for system update completion: false Previous latch timer exists but disabled by registry: false "
  },
  {
    "TimeCreated": "2026-03-30 21:33:54",
    "Channel": "System",
    "Level": "Information",
    "EventId": 25,
    "ProviderName": "Microsoft-Windows-Wininit",
    "Message": "Boot App Anti-Rollback: Previous timer resumed with status:  HRESULT: The operation completed successfully. Previous timer present: true Start time: ‎2026‎-‎02‎-‎11T23:58:58.848404600Z Grace period: 51840000000000 Attempted recovery enforcement succeeded: false "
  },
  {
    "TimeCreated": "2026-03-30 21:33:54",
    "Channel": "System",
    "Level": "Information",
    "EventId": 24,
    "ProviderName": "Microsoft-Windows-Wininit",
    "Message": "Boot App Anti-Rollback: Timer start completed with status:  Win32Error: 0 Start time: ‎2026‎-‎02‎-‎11T23:58:58.848404600Z Grace period: 51840000000000 Due time: ‎2026‎-‎04‎-‎12T23:58:58.848404600Z "
  },
  {
    "TimeCreated": "2026-03-30 21:33:54",
    "Channel": "System",
    "Level": "Information",
    "EventId": 19,
    "ProviderName": "Microsoft-Windows-Wininit",
    "Message": "Virtualization Based Security new timer creation status  HRESULT: The operation completed successfully. New latch timer needed: false New latch timer waiting for system update completion: false Previous latch timer exists but disabled by registry: false Policy file exists: false "
  },
  {
    "TimeCreated": "2026-03-30 21:33:53",
    "Channel": "System",
    "Level": "Warning",
    "EventId": 27,
    "ProviderName": "e1rexpress",
    "Message": "Intel(R) I211 Gigabit Network Connection  Network link is disconnected. "
  },
  {
    "TimeCreated": "2026-03-30 21:33:52",
    "Channel": "System",
    "Level": "Warning",
    "EventId": 6,
    "ProviderName": "BTHUSB",
    "Message": "Only one active Bluetooth adapter is supported at a time."
  },
  {
    "TimeCreated": "2026-03-30 21:33:52",
    "Channel": "System",
    "Level": "Warning",
    "EventId": 219,
    "ProviderName": "Microsoft-Windows-Kernel-PnP",
    "Message": "The driver \\Driver\\WUDFRd failed to load. Device: HID\\VID_0951&PID_16DF&MI_03&Col02\\8&2c632188&0&0001 Status: 0xC0000365"
  },
  {
    "TimeCreated": "2026-03-30 21:33:52",
    "Channel": "System",
    "Level": "Information",
    "EventId": 10118,
    "ProviderName": "Microsoft-Windows-DriverFrameworks-UserMode",
    "Message": "UMDF reflector is unable to connect to service control manager (SCM). This is expected during boot, when SCM has not started yet. Will retry when it starts."
  },
  {
    "TimeCreated": "2026-03-30 21:33:52",
    "Channel": "System",
    "Level": "Information",
    "EventId": 18,
    "ProviderName": "BTHUSB",
    "Message": "Windows cannot store Bluetooth authentication codes (link keys) on the local adapter. Bluetooth keyboards might not work in the system BIOS during startup."
  },
  {
    "TimeCreated": "2026-03-30 21:33:51",
    "Channel": "System",
    "Level": "Information",
    "EventId": 7018,
    "ProviderName": "Netwtw14",
    "Message": ""
  },
  {
    "TimeCreated": "2026-03-30 21:33:51",
    "Channel": "System",
    "Level": "Information",
    "EventId": 7017,
    "ProviderName": "Netwtw14",
    "Message": ""
  },
  {
    "TimeCreated": "2026-03-30 21:33:51",
    "Channel": "System",
    "Level": "Information",
    "EventId": 7010,
    "ProviderName": "Netwtw14",
    "Message": ""
  },
  {
    "TimeCreated": "2026-03-30 21:33:51",
    "Channel": "System",
    "Level": "Information",
    "EventId": 7005,
    "ProviderName": "Netwtw14",
    "Message": ""
  },
  {
    "TimeCreated": "2026-03-30 21:33:51",
    "Channel": "System",
    "Level": "Information",
    "EventId": 7027,
    "ProviderName": "Netwtw14",
    "Message": ""
  },
  {
    "TimeCreated": "2026-03-30 21:33:51",
    "Channel": "System",
    "Level": "Information",
    "EventId": 7029,
    "ProviderName": "Netwtw14",
    "Message": ""
  },
  {
    "TimeCreated": "2026-03-30 21:33:51",
    "Channel": "System",
    "Level": "Information",
    "EventId": 7036,
    "ProviderName": "Netwtw14",
    "Message": "The \\Device\\NDMP1 service entered the Intel(R) Wi-Fi 6E AX210 160MHz #2 state."
  },
  {
    "TimeCreated": "2026-03-30 21:33:51",
    "Channel": "System",
    "Level": "Information",
    "EventId": 55,
    "ProviderName": "Microsoft-Windows-Kernel-Processor-Power",
    "Message": "Processor 23 in group 0 exposes the following power management capabilities:  Idle state type: ACPI Idle (C) States (2 state(s))  Performance state type: ACPI Collaborative Processor Performance Control Nominal Frequency (MHz): 3701 Maximum performance percentage: 137 Minimum performance percentage: 59 Minimum throttle percentage: 15"
  },
  {
    "TimeCreated": "2026-03-30 21:33:51",
    "Channel": "System",
    "Level": "Information",
    "EventId": 55,
    "ProviderName": "Microsoft-Windows-Kernel-Processor-Power",
    "Message": "Processor 22 in group 0 exposes the following power management capabilities:  Idle state type: ACPI Idle (C) States (2 state(s))  Performance state type: ACPI Collaborative Processor Performance Control Nominal Frequency (MHz): 3701 Maximum performance percentage: 137 Minimum performance percentage: 59 Minimum throttle percentage: 15"
  },
  {
    "TimeCreated": "2026-03-30 21:33:51",
    "Channel": "System",
    "Level": "Information",
    "EventId": 55,
    "ProviderName": "Microsoft-Windows-Kernel-Processor-Power",
    "Message": "Processor 21 in group 0 exposes the following power management capabilities:  Idle state type: ACPI Idle (C) States (2 state(s))  Performance state type: ACPI Collaborative Processor Performance Control Nominal Frequency (MHz): 3701 Maximum performance percentage: 150 Minimum performance percentage: 59 Minimum throttle percentage: 15"
  },
  {
    "TimeCreated": "2026-03-30 21:33:51",
    "Channel": "System",
    "Level": "Information",
    "EventId": 55,
    "ProviderName": "Microsoft-Windows-Kernel-Processor-Power",
    "Message": "Processor 20 in group 0 exposes the following power management capabilities:  Idle state type: ACPI Idle (C) States (2 state(s))  Performance state type: ACPI Collaborative Processor Performance Control Nominal Frequency (MHz): 3701 Maximum performance percentage: 150 Minimum performance percentage: 59 Minimum throttle percentage: 15"
  },
  {
    "TimeCreated": "2026-03-30 21:33:51",
    "Channel": "System",
    "Level": "Information",
    "EventId": 55,
    "ProviderName": "Microsoft-Windows-Kernel-Processor-Power",
    "Message": "Processor 19 in group 0 exposes the following power management capabilities:  Idle state type: ACPI Idle (C) States (2 state(s))  Performance state type: ACPI Collaborative Processor Performance Control Nominal Frequency (MHz): 3701 Maximum performance percentage: 141 Minimum performance percentage: 59 Minimum throttle percentage: 15"
  },
  {
    "TimeCreated": "2026-03-30 21:33:51",
    "Channel": "System",
    "Level": "Information",
    "EventId": 55,
    "ProviderName": "Microsoft-Windows-Kernel-Processor-Power",
    "Message": "Processor 18 in group 0 exposes the following power management capabilities:  Idle state type: ACPI Idle (C) States (2 state(s))  Performance state type: ACPI Collaborative Processor Performance Control Nominal Frequency (MHz): 3701 Maximum performance percentage: 141 Minimum performance percentage: 59 Minimum throttle percentage: 15"
  },
  {
    "TimeCreated": "2026-03-30 21:33:51",
    "Channel": "System",
    "Level": "Information",
    "EventId": 55,
    "ProviderName": "Microsoft-Windows-Kernel-Processor-Power",
    "Message": "Processor 17 in group 0 exposes the following power management capabilities:  Idle state type: ACPI Idle (C) States (2 state(s))  Performance state type: ACPI Collaborative Processor Performance Control Nominal Frequency (MHz): 3701 Maximum performance percentage: 154 Minimum performance percentage: 59 Minimum throttle percentage: 15"
  },
  {
    "TimeCreated": "2026-03-30 21:33:51",
    "Channel": "System",
    "Level": "Information",
    "EventId": 55,
    "ProviderName": "Microsoft-Windows-Kernel-Processor-Power",
    "Message": "Processor 16 in group 0 exposes the following power management capabilities:  Idle state type: ACPI Idle (C) States (2 state(s))  Performance state type: ACPI Collaborative Processor Performance Control Nominal Frequency (MHz): 3701 Maximum performance percentage: 154 Minimum performance percentage: 59 Minimum throttle percentage: 15"
  },
  {
    "TimeCreated": "2026-03-30 21:33:51",
    "Channel": "System",
    "Level": "Information",
    "EventId": 55,
    "ProviderName": "Microsoft-Windows-Kernel-Processor-Power",
    "Message": "Processor 15 in group 0 exposes the following power management capabilities:  Idle state type: ACPI Idle (C) States (2 state(s))  Performance state type: ACPI Collaborative Processor Performance Control Nominal Frequency (MHz): 3701 Maximum performance percentage: 133 Minimum performance percentage: 59 Minimum throttle percentage: 15"
  },
  {
    "TimeCreated": "2026-03-30 21:33:51",
    "Channel": "System",
    "Level": "Information",
    "EventId": 55,
    "ProviderName": "Microsoft-Windows-Kernel-Processor-Power",
    "Message": "Processor 14 in group 0 exposes the following power management capabilities:  Idle state type: ACPI Idle (C) States (2 state(s))  Performance state type: ACPI Collaborative Processor Performance Control Nominal Frequency (MHz): 3701 Maximum performance percentage: 133 Minimum performance percentage: 59 Minimum throttle percentage: 15"
  },
  {
    "TimeCreated": "2026-03-30 21:33:51",
    "Channel": "System",
    "Level": "Information",
    "EventId": 55,
    "ProviderName": "Microsoft-Windows-Kernel-Processor-Power",
    "Message": "Processor 13 in group 0 exposes the following power management capabilities:  Idle state type: ACPI Idle (C) States (2 state(s))  Performance state type: ACPI Collaborative Processor Performance Control Nominal Frequency (MHz): 3701 Maximum performance percentage: 145 Minimum performance percentage: 59 Minimum throttle percentage: 15"
  },
