  {
    "TimeCreated": "2026-03-30 21:33:51",
    "Channel": "System",
    "Level": "Information",
    "EventId": 55,
    "ProviderName": "Microsoft-Windows-Kernel-Processor-Power",
    "Message": "Processor 12 in group 0 exposes the following power management capabilities:  Idle state type: ACPI Idle (C) States (2 state(s))  Performance state type: ACPI Collaborative Processor Performance Control Nominal Frequency (MHz): 3701 Maximum performance percentage: 145 Minimum performance percentage: 59 Minimum throttle percentage: 15"
  },
  {
    "TimeCreated": "2026-03-30 21:33:51",
    "Channel": "System",
    "Level": "Information",
    "EventId": 55,
    "ProviderName": "Microsoft-Windows-Kernel-Processor-Power",
    "Message": "Processor 11 in group 0 exposes the following power management capabilities:  Idle state type: ACPI Idle (C) States (2 state(s))  Performance state type: ACPI Collaborative Processor Performance Control Nominal Frequency (MHz): 3701 Maximum performance percentage: 158 Minimum performance percentage: 59 Minimum throttle percentage: 15"
  },
  {
    "TimeCreated": "2026-03-30 21:33:51",
    "Channel": "System",
    "Level": "Information",
    "EventId": 55,
    "ProviderName": "Microsoft-Windows-Kernel-Processor-Power",
    "Message": "Processor 10 in group 0 exposes the following power management capabilities:  Idle state type: ACPI Idle (C) States (2 state(s))  Performance state type: ACPI Collaborative Processor Performance Control Nominal Frequency (MHz): 3701 Maximum performance percentage: 158 Minimum performance percentage: 59 Minimum throttle percentage: 15"
  },
  {
    "TimeCreated": "2026-03-30 21:33:51",
    "Channel": "System",
    "Level": "Information",
    "EventId": 55,
    "ProviderName": "Microsoft-Windows-Kernel-Processor-Power",
    "Message": "Processor 9 in group 0 exposes the following power management capabilities:  Idle state type: ACPI Idle (C) States (2 state(s))  Performance state type: ACPI Collaborative Processor Performance Control Nominal Frequency (MHz): 3701 Maximum performance percentage: 166 Minimum performance percentage: 59 Minimum throttle percentage: 15"
  },
  {
    "TimeCreated": "2026-03-30 21:33:51",
    "Channel": "System",
    "Level": "Information",
    "EventId": 55,
    "ProviderName": "Microsoft-Windows-Kernel-Processor-Power",
    "Message": "Processor 8 in group 0 exposes the following power management capabilities:  Idle state type: ACPI Idle (C) States (2 state(s))  Performance state type: ACPI Collaborative Processor Performance Control Nominal Frequency (MHz): 3701 Maximum performance percentage: 166 Minimum performance percentage: 59 Minimum throttle percentage: 15"
  },
  {
    "TimeCreated": "2026-03-30 21:33:51",
    "Channel": "System",
    "Level": "Information",
    "EventId": 55,
    "ProviderName": "Microsoft-Windows-Kernel-Processor-Power",
    "Message": "Processor 7 in group 0 exposes the following power management capabilities:  Idle state type: ACPI Idle (C) States (2 state(s))  Performance state type: ACPI Collaborative Processor Performance Control Nominal Frequency (MHz): 3701 Maximum performance percentage: 162 Minimum performance percentage: 59 Minimum throttle percentage: 15"
  },
  {
    "TimeCreated": "2026-03-30 21:33:51",
    "Channel": "System",
    "Level": "Information",
    "EventId": 55,
    "ProviderName": "Microsoft-Windows-Kernel-Processor-Power",
    "Message": "Processor 6 in group 0 exposes the following power management capabilities:  Idle state type: ACPI Idle (C) States (2 state(s))  Performance state type: ACPI Collaborative Processor Performance Control Nominal Frequency (MHz): 3701 Maximum performance percentage: 162 Minimum performance percentage: 59 Minimum throttle percentage: 15"
  },
  {
    "TimeCreated": "2026-03-30 21:33:51",
    "Channel": "System",
    "Level": "Information",
    "EventId": 55,
    "ProviderName": "Microsoft-Windows-Kernel-Processor-Power",
    "Message": "Processor 5 in group 0 exposes the following power management capabilities:  Idle state type: ACPI Idle (C) States (2 state(s))  Performance state type: ACPI Collaborative Processor Performance Control Nominal Frequency (MHz): 3701 Maximum performance percentage: 174 Minimum performance percentage: 59 Minimum throttle percentage: 15"
  },
  {
    "TimeCreated": "2026-03-30 21:33:51",
    "Channel": "System",
    "Level": "Information",
    "EventId": 55,
    "ProviderName": "Microsoft-Windows-Kernel-Processor-Power",
    "Message": "Processor 4 in group 0 exposes the following power management capabilities:  Idle state type: ACPI Idle (C) States (2 state(s))  Performance state type: ACPI Collaborative Processor Performance Control Nominal Frequency (MHz): 3701 Maximum performance percentage: 174 Minimum performance percentage: 59 Minimum throttle percentage: 15"
  },
  {
    "TimeCreated": "2026-03-30 21:33:50",
    "Channel": "System",
    "Level": "Information",
    "EventId": 55,
    "ProviderName": "Microsoft-Windows-Kernel-Processor-Power",
    "Message": "Processor 3 in group 0 exposes the following power management capabilities:  Idle state type: ACPI Idle (C) States (2 state(s))  Performance state type: ACPI Collaborative Processor Performance Control Nominal Frequency (MHz): 3701 Maximum performance percentage: 174 Minimum performance percentage: 59 Minimum throttle percentage: 15"
  },
  {
    "TimeCreated": "2026-03-30 21:33:50",
    "Channel": "System",
    "Level": "Information",
    "EventId": 55,
    "ProviderName": "Microsoft-Windows-Kernel-Processor-Power",
    "Message": "Processor 2 in group 0 exposes the following power management capabilities:  Idle state type: ACPI Idle (C) States (2 state(s))  Performance state type: ACPI Collaborative Processor Performance Control Nominal Frequency (MHz): 3701 Maximum performance percentage: 174 Minimum performance percentage: 59 Minimum throttle percentage: 15"
  },
  {
    "TimeCreated": "2026-03-30 21:33:50",
    "Channel": "System",
    "Level": "Information",
    "EventId": 55,
    "ProviderName": "Microsoft-Windows-Kernel-Processor-Power",
    "Message": "Processor 1 in group 0 exposes the following power management capabilities:  Idle state type: ACPI Idle (C) States (2 state(s))  Performance state type: ACPI Collaborative Processor Performance Control Nominal Frequency (MHz): 3701 Maximum performance percentage: 170 Minimum performance percentage: 59 Minimum throttle percentage: 15"
  },
  {
    "TimeCreated": "2026-03-30 21:33:50",
    "Channel": "System",
    "Level": "Information",
    "EventId": 55,
    "ProviderName": "Microsoft-Windows-Kernel-Processor-Power",
    "Message": "Processor 0 in group 0 exposes the following power management capabilities:  Idle state type: ACPI Idle (C) States (2 state(s))  Performance state type: ACPI Collaborative Processor Performance Control Nominal Frequency (MHz): 3701 Maximum performance percentage: 170 Minimum performance percentage: 59 Minimum throttle percentage: 15"
  },
  {
    "TimeCreated": "2026-03-30 21:33:50",
    "Channel": "System",
    "Level": "Information",
    "EventId": 24,
    "ProviderName": "Microsoft-Windows-Kernel-General",
    "Message": "The time zone information was refreshed with exit reason 0. Current time zone bias is 300."
  },
  {
    "TimeCreated": "2026-03-30 21:33:50",
    "Channel": "System",
    "Level": "Information",
    "EventId": 98,
    "ProviderName": "Microsoft-Windows-Ntfs",
    "Message": "Volume \\\\?\\Volume{dd369f6e-a7cb-439e-ade2-7a8ecac22c7f} (\\Device\\HarddiskVolume4) is healthy.  No action is needed."
  },
  {
    "TimeCreated": "2026-03-30 21:33:49",
    "Channel": "System",
    "Level": "Information",
    "EventId": 98,
    "ProviderName": "Microsoft-Windows-Ntfs",
    "Message": "Volume D: (\\Device\\HarddiskVolume7) is healthy.  No action is needed."
  },
  {
    "TimeCreated": "2026-03-30 21:33:49",
    "Channel": "System",
    "Level": "Information",
    "EventId": 172,
    "ProviderName": "Microsoft-Windows-Kernel-Power",
    "Message": "Connectivity state in standby: Disconnected, Reason: NIC compliance"
  },
  {
    "TimeCreated": "2026-03-30 21:33:49",
    "Channel": "System",
    "Level": "Information",
    "EventId": 26,
    "ProviderName": "Application Popup",
    "Message": ""
  },
  {
    "TimeCreated": "2026-03-30 21:33:49",
    "Channel": "System",
    "Level": "Information",
    "EventId": 6,
    "ProviderName": "Microsoft-Windows-FilterManager",
    "Message": "File System Filter 'npsvctrig' (10.0, ‎1978‎-‎05‎-‎14T04:13:30.000000000Z) has successfully loaded and registered with Filter Manager."
  },
  {
    "TimeCreated": "2026-03-30 21:33:49",
    "Channel": "System",
    "Level": "Information",
    "EventId": 7036,
    "ProviderName": "VfpExt",
    "Message": "The  service entered the Driver load complete state."
  },
  {
    "TimeCreated": "2026-03-30 21:33:49",
    "Channel": "System",
    "Level": "Information",
    "EventId": 7036,
    "ProviderName": "VfpExt",
    "Message": "The  service entered the Driver load start state."
  },
  {
    "TimeCreated": "2026-03-30 21:33:49",
    "Channel": "System",
    "Level": "Information",
    "EventId": 6,
    "ProviderName": "Microsoft-Windows-FilterManager",
    "Message": "File System Filter 'UCPD' (10.0, ‎2061‎-‎11‎-‎20T02:48:12.000000000Z) has successfully loaded and registered with Filter Manager."
  },
  {
    "TimeCreated": "2026-03-30 21:33:49",
    "Channel": "System",
    "Level": "Information",
    "EventId": 6,
    "ProviderName": "Microsoft-Windows-FilterManager",
    "Message": "File System Filter 'FileCrypt' (10.0, ‎2075‎-‎08‎-‎31T17:07:07.000000000Z) has successfully loaded and registered with Filter Manager."
  },
  {
    "TimeCreated": "2026-03-30 21:33:49",
    "Channel": "System",
    "Level": "Information",
    "EventId": 98,
    "ProviderName": "Microsoft-Windows-Ntfs",
    "Message": "Volume C: (\\Device\\HarddiskVolume3) is healthy.  No action is needed."
  },
  {
    "TimeCreated": "2026-03-30 21:33:48",
    "Channel": "System",
    "Level": "Information",
    "EventId": 6,
    "ProviderName": "Microsoft-Windows-FilterManager",
    "Message": "File System Filter 'WdFilter' (10.0, ‎2052‎-‎04‎-‎01T05:08:29.000000000Z) has successfully loaded and registered with Filter Manager."
  },
  {
    "TimeCreated": "2026-03-30 21:33:48",
    "Channel": "System",
    "Level": "Information",
    "EventId": 6,
    "ProviderName": "Microsoft-Windows-FilterManager",
    "Message": "File System Filter 'Wof' (10.0, ‎2089‎-‎07‎-‎14T21:58:05.000000000Z) has successfully loaded and registered with Filter Manager."
  },
  {
    "TimeCreated": "2026-03-30 21:33:48",
    "Channel": "System",
    "Level": "Information",
    "EventId": 6,
    "ProviderName": "Microsoft-Windows-FilterManager",
    "Message": "File System Filter 'FileInfo' (10.0, ‎2093‎-‎04‎-‎01T20:29:43.000000000Z) has successfully loaded and registered with Filter Manager."
  },
  {
    "TimeCreated": "2026-03-30 21:33:47",
    "Channel": "System",
    "Level": "Information",
    "EventId": 16,
    "ProviderName": "Microsoft-Windows-HAL",
    "Message": "IOMMU fault reporting has been initialized."
  },
  {
    "TimeCreated": "2026-03-30 21:33:47",
    "Channel": "System",
    "Level": "Information",
    "EventId": 20,
    "ProviderName": "Microsoft-Windows-Kernel-General",
    "Message": "The leap second configuration has been updated. Reason: Leap second data initialized from registry during boot Leap seconds enabled: true New leap second count: 0 Old leap second count: 0"
  },
  {
    "TimeCreated": "2026-03-30 21:33:47",
    "Channel": "System",
    "Level": "Information",
    "EventId": 30,
    "ProviderName": "Microsoft-Windows-Kernel-Boot",
    "Message": "The firmware reported boot metrics."
  },
  {
    "TimeCreated": "2026-03-30 21:33:47",
    "Channel": "System",
    "Level": "Information",
    "EventId": 3,
    "ProviderName": "Microsoft-Windows-IsolatedUserMode",
    "Message": "Secure Kernel started with status STATUS_SUCCESS and flags HvciEnabled,HvciStrictMode."
  },
  {
    "TimeCreated": "2026-03-30 21:33:47",
    "Channel": "System",
    "Level": "Information",
    "EventId": 165,
    "ProviderName": "Microsoft-Windows-Hyper-V-Hypervisor",
    "Message": "Hypervisor configured mitigations for CVE-2019-11091, CVE-2018-12126, CVE-2018-12127, CVE-2018-12130 for virtual machines.  Processor not affected: false Processor family not affected: false Processor supports microarchitectural buffer flush: false Buffer flush needed: false "
  },
  {
    "TimeCreated": "2026-03-30 21:33:47",
    "Channel": "System",
    "Level": "Information",
    "EventId": 156,
    "ProviderName": "Microsoft-Windows-Hyper-V-Hypervisor",
    "Message": "Hypervisor configured mitigations for CVE-2018-3646 for virtual machines.  Processor not affected: false Processor family not affected: false Processor supports cache flush: false HyperThreading enabled: true Parent hypervisor applies mitigations: false Mitigations disabled by bcdedit: false Mitigations enabled: true Cache flush needed: false "
  },
  {
    "TimeCreated": "2026-03-30 21:33:47",
    "Channel": "System",
    "Level": "Information",
    "EventId": 129,
    "ProviderName": "Microsoft-Windows-Hyper-V-Hypervisor",
    "Message": "Hypervisor initialized I/O remapping.  Hardware present: false Hardware enabled: false Policy: 0x0 Enabled features: 0x0 Internal information: 0x0 Problems: 0x0 Additional information: 0x0"
  },
  {
    "TimeCreated": "2026-03-30 21:33:47",
    "Channel": "System",
    "Level": "Information",
    "EventId": 2,
    "ProviderName": "Microsoft-Windows-Hyper-V-Hypervisor",
    "Message": "Hypervisor scheduler type is 0x4."
  },
  {
    "TimeCreated": "2026-03-30 21:33:47",
    "Channel": "System",
    "Level": "Information",
    "EventId": 1,
    "ProviderName": "Microsoft-Windows-Hyper-V-Hypervisor",
    "Message": "Hypervisor successfully started."
  },
  {
    "TimeCreated": "2026-03-30 21:33:47",
    "Channel": "System",
    "Level": "Information",
    "EventId": 27,
    "ProviderName": "Microsoft-Windows-Kernel-Boot",
    "Message": "The boot type was 0x0."
  },
  {
    "TimeCreated": "2026-03-30 21:33:47",
    "Channel": "System",
    "Level": "Information",
    "EventId": 25,
    "ProviderName": "Microsoft-Windows-Kernel-Boot",
    "Message": "The boot menu policy was 0x1."
  },
  {
    "TimeCreated": "2026-03-30 21:33:47",
    "Channel": "System",
    "Level": "Information",
    "EventId": 238,
    "ProviderName": "Microsoft-Windows-Kernel-Boot",
    "Message": "EFI time zone bias: 2047. Daylight flags: 0. Firmware time: ‎2026‎-‎03‎-‎30T21:33:46.000000000Z."
  },
  {
    "TimeCreated": "2026-03-30 21:33:47",
    "Channel": "System",
    "Level": "Information",
    "EventId": 247,
    "ProviderName": "Microsoft-Windows-Kernel-Boot",
    "Message": "Unable to load Pluton-Windows firmware. StatusCode: STATUS_SUCCESS, Reason: Failed to apply firmware."
  },
  {
    "TimeCreated": "2026-03-30 21:33:47",
    "Channel": "System",
    "Level": "Information",
    "EventId": 20,
    "ProviderName": "Microsoft-Windows-Kernel-Boot",
    "Message": "The last shutdown's success status was true. The last boot's success status was true."
  },
  {
    "TimeCreated": "2026-03-30 21:33:47",
    "Channel": "System",
    "Level": "Information",
    "EventId": 32,
    "ProviderName": "Microsoft-Windows-Kernel-Boot",
    "Message": "The bootmgr spent 0 ms waiting for user input."
  },
  {
    "TimeCreated": "2026-03-30 21:33:47",
    "Channel": "System",
    "Level": "Information",
    "EventId": 18,
    "ProviderName": "Microsoft-Windows-Kernel-Boot",
    "Message": "There are 0x1 boot options on this system."
  },
  {
    "TimeCreated": "2026-03-30 21:33:47",
    "Channel": "System",
    "Level": "Information",
    "EventId": 153,
    "ProviderName": "Microsoft-Windows-Kernel-Boot",
    "Message": "Virtualization-based security (policies: VBS Enabled,VSM Required,Hvci,Boot Chain Signer Soft Enforced) is enabled due to VBS registry configuration."
  },
  {
    "TimeCreated": "2026-03-30 21:33:47",
    "Channel": "System",
    "Level": "Information",
    "EventId": 25,
    "ProviderName": "Microsoft-Windows-Kernel-General",
    "Message": "The system time was initialized to ‎2026‎-‎03‎-‎31T02:33:47.500000000Z.   Loader time: ‎2026‎-‎03‎-‎31T02:33:46.000000000Z Internal boot flags: 0x2 HAL RTC error code: 0x0 RTC time is in UTC: false Soft boot: false Success: true Phase: 0"
  },
  {
    "TimeCreated": "2026-03-30 21:33:47",
    "Channel": "System",
    "Level": "Information",
    "EventId": 12,
    "ProviderName": "Microsoft-Windows-Kernel-General",
    "Message": "The operating system started at system time ‎2026‎-‎03‎-‎31T02:33:47.500000000Z."
  },
  {
    "TimeCreated": "2026-03-30 16:59:11",
    "Channel": "System",
    "Level": "Information",
    "EventId": 13,
    "ProviderName": "Microsoft-Windows-Kernel-General",
    "Message": "The operating system is shutting down at system time ‎2026‎-‎03‎-‎30T21:59:11.352753000Z."
  },
  {
    "TimeCreated": "2026-03-30 16:59:11",
    "Channel": "System",
    "Level": "Information",
    "EventId": 577,
    "ProviderName": "Microsoft-Windows-Kernel-Power",
    "Message": "The system has prepared for a system initiated reboot from Active."
  },
  {
    "TimeCreated": "2026-03-30 16:59:09",
    "Channel": "System",
    "Level": "Information",
    "EventId": 109,
    "ProviderName": "Microsoft-Windows-Kernel-Power",
    "Message": "The kernel power manager has initiated a shutdown transition.  Action: Power Action Shutdown Off  Event Code: 0x0  Reason: Kernel API"
  },
  {
    "TimeCreated": "2026-03-30 16:59:08",
    "Channel": "System",
    "Level": "Information",
    "EventId": 4001,
    "ProviderName": "Microsoft-Windows-WLAN-AutoConfig",
    "Message": "WLAN AutoConfig service has successfully stopped. "
  },
  {
    "TimeCreated": "2026-03-30 16:59:08",
    "Channel": "System",
    "Level": "Warning",
    "EventId": 10002,
    "ProviderName": "Microsoft-Windows-WLAN-AutoConfig",
    "Message": "WLAN Extensibility Module has stopped.  Module Path: C:\\WINDOWS\\System32\\DriverStore\\FileRepository\\netwtw6e.inf_amd64_d488480304e1f365\\IntelIHVRouter14.dll "
  },
  {
    "TimeCreated": "2026-03-30 21:33:55",
    "Channel": "System",
    "Level": "Information",
    "EventId": 6013,
    "ProviderName": "EventLog",
    "Message": "The system uptime is 8 seconds."
  },
  {
    "TimeCreated": "2026-03-30 21:33:55",
    "Channel": "System",
    "Level": "Information",
    "EventId": 6005,
    "ProviderName": "EventLog",
    "Message": "The Event log service was started."
  },
  {
    "TimeCreated": "2026-03-30 21:33:55",
    "Channel": "System",
    "Level": "Information",
    "EventId": 6009,
    "ProviderName": "EventLog",
    "Message": "Microsoft (R) Windows (R) 10.00. 26200  Multiprocessor Free."
  },
  {
    "TimeCreated": "2026-03-30 16:59:08",
    "Channel": "System",
    "Level": "Information",
    "EventId": 50037,
    "ProviderName": "Microsoft-Windows-Dhcp-Client",
    "Message": "DHCPv4 client service is stopped. ShutDown Flag value is 1"
  },
  {
    "TimeCreated": "2026-03-30 16:59:08",
    "Channel": "System",
    "Level": "Information",
    "EventId": 50106,
    "ProviderName": "Microsoft-Windows-Dhcp-Client",
    "Message": "DHCPv4 is waiting on DHCPv6 service to stop"
  },
  {
    "TimeCreated": "2026-03-30 16:59:08",
    "Channel": "System",
    "Level": "Information",
    "EventId": 51057,
    "ProviderName": "Microsoft-Windows-DHCPv6-Client",
    "Message": "DHCPv6 client service stop is almost done.DHCP Context Ref count is 1"
  },
  {
    "TimeCreated": "2026-03-30 16:59:08",
    "Channel": "System",
    "Level": "Information",
    "EventId": 51047,
    "ProviderName": "Microsoft-Windows-DHCPv6-Client",
    "Message": "DHCPv6 client service is stopped. ShutDown Flag value is 1"
  },
  {
    "TimeCreated": "2026-03-30 16:59:08",
    "Channel": "System",
    "Level": "Information",
    "EventId": 50105,
    "ProviderName": "Microsoft-Windows-Dhcp-Client",
    "Message": "DHCPv4 client ProcessDHCPRequestForever received TERMINATE_EVENT"
  },
  {
    "TimeCreated": "2026-03-30 16:59:08",
    "Channel": "System",
    "Level": "Information",
    "EventId": 117,
    "ProviderName": "Microsoft-Windows-HttpService",
    "Message": "Delete URL group 0xFE00000D20000001. Status 0x0. Process Id 0x144C Executable path \\Device\\HarddiskVolume3\\Windows\\System32\\svchost.exe, User S-1-5-18"
  },
  {
    "TimeCreated": "2026-03-30 16:59:08",
    "Channel": "System",
    "Level": "Information",
    "EventId": 117,
    "ProviderName": "Microsoft-Windows-HttpService",
    "Message": "Delete URL group 0xFF00000F20000001. Status 0x0. Process Id 0x1420 Executable path \\Device\\HarddiskVolume3\\Program Files (x86)\\MSI\\One Dragon Center\\Mystic_Light\\LightKeeperService.exe, User S-1-5-18"
  },
  {
    "TimeCreated": "2026-03-30 16:59:08",
    "Channel": "System",
    "Level": "Information",
    "EventId": 114,
    "ProviderName": "Microsoft-Windows-HttpService",
    "Message": "Removed URL (http://localhost:1462/) from URL group (0xFF00000F20000001). Process Id 0x1420 Executable path \\Device\\HarddiskVolume3\\Program Files (x86)\\MSI\\One Dragon Center\\Mystic_Light\\LightKeeperService.exe, User S-1-5-18"
  },
  {
    "TimeCreated": "2026-03-30 16:59:08",
    "Channel": "System",
    "Level": "Information",
    "EventId": 50104,
    "ProviderName": "Microsoft-Windows-Dhcp-Client",
    "Message": "DHCPv4 client received shutdown notification"
  },
  {
    "TimeCreated": "2026-03-30 16:59:07",
    "Channel": "System",
    "Level": "Information",
    "EventId": 7002,
    "ProviderName": "Microsoft-Windows-Winlogon",
    "Message": "User Logoff Notification for Customer Experience Improvement Program"
  },
  {
    "TimeCreated": "2026-03-30 16:59:07",
    "Channel": "System",
    "Level": "Information",
    "EventId": 1074,
    "ProviderName": "User32",
    "Message": "The process C:\\WINDOWS\\system32\\winlogon.exe (DESKTOP-KN) has initiated the power off of computer DESKTOP-KN on behalf of user NT AUTHORITY\\SYSTEM for the following reason: No title for this reason could be found  Reason Code: 0x500ff  Shutdown Type: power off  Comment: "
  },
  {
    "TimeCreated": "2026-03-30 16:59:08",
    "Channel": "System",
    "Level": "Information",
    "EventId": 6006,
    "ProviderName": "EventLog",
    "Message": "The Event log service was stopped."
  },
  {
    "TimeCreated": "2026-03-30 16:56:12",
    "Channel": "System",
    "Level": "Warning",
    "EventId": 10016,
    "ProviderName": "Microsoft-Windows-DistributedCOM",
    "Message": "The application-specific permission settings do not grant Local Activation permission for the COM Server application with CLSID  {2593F8B9-4EAF-457C-B68A-50F6B8EA6B54}  and APPID  {15C20B67-12E7-4BB6-92BB-7AFF07997402}  to the user DESKTOP-KN\\Owner SID (S-1-5-21-1775440496-1244785614-1751367727-1001) from address LocalHost (Using LRPC) running in the application container Unavailable SID (Unavailable). This security permission can be modified using the Component Services administrative tool."
  },
  {
    "TimeCreated": "2026-03-30 16:49:50",
    "Channel": "System",
    "Level": "Warning",
    "EventId": 10016,
    "ProviderName": "Microsoft-Windows-DistributedCOM",
    "Message": "The application-specific permission settings do not grant Local Activation permission for the COM Server application with CLSID  {2593F8B9-4EAF-457C-B68A-50F6B8EA6B54}  and APPID  {15C20B67-12E7-4BB6-92BB-7AFF07997402}  to the user DESKTOP-KN\\Owner SID (S-1-5-21-1775440496-1244785614-1751367727-1001) from address LocalHost (Using LRPC) running in the application container Unavailable SID (Unavailable). This security permission can be modified using the Component Services administrative tool."
  },
  {
    "TimeCreated": "2026-03-30 16:43:44",
    "Channel": "System",
    "Level": "Warning",
    "EventId": 10016,
    "ProviderName": "Microsoft-Windows-DistributedCOM",
    "Message": "The application-specific permission settings do not grant Local Activation permission for the COM Server application with CLSID  {2593F8B9-4EAF-457C-B68A-50F6B8EA6B54}  and APPID  {15C20B67-12E7-4BB6-92BB-7AFF07997402}  to the user DESKTOP-KN\\Owner SID (S-1-5-21-1775440496-1244785614-1751367727-1001) from address LocalHost (Using LRPC) running in the application container Unavailable SID (Unavailable). This security permission can be modified using the Component Services administrative tool."
  },
  {
    "TimeCreated": "2026-03-30 16:43:35",
    "Channel": "System",
    "Level": "Warning",
    "EventId": 10016,
    "ProviderName": "Microsoft-Windows-DistributedCOM",
    "Message": "The application-specific permission settings do not grant Local Activation permission for the COM Server application with CLSID  {2593F8B9-4EAF-457C-B68A-50F6B8EA6B54}  and APPID  {15C20B67-12E7-4BB6-92BB-7AFF07997402}  to the user DESKTOP-KN\\Owner SID (S-1-5-21-1775440496-1244785614-1751367727-1001) from address LocalHost (Using LRPC) running in the application container Unavailable SID (Unavailable). This security permission can be modified using the Component Services administrative tool."
  },
  {
    "TimeCreated": "2026-03-30 16:22:21",
    "Channel": "System",
    "Level": "Warning",
    "EventId": 10016,
    "ProviderName": "Microsoft-Windows-DistributedCOM",
    "Message": "The application-specific permission settings do not grant Local Activation permission for the COM Server application with CLSID  {2593F8B9-4EAF-457C-B68A-50F6B8EA6B54}  and APPID  {15C20B67-12E7-4BB6-92BB-7AFF07997402}  to the user DESKTOP-KN\\Owner SID (S-1-5-21-1775440496-1244785614-1751367727-1001) from address LocalHost (Using LRPC) running in the application container Unavailable SID (Unavailable). This security permission can be modified using the Component Services administrative tool."
  },
  {
    "TimeCreated": "2026-03-30 16:22:08",
    "Channel": "System",
    "Level": "Information",
    "EventId": 7045,
    "ProviderName": "Service Control Manager",
    "Message": "A service was installed in the system.  Service Name:  NTIOLib_MysticLight Service File Name:  C:\\Program Files (x86)\\MSI\\One Dragon Center\\Mystic_Light\\Lib\\\\NTIOLib_X64.sys Service Type:  kernel mode driver Service Start Type:  demand start Service Account:  "
  },
  {
    "TimeCreated": "2026-03-30 16:21:17",
    "Channel": "System",
    "Level": "Warning",
    "EventId": 10016,
    "ProviderName": "Microsoft-Windows-DistributedCOM",
    "Message": "The application-specific permission settings do not grant Local Activation permission for the COM Server application with CLSID  {2593F8B9-4EAF-457C-B68A-50F6B8EA6B54}  and APPID  {15C20B67-12E7-4BB6-92BB-7AFF07997402}  to the user DESKTOP-KN\\Owner SID (S-1-5-21-1775440496-1244785614-1751367727-1001) from address LocalHost (Using LRPC) running in the application container Unavailable SID (Unavailable). This security permission can be modified using the Component Services administrative tool."
  },
  {
    "TimeCreated": "2026-03-30 15:54:51",
    "Channel": "System",
    "Level": "Information",
    "EventId": 114,
    "ProviderName": "Microsoft-Windows-HttpService",
    "Message": "Removed URL (http://*:2869/upnp/eventing/) from URL group (0xFC00000320000001). Process Id 0x1F8C Executable path \\Device\\HarddiskVolume3\\Windows\\System32\\svchost.exe, User S-1-5-19"
  },
  {
    "TimeCreated": "2026-03-30 15:54:51",
    "Channel": "System",
    "Level": "Information",
    "EventId": 7040,
    "ProviderName": "Service Control Manager",
    "Message": "The start type of the Background Intelligent Transfer Service service was changed from auto start to demand start."
  },
  {
    "TimeCreated": "2026-03-30 15:54:46",
    "Channel": "System",
    "Level": "Information",
    "EventId": 7045,
    "ProviderName": "Service Control Manager",
    "Message": "A service was installed in the system.  Service Name:  NTIOLib_MysticLight Service File Name:  C:\\Program Files (x86)\\MSI\\One Dragon Center\\Mystic_Light\\Lib\\\\NTIOLib_X64.sys Service Type:  kernel mode driver Service Start Type:  demand start Service Account:  "
  },
  {
    "TimeCreated": "2026-03-30 15:53:08",
    "Channel": "System",
    "Level": "Information",
    "EventId": 7045,
    "ProviderName": "Service Control Manager",
    "Message": "A service was installed in the system.  Service Name:  NTIOLib_MysticLight Service File Name:  C:\\Program Files (x86)\\MSI\\One Dragon Center\\Mystic_Light\\Lib\\\\NTIOLib_X64.sys Service Type:  kernel mode driver Service Start Type:  demand start Service Account:  "
  },
  {
    "TimeCreated": "2026-03-30 15:52:35",
    "Channel": "System",
    "Level": "Information",
    "EventId": 113,
    "ProviderName": "Microsoft-Windows-HttpService",
    "Message": "Attempted to add URL (http://*:2869/upnp/eventing/) to URL group (0xFC00000320000001). Status: 0x0. Process Id 0x1F8C Executable path \\Device\\HarddiskVolume3\\Windows\\System32\\svchost.exe, User S-1-5-19"
  },
  {
    "TimeCreated": "2026-03-30 15:52:35",
    "Channel": "System",
    "Level": "Information",
    "EventId": 114,
    "ProviderName": "Microsoft-Windows-HttpService",
    "Message": "Removed URL (http://*:2869/upnp/eventing/) from URL group (0xFE00000120000001). Process Id 0x1F8C Executable path \\Device\\HarddiskVolume3\\Windows\\System32\\svchost.exe, User S-1-5-19"
  },
  {
    "TimeCreated": "2026-03-30 15:52:31",
    "Channel": "System",
    "Level": "Information",
    "EventId": 113,
    "ProviderName": "Microsoft-Windows-HttpService",
    "Message": "Attempted to add URL (http://*:2869/upnp/eventing/) to URL group (0xFE00000120000001). Status: 0x0. Process Id 0x1F8C Executable path \\Device\\HarddiskVolume3\\Windows\\System32\\svchost.exe, User S-1-5-19"
  },
  {
    "TimeCreated": "2026-03-30 15:52:26",
    "Channel": "System",
    "Level": "Information",
    "EventId": 7040,
    "ProviderName": "Service Control Manager",
    "Message": "The start type of the Background Intelligent Transfer Service service was changed from demand start to auto start."
  },
  {
    "TimeCreated": "2026-03-30 15:50:54",
    "Channel": "System",
    "Level": "Warning",
    "EventId": 10016,
    "ProviderName": "Microsoft-Windows-DistributedCOM",
    "Message": "The application-specific permission settings do not grant Local Activation permission for the COM Server application with CLSID  {2593F8B9-4EAF-457C-B68A-50F6B8EA6B54}  and APPID  {15C20B67-12E7-4BB6-92BB-7AFF07997402}  to the user DESKTOP-KN\\Owner SID (S-1-5-21-1775440496-1244785614-1751367727-1001) from address LocalHost (Using LRPC) running in the application container Unavailable SID (Unavailable). This security permission can be modified using the Component Services administrative tool."
  },
  {
    "TimeCreated": "2026-03-30 15:35:21",
    "Channel": "System",
    "Level": "Information",
    "EventId": 16,
    "ProviderName": "Microsoft-Windows-Kernel-General",
    "Message": "The access history in hive \\??\\C:\\ProgramData\\Packages\\WinRAR.ShellExtension_s4jet1zx4n14a\\S-1-5-21-1775440496-1244785614-1751367727-1001\\SystemAppData\\Helium\\Cache\\404089864fa344cb_COM15.dat was cleared updating 1 keys and creating 1 modified pages."
  },
  {
    "TimeCreated": "2026-03-30 15:35:21",
    "Channel": "System",
    "Level": "Information",
    "EventId": 16,
    "ProviderName": "Microsoft-Windows-Kernel-General",
    "Message": "The access history in hive \\??\\C:\\ProgramData\\Packages\\Microsoft.WindowsNotepad_8wekyb3d8bbwe\\S-1-5-21-1775440496-1244785614-1751367727-1001\\SystemAppData\\Helium\\Cache\\4f59481220cd4b4a_COM15.dat was cleared updating 1 keys and creating 1 modified pages."
  },
  {
    "TimeCreated": "2026-03-30 15:35:21",
    "Channel": "System",
    "Level": "Information",
    "EventId": 16,
    "ProviderName": "Microsoft-Windows-Kernel-General",
    "Message": "The access history in hive \\??\\C:\\Users\\Owner\\AppData\\Local\\Packages\\Microsoft.WindowsNotepad_8wekyb3d8bbwe\\SystemAppData\\Helium\\UserClasses.dat was cleared updating 10 keys and creating 2 modified pages."
  },
  {
    "TimeCreated": "2026-03-30 15:35:21",
    "Channel": "System",
    "Level": "Information",
    "EventId": 16,
    "ProviderName": "Microsoft-Windows-Kernel-General",
    "Message": "The access history in hive \\??\\C:\\Users\\Owner\\AppData\\Local\\Packages\\Microsoft.WindowsNotepad_8wekyb3d8bbwe\\SystemAppData\\Helium\\User.dat was cleared updating 16 keys and creating 6 modified pages."
  },
  {
    "TimeCreated": "2026-03-30 15:24:12",
    "Channel": "System",
    "Level": "Warning",
    "EventId": 10016,
    "ProviderName": "Microsoft-Windows-DistributedCOM",
    "Message": "The application-specific permission settings do not grant Local Activation permission for the COM Server application with CLSID  {2593F8B9-4EAF-457C-B68A-50F6B8EA6B54}  and APPID  {15C20B67-12E7-4BB6-92BB-7AFF07997402}  to the user DESKTOP-KN\\Owner SID (S-1-5-21-1775440496-1244785614-1751367727-1001) from address LocalHost (Using LRPC) running in the application container Unavailable SID (Unavailable). This security permission can be modified using the Component Services administrative tool."
  },
  {
    "TimeCreated": "2026-03-30 15:23:03",
    "Channel": "System",
    "Level": "Information",
    "EventId": 15,
    "ProviderName": "Microsoft-Windows-Kernel-General",
    "Message": "Hive \\SystemRoot\\System32\\config\\DRIVERS was reorganized with a starting size of 10743808 bytes and an ending size of 10723328 bytes."
  },
  {
    "TimeCreated": "2026-03-30 15:22:56",
    "Channel": "System",
    "Level": "Information",
    "EventId": 7045,
    "ProviderName": "Service Control Manager",
    "Message": "A service was installed in the system.  Service Name:  NTIOLib_MysticLight Service File Name:  C:\\Program Files (x86)\\MSI\\One Dragon Center\\Mystic_Light\\Lib\\\\NTIOLib_X64.sys Service Type:  kernel mode driver Service Start Type:  demand start Service Account:  "
  },
  {
    "TimeCreated": "2026-03-30 15:22:23",
    "Channel": "System",
    "Level": "Warning",
    "EventId": 10016,
    "ProviderName": "Microsoft-Windows-DistributedCOM",
    "Message": "The application-specific permission settings do not grant Local Activation permission for the COM Server application with CLSID  {2593F8B9-4EAF-457C-B68A-50F6B8EA6B54}  and APPID  {15C20B67-12E7-4BB6-92BB-7AFF07997402}  to the user DESKTOP-KN\\Owner SID (S-1-5-21-1775440496-1244785614-1751367727-1001) from address LocalHost (Using LRPC) running in the application container Unavailable SID (Unavailable). This security permission can be modified using the Component Services administrative tool."
  },
  {
    "TimeCreated": "2026-03-30 15:19:57",
    "Channel": "System",
    "Level": "Warning",
    "EventId": 8265,
    "ProviderName": "Microsoft-Windows-EnhancedPhishingProtection-Events",
    "Message": "Aggregated Threat assessment of current system instance"
  },
  {
    "TimeCreated": "2026-03-30 15:18:10",
    "Channel": "System",
    "Level": "Warning",
    "EventId": 4266,
    "ProviderName": "Tcpip",
    "Message": "A request to allocate an ephemeral port number from the global UDP port space has failed due to all such ports being in use."
  },
  {
    "TimeCreated": "2026-03-30 14:43:45",
    "Channel": "System",
    "Level": "Information",
    "EventId": 7040,
    "ProviderName": "Service Control Manager",
    "Message": "The start type of the Background Intelligent Transfer Service service was changed from auto start to demand start."
  },
  {
    "TimeCreated": "2026-03-30 14:42:41",
    "Channel": "System",
    "Level": "Information",
    "EventId": 11,
    "ProviderName": "Microsoft-Windows-Kernel-General",
    "Message": "TxR init phase for hive \\??\\GLOBALROOT\\Device\\HarddiskVolumeShadowCopy1\\WINDOWS\\System32\\config\\SOFTWARE (TM: {9b8041ad-2c6d-11f1-87a8-8c1d969570b2}, RM: {9b8041ac-2c6d-11f1-87a8-8c1d969570b2}) finished with result=0xC00000A2 (Internal code=7)."
  },
  {
    "TimeCreated": "2026-03-30 14:42:41",
    "Channel": "System",
    "Level": "Information",
    "EventId": 11,
    "ProviderName": "Microsoft-Windows-Kernel-General",
    "Message": "TxR init phase for hive \\??\\GLOBALROOT\\Device\\HarddiskVolumeShadowCopy1\\WINDOWS\\System32\\config\\DRIVERS (TM: {9b8041aa-2c6d-11f1-87a8-8c1d969570b2}, RM: {9b8041a9-2c6d-11f1-87a8-8c1d969570b2}) finished with result=0xC00000A2 (Internal code=7)."
  },
  {
    "TimeCreated": "2026-03-30 14:42:41",
    "Channel": "System",
    "Level": "Information",
    "EventId": 11,
    "ProviderName": "Microsoft-Windows-Kernel-General",
    "Message": "TxR init phase for hive \\??\\GLOBALROOT\\Device\\HarddiskVolumeShadowCopy1\\WINDOWS\\System32\\config\\SYSTEM (TM: {9b8041a7-2c6d-11f1-87a8-8c1d969570b2}, RM: {9b8041a6-2c6d-11f1-87a8-8c1d969570b2}) finished with result=0xC00000A2 (Internal code=7)."
  },
  {
    "TimeCreated": "2026-03-30 14:41:41",
    "Channel": "System",
    "Level": "Information",
    "EventId": 7040,
    "ProviderName": "Service Control Manager",
    "Message": "The start type of the Background Intelligent Transfer Service service was changed from demand start to auto start."
  },
  {
    "TimeCreated": "2026-03-30 14:40:12",
    "Channel": "System",
    "Level": "Information",
    "EventId": 19,
    "ProviderName": "Microsoft-Windows-WindowsUpdateClient",
    "Message": "Installation Successful: Windows successfully installed the following update: NVIDIA Display Driver Update (32.0.15.9186)"
  },
  {
    "TimeCreated": "2026-03-30 14:39:40",
    "Channel": "System",
    "Level": "Information",
    "EventId": 43,
    "ProviderName": "Microsoft-Windows-WindowsUpdateClient",
    "Message": "Installation Started: Windows has started installing the following update: NVIDIA Display Driver Update (32.0.15.9186)"
  },
  {
    "TimeCreated": "2026-03-30 14:39:39",
    "Channel": "System",
    "Level": "Information",
    "EventId": 16,
    "ProviderName": "Microsoft-Windows-Kernel-General",
    "Message": "The access history in hive \\??\\C:\\ProgramData\\Microsoft\\Provisioning\\Microsoft-Desktop-Provisioning-Sequence.dat was cleared updating 0 keys and creating 0 modified pages."
  },
  {
    "TimeCreated": "2026-03-30 14:31:48",
    "Channel": "System",
    "Level": "Error",
    "EventId": 7009,
    "ProviderName": "Service Control Manager",
    "Message": "A timeout was reached (30000 milliseconds) while waiting for the Intel(R) SUR QC Software Asset Manager service to connect."
  },
  {
    "TimeCreated": "2026-03-30 14:31:46",
    "Channel": "System",
    "Level": "Information",
    "EventId": 19,
    "ProviderName": "Microsoft-Windows-WindowsUpdateClient",
    "Message": "Installation Successful: Windows successfully installed the following update: Security Intelligence Update for Microsoft Defender Antivirus - KB2267602 (Version 1.447.91.0) - Current Channel (Broad)"
  },
  {
    "TimeCreated": "2026-03-30 14:31:41",
    "Channel": "System",
    "Level": "Information",
    "EventId": 43,
    "ProviderName": "Microsoft-Windows-WindowsUpdateClient",
    "Message": "Installation Started: Windows has started installing the following update: Security Intelligence Update for Microsoft Defender Antivirus - KB2267602 (Version 1.447.91.0) - Current Channel (Broad)"
  },
  {
    "TimeCreated": "2026-03-30 14:31:29",
    "Channel": "System",
    "Level": "Information",
    "EventId": 44,
    "ProviderName": "Microsoft-Windows-WindowsUpdateClient",
    "Message": "Windows Update started downloading an update."
  },
  {
    "TimeCreated": "2026-03-30 14:26:18",
    "Channel": "System",
    "Level": "Error",
    "EventId": 1796,
    "ProviderName": "Microsoft-Windows-TPM-WMI",
    "Message": "The Secure Boot update failed to update Boot Manager (2023) with error Secure Boot is not enabled on this machine.. For more information, please see https://go.microsoft.com/fwlink/?linkid=2169931"
  },
  {
    "TimeCreated": "2026-03-30 14:26:18",
    "Channel": "System",
    "Level": "Error",
    "EventId": 1796,
    "ProviderName": "Microsoft-Windows-TPM-WMI",
    "Message": "The Secure Boot update failed to update KEK 2023 with error Secure Boot is not enabled on this machine.. For more information, please see https://go.microsoft.com/fwlink/?linkid=2169931"
  },
  {
    "TimeCreated": "2026-03-30 14:26:18",
    "Channel": "System",
    "Level": "Error",
    "EventId": 1796,
    "ProviderName": "Microsoft-Windows-TPM-WMI",
    "Message": "The Secure Boot update failed to update 3P UEFI CA 2023 (DB) with error Secure Boot is not enabled on this machine.. For more information, please see https://go.microsoft.com/fwlink/?linkid=2169931"
  },
  {
    "TimeCreated": "2026-03-30 14:26:18",
    "Channel": "System",
    "Level": "Error",
    "EventId": 1796,
    "ProviderName": "Microsoft-Windows-TPM-WMI",
    "Message": "The Secure Boot update failed to update Option ROM CA 2023 (DB) with error Secure Boot is not enabled on this machine.. For more information, please see https://go.microsoft.com/fwlink/?linkid=2169931"
  },
  {
    "TimeCreated": "2026-03-30 14:26:18",
    "Channel": "System",
    "Level": "Error",
    "EventId": 1796,
    "ProviderName": "Microsoft-Windows-TPM-WMI",
    "Message": "The Secure Boot update failed to update Windows UEFI CA 2023 (DB) with error Secure Boot is not enabled on this machine.. For more information, please see https://go.microsoft.com/fwlink/?linkid=2169931"
  },
  {
    "TimeCreated": "2026-03-30 14:26:18",
    "Channel": "System",
    "Level": "Error",
    "EventId": 1801,
    "ProviderName": "Microsoft-Windows-TPM-WMI",
    "Message": "Updated Secure Boot certificates are available on this device but have not yet been applied to the firmware. Review the published guidance to complete the update and maintain full protection. This device signature information is included here. DeviceAttributes: BaseBoardManufacturer:ASRock;FirmwareManufacturer:American Megatrends Inc.;FirmwareVersion:P3.10;OEMModelNumber:To Be Filled By O.E.M.;OEMModelBaseBoard:X570M Pro4;OEMModelSystemFamily:To Be Filled By O.E.M.;OEMManufacturerName:To Be Filled By O.E.M.;OEMModelSKU:To Be Filled By O.E.M.;OSArchitecture:amd64; BucketId: c98015dc71f5117613291e8cd9f458cc0af51cbd06fdf3dd3462a51abf76ceeb BucketConfidenceLevel: High Confidence UpdateType: Windows UEFI CA 2023 (DB), Option ROM CA 2023 (DB), 3P UEFI CA 2023 (DB), KEK 2023, Boot Manager (2023) For more information, please see https://go.microsoft.com/fwlink/?linkid=2301018."
  },
  {
    "TimeCreated": "2026-03-30 14:26:00",
    "Channel": "System",
    "Level": "Warning",
    "EventId": 8265,
    "ProviderName": "Microsoft-Windows-EnhancedPhishingProtection-Events",
    "Message": "Aggregated Threat assessment of current system instance"
  },
  {
    "TimeCreated": "2026-03-30 14:24:50",
    "Channel": "System",
    "Level": "Information",
    "EventId": 114,
    "ProviderName": "Microsoft-Windows-HttpService",
    "Message": "Removed URL (http://*:2869/upnp/eventing/) from URL group (0xFE00000220000001). Process Id 0x1F8C Executable path \\Device\\HarddiskVolume3\\Windows\\System32\\svchost.exe, User S-1-5-19"
  },
  {
    "TimeCreated": "2026-03-30 14:24:50",
    "Channel": "System",
    "Level": "Information",
    "EventId": 7040,
    "ProviderName": "Service Control Manager",
    "Message": "The start type of the Background Intelligent Transfer Service service was changed from auto start to demand start."
  },
  {
    "TimeCreated": "2026-03-30 14:23:21",
    "Channel": "System",
    "Level": "Warning",
    "EventId": 10016,
    "ProviderName": "Microsoft-Windows-DistributedCOM",
    "Message": "The application-specific permission settings do not grant Local Launch permission for the COM Server application with CLSID  Windows.SecurityCenter.WscBrokerManager  and APPID  Unavailable  to the user NT AUTHORITY\\SYSTEM SID (S-1-5-18) from address LocalHost (Using LRPC) running in the application container Unavailable SID (Unavailable). This security permission can be modified using the Component Services administrative tool."
  },
  {
    "TimeCreated": "2026-03-30 14:23:21",
    "Channel": "System",
    "Level": "Warning",
    "EventId": 10016,
    "ProviderName": "Microsoft-Windows-DistributedCOM",
    "Message": "The application-specific permission settings do not grant Local Launch permission for the COM Server application with CLSID  Windows.SecurityCenter.SecurityAppBroker  and APPID  Unavailable  to the user NT AUTHORITY\\SYSTEM SID (S-1-5-18) from address LocalHost (Using LRPC) running in the application container Unavailable SID (Unavailable). This security permission can be modified using the Component Services administrative tool."
  },
  {
    "TimeCreated": "2026-03-30 14:23:21",
    "Channel": "System",
    "Level": "Warning",
    "EventId": 10016,
    "ProviderName": "Microsoft-Windows-DistributedCOM",
    "Message": "The application-specific permission settings do not grant Local Launch permission for the COM Server application with CLSID  Windows.SecurityCenter.WscBrokerManager  and APPID  Unavailable  to the user NT AUTHORITY\\SYSTEM SID (S-1-5-18) from address LocalHost (Using LRPC) running in the application container Unavailable SID (Unavailable). This security permission can be modified using the Component Services administrative tool."
  },
  {
    "TimeCreated": "2026-03-30 14:23:21",
    "Channel": "System",
    "Level": "Warning",
    "EventId": 10016,
    "ProviderName": "Microsoft-Windows-DistributedCOM",
    "Message": "The application-specific permission settings do not grant Local Launch permission for the COM Server application with CLSID  Windows.SecurityCenter.SecurityAppBroker  and APPID  Unavailable  to the user NT AUTHORITY\\SYSTEM SID (S-1-5-18) from address LocalHost (Using LRPC) running in the application container Unavailable SID (Unavailable). This security permission can be modified using the Component Services administrative tool."
  },
  {
    "TimeCreated": "2026-03-30 14:23:21",
    "Channel": "System",
    "Level": "Warning",
    "EventId": 10016,
    "ProviderName": "Microsoft-Windows-DistributedCOM",
    "Message": "The application-specific permission settings do not grant Local Launch permission for the COM Server application with CLSID  Windows.SecurityCenter.WscDataProtection  and APPID  Unavailable  to the user NT AUTHORITY\\SYSTEM SID (S-1-5-18) from address LocalHost (Using LRPC) running in the application container Unavailable SID (Unavailable). This security permission can be modified using the Component Services administrative tool."
  },
  {
    "TimeCreated": "2026-03-30 14:23:21",
    "Channel": "System",
    "Level": "Warning",
    "EventId": 10016,
    "ProviderName": "Microsoft-Windows-DistributedCOM",
    "Message": "The application-specific permission settings do not grant Local Launch permission for the COM Server application with CLSID  Windows.SecurityCenter.WscBrokerManager  and APPID  Unavailable  to the user NT AUTHORITY\\SYSTEM SID (S-1-5-18) from address LocalHost (Using LRPC) running in the application container Unavailable SID (Unavailable). This security permission can be modified using the Component Services administrative tool."
  },
  {
    "TimeCreated": "2026-03-30 14:22:30",
    "Channel": "System",
    "Level": "Information",
    "EventId": 113,
    "ProviderName": "Microsoft-Windows-HttpService",
    "Message": "Attempted to add URL (http://*:2869/upnp/eventing/) to URL group (0xFE00000220000001). Status: 0x0. Process Id 0x1F8C Executable path \\Device\\HarddiskVolume3\\Windows\\System32\\svchost.exe, User S-1-5-19"
  },
  {
    "TimeCreated": "2026-03-30 14:22:30",
    "Channel": "System",
    "Level": "Information",
    "EventId": 114,
    "ProviderName": "Microsoft-Windows-HttpService",
    "Message": "Removed URL (http://*:2869/upnp/eventing/) from URL group (0xFE00000420000001). Process Id 0x1F8C Executable path \\Device\\HarddiskVolume3\\Windows\\System32\\svchost.exe, User S-1-5-19"
  },
  {
    "TimeCreated": "2026-03-30 14:22:30",
    "Channel": "System",
    "Level": "Information",
    "EventId": 113,
    "ProviderName": "Microsoft-Windows-HttpService",
    "Message": "Attempted to add URL (http://*:2869/upnp/eventing/) to URL group (0xFE00000420000001). Status: 0x0. Process Id 0x1F8C Executable path \\Device\\HarddiskVolume3\\Windows\\System32\\svchost.exe, User S-1-5-19"
  },
  {
    "TimeCreated": "2026-03-30 14:21:50",
    "Channel": "System",
    "Level": "Warning",
    "EventId": 10016,
    "ProviderName": "Microsoft-Windows-DistributedCOM",
    "Message": "The application-specific permission settings do not grant Local Launch permission for the COM Server application with CLSID  Windows.SecurityCenter.WscCloudBackupProvider  and APPID  Unavailable  to the user DESKTOP-KN\\Owner SID (S-1-5-21-1775440496-1244785614-1751367727-1001) from address LocalHost (Using LRPC) running in the application container Unavailable SID (Unavailable). This security permission can be modified using the Component Services administrative tool."
  },
  {
    "TimeCreated": "2026-03-30 14:21:47",
    "Channel": "System",
    "Level": "Warning",
    "EventId": 10016,
    "ProviderName": "Microsoft-Windows-DistributedCOM",
    "Message": "The application-specific permission settings do not grant Local Launch permission for the COM Server application with CLSID  Windows.SecurityCenter.WscCloudBackupProvider  and APPID  Unavailable  to the user DESKTOP-KN\\Owner SID (S-1-5-21-1775440496-1244785614-1751367727-1001) from address LocalHost (Using LRPC) running in the application container Unavailable SID (Unavailable). This security permission can be modified using the Component Services administrative tool."
  },
