  {
    "TimeCreated": "2026-03-30 09:40:59",
    "Channel": "System",
    "Level": "Information",
    "EventId": 4001,
    "ProviderName": "Microsoft-Windows-WLAN-AutoConfig",
    "Message": "WLAN AutoConfig service has successfully stopped. "
  },
  {
    "TimeCreated": "2026-03-30 09:40:59",
    "Channel": "System",
    "Level": "Warning",
    "EventId": 10002,
    "ProviderName": "Microsoft-Windows-WLAN-AutoConfig",
    "Message": "WLAN Extensibility Module has stopped.  Module Path: C:\\WINDOWS\\System32\\DriverStore\\FileRepository\\netwtw6e.inf_amd64_d488480304e1f365\\IntelIHVRouter14.dll "
  },
  {
    "TimeCreated": "2026-03-30 14:21:17",
    "Channel": "System",
    "Level": "Information",
    "EventId": 6013,
    "ProviderName": "EventLog",
    "Message": "The system uptime is 7 seconds."
  },
  {
    "TimeCreated": "2026-03-30 14:21:17",
    "Channel": "System",
    "Level": "Information",
    "EventId": 6005,
    "ProviderName": "EventLog",
    "Message": "The Event log service was started."
  },
  {
    "TimeCreated": "2026-03-30 14:21:17",
    "Channel": "System",
    "Level": "Information",
    "EventId": 6009,
    "ProviderName": "EventLog",
    "Message": "Microsoft (R) Windows (R) 10.00. 26200  Multiprocessor Free."
  },
  {
    "TimeCreated": "2026-03-30 09:40:59",
    "Channel": "System",
    "Level": "Information",
    "EventId": 50037,
    "ProviderName": "Microsoft-Windows-Dhcp-Client",
    "Message": "DHCPv4 client service is stopped. ShutDown Flag value is 1"
  },
  {
    "TimeCreated": "2026-03-30 09:40:59",
    "Channel": "System",
    "Level": "Information",
    "EventId": 50106,
    "ProviderName": "Microsoft-Windows-Dhcp-Client",
    "Message": "DHCPv4 is waiting on DHCPv6 service to stop"
  },
  {
    "TimeCreated": "2026-03-30 09:40:59",
    "Channel": "System",
    "Level": "Information",
    "EventId": 51057,
    "ProviderName": "Microsoft-Windows-DHCPv6-Client",
    "Message": "DHCPv6 client service stop is almost done.DHCP Context Ref count is 1"
  },
  {
    "TimeCreated": "2026-03-30 09:40:59",
    "Channel": "System",
    "Level": "Information",
    "EventId": 51047,
    "ProviderName": "Microsoft-Windows-DHCPv6-Client",
    "Message": "DHCPv6 client service is stopped. ShutDown Flag value is 1"
  },
  {
    "TimeCreated": "2026-03-30 09:40:59",
    "Channel": "System",
    "Level": "Information",
    "EventId": 117,
    "ProviderName": "Microsoft-Windows-HttpService",
    "Message": "Delete URL group 0xFE00000120000001. Status 0x0. Process Id 0x1470 Executable path \\Device\\HarddiskVolume3\\Windows\\System32\\svchost.exe, User S-1-5-18"
  },
  {
    "TimeCreated": "2026-03-30 09:40:59",
    "Channel": "System",
    "Level": "Information",
    "EventId": 50105,
    "ProviderName": "Microsoft-Windows-Dhcp-Client",
    "Message": "DHCPv4 client ProcessDHCPRequestForever received TERMINATE_EVENT"
  },
  {
    "TimeCreated": "2026-03-30 09:40:59",
    "Channel": "System",
    "Level": "Information",
    "EventId": 50104,
    "ProviderName": "Microsoft-Windows-Dhcp-Client",
    "Message": "DHCPv4 client received shutdown notification"
  },
  {
    "TimeCreated": "2026-03-30 09:40:59",
    "Channel": "System",
    "Level": "Information",
    "EventId": 117,
    "ProviderName": "Microsoft-Windows-HttpService",
    "Message": "Delete URL group 0xFF00000B20000001. Status 0x0. Process Id 0x125C Executable path \\Device\\HarddiskVolume3\\Program Files (x86)\\MSI\\One Dragon Center\\Mystic_Light\\LightKeeperService.exe, User S-1-5-18"
  },
  {
    "TimeCreated": "2026-03-30 09:40:59",
    "Channel": "System",
    "Level": "Information",
    "EventId": 114,
    "ProviderName": "Microsoft-Windows-HttpService",
    "Message": "Removed URL (http://localhost:1462/) from URL group (0xFF00000B20000001). Process Id 0x125C Executable path \\Device\\HarddiskVolume3\\Program Files (x86)\\MSI\\One Dragon Center\\Mystic_Light\\LightKeeperService.exe, User S-1-5-18"
  },
  {
    "TimeCreated": "2026-03-30 09:40:59",
    "Channel": "System",
    "Level": "Information",
    "EventId": 6006,
    "ProviderName": "EventLog",
    "Message": "The Event log service was stopped."
  },
  {
    "TimeCreated": "2026-03-30 09:40:57",
    "Channel": "System",
    "Level": "Information",
    "EventId": 7002,
    "ProviderName": "Microsoft-Windows-Winlogon",
    "Message": "User Logoff Notification for Customer Experience Improvement Program"
  },
  {
    "TimeCreated": "2026-03-30 09:40:54",
    "Channel": "System",
    "Level": "Information",
    "EventId": 1074,
    "ProviderName": "User32",
    "Message": "The process C:\\WINDOWS\\SystemApps\\Microsoft.Windows.StartMenuExperienceHost_cw5n1h2txyewy\\StartMenuExperienceHost.exe (DESKTOP-KN) has initiated the power off of computer DESKTOP-KN on behalf of user DESKTOP-KN\\Owner for the following reason: Other (Unplanned)  Reason Code: 0x0  Shutdown Type: power off  Comment: "
  },
  {
    "TimeCreated": "2026-03-30 09:34:55",
    "Channel": "System",
    "Level": "Information",
    "EventId": 7045,
    "ProviderName": "Service Control Manager",
    "Message": "A service was installed in the system.  Service Name:  NTIOLib_MysticLight Service File Name:  C:\\Program Files (x86)\\MSI\\One Dragon Center\\Mystic_Light\\Lib\\\\NTIOLib_X64.sys Service Type:  kernel mode driver Service Start Type:  demand start Service Account:  "
  },
  {
    "TimeCreated": "2026-03-30 09:24:27",
    "Channel": "System",
    "Level": "Information",
    "EventId": 7045,
    "ProviderName": "Service Control Manager",
    "Message": "A service was installed in the system.  Service Name:  NTIOLib_MysticLight Service File Name:  C:\\Program Files (x86)\\MSI\\One Dragon Center\\Mystic_Light\\Lib\\\\NTIOLib_X64.sys Service Type:  kernel mode driver Service Start Type:  demand start Service Account:  "
  },
  {
    "TimeCreated": "2026-03-30 09:18:03",
    "Channel": "System",
    "Level": "Warning",
    "EventId": 10016,
    "ProviderName": "Microsoft-Windows-DistributedCOM",
    "Message": "The application-specific permission settings do not grant Local Activation permission for the COM Server application with CLSID  {2593F8B9-4EAF-457C-B68A-50F6B8EA6B54}  and APPID  {15C20B67-12E7-4BB6-92BB-7AFF07997402}  to the user DESKTOP-KN\\Owner SID (S-1-5-21-1775440496-1244785614-1751367727-1001) from address LocalHost (Using LRPC) running in the application container Unavailable SID (Unavailable). This security permission can be modified using the Component Services administrative tool."
  },
  {
    "TimeCreated": "2026-03-30 09:05:53",
    "Channel": "System",
    "Level": "Information",
    "EventId": 44,
    "ProviderName": "Microsoft-Windows-WindowsUpdateClient",
    "Message": "Windows Update started downloading an update."
  },
  {
    "TimeCreated": "2026-03-30 09:01:13",
    "Channel": "System",
    "Level": "Error",
    "EventId": 7009,
    "ProviderName": "Service Control Manager",
    "Message": "A timeout was reached (30000 milliseconds) while waiting for the Intel(R) SUR QC Software Asset Manager service to connect."
  },
  {
    "TimeCreated": "2026-03-30 09:01:12",
    "Channel": "System",
    "Level": "Information",
    "EventId": 19,
    "ProviderName": "Microsoft-Windows-WindowsUpdateClient",
    "Message": "Installation Successful: Windows successfully installed the following update: Security Intelligence Update for Microsoft Defender Antivirus - KB2267602 (Version 1.447.88.0) - Current Channel (Broad)"
  },
  {
    "TimeCreated": "2026-03-30 09:01:07",
    "Channel": "System",
    "Level": "Information",
    "EventId": 43,
    "ProviderName": "Microsoft-Windows-WindowsUpdateClient",
    "Message": "Installation Started: Windows has started installing the following update: Security Intelligence Update for Microsoft Defender Antivirus - KB2267602 (Version 1.447.88.0) - Current Channel (Broad)"
  },
  {
    "TimeCreated": "2026-03-30 09:00:55",
    "Channel": "System",
    "Level": "Information",
    "EventId": 44,
    "ProviderName": "Microsoft-Windows-WindowsUpdateClient",
    "Message": "Windows Update started downloading an update."
  },
  {
    "TimeCreated": "2026-03-30 08:59:07",
    "Channel": "System",
    "Level": "Warning",
    "EventId": 10016,
    "ProviderName": "Microsoft-Windows-DistributedCOM",
    "Message": "The application-specific permission settings do not grant Local Activation permission for the COM Server application with CLSID  {2593F8B9-4EAF-457C-B68A-50F6B8EA6B54}  and APPID  {15C20B67-12E7-4BB6-92BB-7AFF07997402}  to the user DESKTOP-KN\\Owner SID (S-1-5-21-1775440496-1244785614-1751367727-1001) from address LocalHost (Using LRPC) running in the application container Unavailable SID (Unavailable). This security permission can be modified using the Component Services administrative tool."
  },
  {
    "TimeCreated": "2026-03-30 08:56:09",
    "Channel": "System",
    "Level": "Information",
    "EventId": 7045,
    "ProviderName": "Service Control Manager",
    "Message": "A service was installed in the system.  Service Name:  Claude Service File Name:  'C:\\Program Files\\WindowsApps\\Claude_1.1.9493.0_x64__pzs8sxrjxfjjc\\app\\resources\\cowork-svc.exe' Service Type:  user mode service Service Start Type:  auto start Service Account:  LocalSystem"
  },
  {
    "TimeCreated": "2026-03-30 08:56:09",
    "Channel": "System",
    "Level": "Information",
    "EventId": 16,
    "ProviderName": "Microsoft-Windows-Kernel-General",
    "Message": "The access history in hive \\??\\C:\\ProgramData\\Microsoft\\Windows\\AppRepository\\Packages\\Claude_1.1.9493.0_x64__pzs8sxrjxfjjc\\ActivationStore.dat was cleared updating 0 keys and creating 0 modified pages."
  },
  {
    "TimeCreated": "2026-03-30 08:56:09",
    "Channel": "System",
    "Level": "Information",
    "EventId": 7040,
    "ProviderName": "Service Control Manager",
    "Message": "The start type of the Claude service was changed from auto start to disabled."
  },
  {
    "TimeCreated": "2026-03-30 08:55:44",
    "Channel": "System",
    "Level": "Error",
    "EventId": 1796,
    "ProviderName": "Microsoft-Windows-TPM-WMI",
    "Message": "The Secure Boot update failed to update Boot Manager (2023) with error Secure Boot is not enabled on this machine.. For more information, please see https://go.microsoft.com/fwlink/?linkid=2169931"
  },
  {
    "TimeCreated": "2026-03-30 08:55:44",
    "Channel": "System",
    "Level": "Error",
    "EventId": 1796,
    "ProviderName": "Microsoft-Windows-TPM-WMI",
    "Message": "The Secure Boot update failed to update KEK 2023 with error Secure Boot is not enabled on this machine.. For more information, please see https://go.microsoft.com/fwlink/?linkid=2169931"
  },
  {
    "TimeCreated": "2026-03-30 08:55:44",
    "Channel": "System",
    "Level": "Error",
    "EventId": 1796,
    "ProviderName": "Microsoft-Windows-TPM-WMI",
    "Message": "The Secure Boot update failed to update 3P UEFI CA 2023 (DB) with error Secure Boot is not enabled on this machine.. For more information, please see https://go.microsoft.com/fwlink/?linkid=2169931"
  },
  {
    "TimeCreated": "2026-03-30 08:55:44",
    "Channel": "System",
    "Level": "Error",
    "EventId": 1796,
    "ProviderName": "Microsoft-Windows-TPM-WMI",
    "Message": "The Secure Boot update failed to update Option ROM CA 2023 (DB) with error Secure Boot is not enabled on this machine.. For more information, please see https://go.microsoft.com/fwlink/?linkid=2169931"
  },
  {
    "TimeCreated": "2026-03-30 08:55:44",
    "Channel": "System",
    "Level": "Error",
    "EventId": 1796,
    "ProviderName": "Microsoft-Windows-TPM-WMI",
    "Message": "The Secure Boot update failed to update Windows UEFI CA 2023 (DB) with error Secure Boot is not enabled on this machine.. For more information, please see https://go.microsoft.com/fwlink/?linkid=2169931"
  },
  {
    "TimeCreated": "2026-03-30 08:55:44",
    "Channel": "System",
    "Level": "Error",
    "EventId": 1801,
    "ProviderName": "Microsoft-Windows-TPM-WMI",
    "Message": "Updated Secure Boot certificates are available on this device but have not yet been applied to the firmware. Review the published guidance to complete the update and maintain full protection. This device signature information is included here. DeviceAttributes: BaseBoardManufacturer:ASRock;FirmwareManufacturer:American Megatrends Inc.;FirmwareVersion:P3.10;OEMModelNumber:To Be Filled By O.E.M.;OEMModelBaseBoard:X570M Pro4;OEMModelSystemFamily:To Be Filled By O.E.M.;OEMManufacturerName:To Be Filled By O.E.M.;OEMModelSKU:To Be Filled By O.E.M.;OSArchitecture:amd64; BucketId: c98015dc71f5117613291e8cd9f458cc0af51cbd06fdf3dd3462a51abf76ceeb BucketConfidenceLevel: High Confidence UpdateType: Windows UEFI CA 2023 (DB), Option ROM CA 2023 (DB), 3P UEFI CA 2023 (DB), KEK 2023, Boot Manager (2023) For more information, please see https://go.microsoft.com/fwlink/?linkid=2301018."
  },
  {
    "TimeCreated": "2026-03-30 08:55:30",
    "Channel": "System",
    "Level": "Information",
    "EventId": 114,
    "ProviderName": "Microsoft-Windows-HttpService",
    "Message": "Removed URL (http://*:2869/upnp/eventing/) from URL group (0xFE00000320000001). Process Id 0x4BE8 Executable path \\Device\\HarddiskVolume3\\Windows\\System32\\svchost.exe, User S-1-5-19"
  },
  {
    "TimeCreated": "2026-03-30 08:55:30",
    "Channel": "System",
    "Level": "Information",
    "EventId": 7040,
    "ProviderName": "Service Control Manager",
    "Message": "The start type of the Background Intelligent Transfer Service service was changed from auto start to demand start."
  },
  {
    "TimeCreated": "2026-03-30 08:54:23",
    "Channel": "System",
    "Level": "Warning",
    "EventId": 10016,
    "ProviderName": "Microsoft-Windows-DistributedCOM",
    "Message": "The application-specific permission settings do not grant Local Activation permission for the COM Server application with CLSID  {2593F8B9-4EAF-457C-B68A-50F6B8EA6B54}  and APPID  {15C20B67-12E7-4BB6-92BB-7AFF07997402}  to the user DESKTOP-KN\\Owner SID (S-1-5-21-1775440496-1244785614-1751367727-1001) from address LocalHost (Using LRPC) running in the application container Unavailable SID (Unavailable). This security permission can be modified using the Component Services administrative tool."
  },
  {
    "TimeCreated": "2026-03-30 08:53:26",
    "Channel": "System",
    "Level": "Information",
    "EventId": 113,
    "ProviderName": "Microsoft-Windows-HttpService",
    "Message": "Attempted to add URL (http://*:2869/upnp/eventing/) to URL group (0xFE00000320000001). Status: 0x0. Process Id 0x4BE8 Executable path \\Device\\HarddiskVolume3\\Windows\\System32\\svchost.exe, User S-1-5-19"
  },
  {
    "TimeCreated": "2026-03-30 08:53:26",
    "Channel": "System",
    "Level": "Information",
    "EventId": 114,
    "ProviderName": "Microsoft-Windows-HttpService",
    "Message": "Removed URL (http://*:2869/upnp/eventing/) from URL group (0xFC00000120000001). Process Id 0x4BE8 Executable path \\Device\\HarddiskVolume3\\Windows\\System32\\svchost.exe, User S-1-5-19"
  },
  {
    "TimeCreated": "2026-03-30 08:53:26",
    "Channel": "System",
    "Level": "Information",
    "EventId": 113,
    "ProviderName": "Microsoft-Windows-HttpService",
    "Message": "Attempted to add URL (http://*:2869/upnp/eventing/) to URL group (0xFC00000120000001). Status: 0x0. Process Id 0x4BE8 Executable path \\Device\\HarddiskVolume3\\Windows\\System32\\svchost.exe, User S-1-5-19"
  },
  {
    "TimeCreated": "2026-03-30 08:53:26",
    "Channel": "System",
    "Level": "Information",
    "EventId": 114,
    "ProviderName": "Microsoft-Windows-HttpService",
    "Message": "Removed URL (http://*:2869/upnp/eventing/) from URL group (0xFE00000520000001). Process Id 0x4BE8 Executable path \\Device\\HarddiskVolume3\\Windows\\System32\\svchost.exe, User S-1-5-19"
  },
  {
    "TimeCreated": "2026-03-30 08:53:22",
    "Channel": "System",
    "Level": "Information",
    "EventId": 113,
    "ProviderName": "Microsoft-Windows-HttpService",
    "Message": "Attempted to add URL (http://*:2869/upnp/eventing/) to URL group (0xFE00000520000001). Status: 0x0. Process Id 0x4BE8 Executable path \\Device\\HarddiskVolume3\\Windows\\System32\\svchost.exe, User S-1-5-19"
  },
  {
    "TimeCreated": "2026-03-30 08:53:22",
    "Channel": "System",
    "Level": "Information",
    "EventId": 114,
    "ProviderName": "Microsoft-Windows-HttpService",
    "Message": "Removed URL (http://*:2869/upnp/eventing/) from URL group (0xFD00000B20000001). Process Id 0x4BE8 Executable path \\Device\\HarddiskVolume3\\Windows\\System32\\svchost.exe, User S-1-5-19"
  },
  {
    "TimeCreated": "2026-03-30 08:53:22",
    "Channel": "System",
    "Level": "Information",
    "EventId": 113,
    "ProviderName": "Microsoft-Windows-HttpService",
    "Message": "Attempted to add URL (http://*:2869/upnp/eventing/) to URL group (0xFD00000B20000001). Status: 0x0. Process Id 0x4BE8 Executable path \\Device\\HarddiskVolume3\\Windows\\System32\\svchost.exe, User S-1-5-19"
  },
  {
    "TimeCreated": "2026-03-30 08:53:22",
    "Channel": "System",
    "Level": "Information",
    "EventId": 114,
    "ProviderName": "Microsoft-Windows-HttpService",
    "Message": "Removed URL (http://*:2869/upnp/eventing/) from URL group (0xFE00000920000001). Process Id 0x4BE8 Executable path \\Device\\HarddiskVolume3\\Windows\\System32\\svchost.exe, User S-1-5-19"
  },
  {
    "TimeCreated": "2026-03-30 08:53:06",
    "Channel": "System",
    "Level": "Information",
    "EventId": 113,
    "ProviderName": "Microsoft-Windows-HttpService",
    "Message": "Attempted to add URL (http://*:2869/upnp/eventing/) to URL group (0xFE00000920000001). Status: 0x0. Process Id 0x4BE8 Executable path \\Device\\HarddiskVolume3\\Windows\\System32\\svchost.exe, User S-1-5-19"
  },
  {
    "TimeCreated": "2026-03-30 08:53:06",
    "Channel": "System",
    "Level": "Information",
    "EventId": 114,
    "ProviderName": "Microsoft-Windows-HttpService",
    "Message": "Removed URL (http://*:2869/upnp/eventing/) from URL group (0xFE00001320000001). Process Id 0x4BE8 Executable path \\Device\\HarddiskVolume3\\Windows\\System32\\svchost.exe, User S-1-5-19"
  },
  {
    "TimeCreated": "2026-03-30 08:53:06",
    "Channel": "System",
    "Level": "Information",
    "EventId": 113,
    "ProviderName": "Microsoft-Windows-HttpService",
    "Message": "Attempted to add URL (http://*:2869/upnp/eventing/) to URL group (0xFE00001320000001). Status: 0x0. Process Id 0x4BE8 Executable path \\Device\\HarddiskVolume3\\Windows\\System32\\svchost.exe, User S-1-5-19"
  },
  {
    "TimeCreated": "2026-03-30 08:52:47",
    "Channel": "System",
    "Level": "Warning",
    "EventId": 10016,
    "ProviderName": "Microsoft-Windows-DistributedCOM",
    "Message": "The application-specific permission settings do not grant Local Launch permission for the COM Server application with CLSID  Windows.SecurityCenter.WscDataProtection  and APPID  Unavailable  to the user NT AUTHORITY\\SYSTEM SID (S-1-5-18) from address LocalHost (Using LRPC) running in the application container Unavailable SID (Unavailable). This security permission can be modified using the Component Services administrative tool."
  },
  {
    "TimeCreated": "2026-03-30 08:52:47",
    "Channel": "System",
    "Level": "Warning",
    "EventId": 10016,
    "ProviderName": "Microsoft-Windows-DistributedCOM",
    "Message": "The application-specific permission settings do not grant Local Launch permission for the COM Server application with CLSID  Windows.SecurityCenter.WscBrokerManager  and APPID  Unavailable  to the user NT AUTHORITY\\SYSTEM SID (S-1-5-18) from address LocalHost (Using LRPC) running in the application container Unavailable SID (Unavailable). This security permission can be modified using the Component Services administrative tool."
  },
  {
    "TimeCreated": "2026-03-30 08:52:47",
    "Channel": "System",
    "Level": "Warning",
    "EventId": 10016,
    "ProviderName": "Microsoft-Windows-DistributedCOM",
    "Message": "The application-specific permission settings do not grant Local Launch permission for the COM Server application with CLSID  Windows.SecurityCenter.SecurityAppBroker  and APPID  Unavailable  to the user NT AUTHORITY\\SYSTEM SID (S-1-5-18) from address LocalHost (Using LRPC) running in the application container Unavailable SID (Unavailable). This security permission can be modified using the Component Services administrative tool."
  },
  {
    "TimeCreated": "2026-03-30 08:52:47",
    "Channel": "System",
    "Level": "Warning",
    "EventId": 10016,
    "ProviderName": "Microsoft-Windows-DistributedCOM",
    "Message": "The application-specific permission settings do not grant Local Launch permission for the COM Server application with CLSID  Windows.SecurityCenter.SecurityAppBroker  and APPID  Unavailable  to the user NT AUTHORITY\\SYSTEM SID (S-1-5-18) from address LocalHost (Using LRPC) running in the application container Unavailable SID (Unavailable). This security permission can be modified using the Component Services administrative tool."
  },
  {
    "TimeCreated": "2026-03-30 08:52:47",
    "Channel": "System",
    "Level": "Warning",
    "EventId": 10016,
    "ProviderName": "Microsoft-Windows-DistributedCOM",
    "Message": "The application-specific permission settings do not grant Local Launch permission for the COM Server application with CLSID  Windows.SecurityCenter.WscBrokerManager  and APPID  Unavailable  to the user NT AUTHORITY\\SYSTEM SID (S-1-5-18) from address LocalHost (Using LRPC) running in the application container Unavailable SID (Unavailable). This security permission can be modified using the Component Services administrative tool."
  },
  {
    "TimeCreated": "2026-03-30 08:52:47",
    "Channel": "System",
    "Level": "Warning",
    "EventId": 10016,
    "ProviderName": "Microsoft-Windows-DistributedCOM",
    "Message": "The application-specific permission settings do not grant Local Launch permission for the COM Server application with CLSID  Windows.SecurityCenter.WscBrokerManager  and APPID  Unavailable  to the user NT AUTHORITY\\SYSTEM SID (S-1-5-18) from address LocalHost (Using LRPC) running in the application container Unavailable SID (Unavailable). This security permission can be modified using the Component Services administrative tool."
  },
  {
    "TimeCreated": "2026-03-30 08:52:35",
    "Channel": "System",
    "Level": "Information",
    "EventId": 7045,
    "ProviderName": "Service Control Manager",
    "Message": "A service was installed in the system.  Service Name:  NTIOLib_MysticLight Service File Name:  C:\\Program Files (x86)\\MSI\\One Dragon Center\\Mystic_Light\\Lib\\\\NTIOLib_X64.sys Service Type:  kernel mode driver Service Start Type:  demand start Service Account:  "
  },
  {
    "TimeCreated": "2026-03-30 08:52:20",
    "Channel": "System",
    "Level": "Information",
    "EventId": 7045,
    "ProviderName": "Service Control Manager",
    "Message": "A service was installed in the system.  Service Name:  NTIOLib_MysticLight Service File Name:  C:\\Program Files (x86)\\MSI\\One Dragon Center\\Mystic_Light\\Lib\\\\NTIOLib_X64.sys Service Type:  kernel mode driver Service Start Type:  demand start Service Account:  "
  },
  {
    "TimeCreated": "2026-03-30 08:52:10",
    "Channel": "System",
    "Level": "Warning",
    "EventId": 10016,
    "ProviderName": "Microsoft-Windows-DistributedCOM",
    "Message": "The application-specific permission settings do not grant Local Activation permission for the COM Server application with CLSID  {2593F8B9-4EAF-457C-B68A-50F6B8EA6B54}  and APPID  {15C20B67-12E7-4BB6-92BB-7AFF07997402}  to the user DESKTOP-KN\\Owner SID (S-1-5-21-1775440496-1244785614-1751367727-1001) from address LocalHost (Using LRPC) running in the application container Unavailable SID (Unavailable). This security permission can be modified using the Component Services administrative tool."
  },
  {
    "TimeCreated": "2026-03-30 08:52:02",
    "Channel": "System",
    "Level": "Information",
    "EventId": 7045,
    "ProviderName": "Service Control Manager",
    "Message": "A service was installed in the system.  Service Name:  NTIOLib_MysticLight Service File Name:  C:\\Program Files (x86)\\MSI\\One Dragon Center\\Mystic_Light\\Lib\\\\NTIOLib_X64.sys Service Type:  kernel mode driver Service Start Type:  demand start Service Account:  "
  },
  {
    "TimeCreated": "2026-03-30 08:51:11",
    "Channel": "System",
    "Level": "Warning",
    "EventId": 10016,
    "ProviderName": "Microsoft-Windows-DistributedCOM",
    "Message": "The application-specific permission settings do not grant Local Launch permission for the COM Server application with CLSID  Windows.SecurityCenter.WscCloudBackupProvider  and APPID  Unavailable  to the user DESKTOP-KN\\Owner SID (S-1-5-21-1775440496-1244785614-1751367727-1001) from address LocalHost (Using LRPC) running in the application container Unavailable SID (Unavailable). This security permission can be modified using the Component Services administrative tool."
  },
  {
    "TimeCreated": "2026-03-30 08:51:08",
    "Channel": "System",
    "Level": "Warning",
    "EventId": 10016,
    "ProviderName": "Microsoft-Windows-DistributedCOM",
    "Message": "The application-specific permission settings do not grant Local Launch permission for the COM Server application with CLSID  Windows.SecurityCenter.WscCloudBackupProvider  and APPID  Unavailable  to the user DESKTOP-KN\\Owner SID (S-1-5-21-1775440496-1244785614-1751367727-1001) from address LocalHost (Using LRPC) running in the application container Unavailable SID (Unavailable). This security permission can be modified using the Component Services administrative tool."
  },
  {
    "TimeCreated": "2026-03-30 08:51:01",
    "Channel": "System",
    "Level": "Warning",
    "EventId": 10016,
    "ProviderName": "Microsoft-Windows-DistributedCOM",
    "Message": "The application-specific permission settings do not grant Local Launch permission for the COM Server application with CLSID  Windows.SecurityCenter.WscCloudBackupProvider  and APPID  Unavailable  to the user DESKTOP-KN\\Owner SID (S-1-5-21-1775440496-1244785614-1751367727-1001) from address LocalHost (Using LRPC) running in the application container Unavailable SID (Unavailable). This security permission can be modified using the Component Services administrative tool."
  },
  {
    "TimeCreated": "2026-03-30 08:50:58",
    "Channel": "System",
    "Level": "Information",
    "EventId": 7040,
    "ProviderName": "Service Control Manager",
    "Message": "The start type of the Background Intelligent Transfer Service service was changed from demand start to auto start."
  },
  {
    "TimeCreated": "2026-03-30 08:50:55",
    "Channel": "System",
    "Level": "Information",
    "EventId": 7045,
    "ProviderName": "Service Control Manager",
    "Message": "A service was installed in the system.  Service Name:  NTIOLib_MysticLight Service File Name:  C:\\Program Files (x86)\\MSI\\One Dragon Center\\Mystic_Light\\Lib\\\\NTIOLib_X64.sys Service Type:  kernel mode driver Service Start Type:  demand start Service Account:  "
  },
  {
    "TimeCreated": "2026-03-30 08:50:54",
    "Channel": "System",
    "Level": "Information",
    "EventId": 7045,
    "ProviderName": "Service Control Manager",
    "Message": "A service was installed in the system.  Service Name:  NTIOLib_CC_COMM Service File Name:  C:\\Program Files (x86)\\MSI\\One Dragon Center\\Lib\\SYS\\NTIOLib_X64.sys Service Type:  kernel mode driver Service Start Type:  demand start Service Account:  "
  },
  {
    "TimeCreated": "2026-03-30 08:50:49",
    "Channel": "System",
    "Level": "Information",
    "EventId": 7021,
    "ProviderName": "Netwtw14",
    "Message": ""
  },
  {
    "TimeCreated": "2026-03-30 08:50:48",
    "Channel": "System",
    "Level": "Information",
    "EventId": 1,
    "ProviderName": "Microsoft-Windows-Configuration-Change-Monitor",
    "Message": ""
  },
  {
    "TimeCreated": "2026-03-30 08:50:48",
    "Channel": "System",
    "Level": "Information",
    "EventId": 1,
    "ProviderName": "Microsoft-Windows-Configuration-Change-Monitor",
    "Message": ""
  },
  {
    "TimeCreated": "2026-03-30 08:50:47",
    "Channel": "System",
    "Level": "Information",
    "EventId": 1,
    "ProviderName": "Microsoft-Windows-Configuration-Change-Monitor",
    "Message": ""
  },
  {
    "TimeCreated": "2026-03-30 08:50:46",
    "Channel": "System",
    "Level": "Information",
    "EventId": 233,
    "ProviderName": "Microsoft-Windows-Hyper-V-VmSwitch",
    "Message": "The operation 'Delete' succeeded on nic 790E58B4-7939-4434-9358-89AE7DDBE87F (Friendly Name: WSL (Hyper-V firewall)), Instance Id {8630318b-3446-4260-8fbd-a5362d91c4e4}."
  },
  {
    "TimeCreated": "2026-03-30 08:50:46",
    "Channel": "System",
    "Level": "Information",
    "EventId": 62,
    "ProviderName": "Microsoft-Windows-Hyper-V-VmSwitch",
    "Message": "Switch 790E58B4-7939-4434-9358-89AE7DDBE87E (Friendly Name: WSL (Hyper-V firewall)) successfully deleted."
  },
  {
    "TimeCreated": "2026-03-30 08:50:46",
    "Channel": "System",
    "Level": "Information",
    "EventId": 233,
    "ProviderName": "Microsoft-Windows-Hyper-V-VmSwitch",
    "Message": "The operation 'Delete' succeeded on nic 790E58B4-7939-4434-9358-89AE7DDBE87E (Friendly Name: WSL (Hyper-V firewall)), Instance Id {00000000-0000-0000-0000-000000000000}."
  },
  {
    "TimeCreated": "2026-03-30 08:50:46",
    "Channel": "System",
    "Level": "Information",
    "EventId": 71,
    "ProviderName": "Microsoft-Windows-Hyper-V-VmSwitch",
    "Message": "Delete complete for port 790E58B4-7939-4434-9358-89AE7DDBE87E (Friendly Name: WSL (Hyper-V firewall))."
  },
  {
    "TimeCreated": "2026-03-30 08:50:46",
    "Channel": "System",
    "Level": "Information",
    "EventId": 71,
    "ProviderName": "Microsoft-Windows-Hyper-V-VmSwitch",
    "Message": "Delete complete for port 790E58B4-7939-4434-9358-89AE7DDBE87F (Friendly Name: Host Vnic 790E58B4-7939-4434-9358-89AE7DDBE87E)."
  },
  {
    "TimeCreated": "2026-03-30 08:50:46",
    "Channel": "System",
    "Level": "Information",
    "EventId": 69,
    "ProviderName": "Microsoft-Windows-Hyper-V-VmSwitch",
    "Message": "Port 790E58B4-7939-4434-9358-89AE7DDBE87F (Friendly Name: Host Vnic 790E58B4-7939-4434-9358-89AE7DDBE87E) successfully deleted - switch 790E58B4-7939-4434-9358-89AE7DDBE87E (Friendly Name: WSL (Hyper-V firewall))."
  },
  {
    "TimeCreated": "2026-03-30 08:50:46",
    "Channel": "System",
    "Level": "Information",
    "EventId": 234,
    "ProviderName": "Microsoft-Windows-Hyper-V-VmSwitch",
    "Message": "NIC 790E58B4-7939-4434-9358-89AE7DDBE87F successfully disconnected from port 790E58B4-7939-4434-9358-89AE7DDBE87F."
  },
  {
    "TimeCreated": "2026-03-30 08:50:46",
    "Channel": "System",
    "Level": "Information",
    "EventId": 69,
    "ProviderName": "Microsoft-Windows-Hyper-V-VmSwitch",
    "Message": "Port 790E58B4-7939-4434-9358-89AE7DDBE87E (Friendly Name: WSL (Hyper-V firewall)) successfully deleted - switch 790E58B4-7939-4434-9358-89AE7DDBE87E (Friendly Name: WSL (Hyper-V firewall))."
  },
  {
    "TimeCreated": "2026-03-30 08:50:46",
    "Channel": "System",
    "Level": "Information",
    "EventId": 234,
    "ProviderName": "Microsoft-Windows-Hyper-V-VmSwitch",
    "Message": "NIC 790E58B4-7939-4434-9358-89AE7DDBE87E successfully disconnected from port 790E58B4-7939-4434-9358-89AE7DDBE87E."
  },
  {
    "TimeCreated": "2026-03-30 08:50:46",
    "Channel": "System",
    "Level": "Information",
    "EventId": 6,
    "ProviderName": "Microsoft-Windows-FilterManager",
    "Message": "File System Filter 'gameflt' (10.0, ‎2045‎-‎02‎-‎25T18:07:50.000000000Z) has successfully loaded and registered with Filter Manager."
  },
  {
    "TimeCreated": "2026-03-30 08:50:45",
    "Channel": "System",
    "Level": "Warning",
    "EventId": 10016,
    "ProviderName": "Microsoft-Windows-DistributedCOM",
    "Message": "The application-specific permission settings do not grant Local Activation permission for the COM Server application with CLSID  {6B3B8D23-FA8D-40B9-8DBD-B950333E2C52}  and APPID  {4839DDB7-58C2-48F5-8283-E1D1807D0D7D}  to the user NT AUTHORITY\\LOCAL SERVICE SID (S-1-5-19) from address LocalHost (Using LRPC) running in the application container Unavailable SID (Unavailable). This security permission can be modified using the Component Services administrative tool."
  },
  {
    "TimeCreated": "2026-03-30 08:50:45",
    "Channel": "System",
    "Level": "Warning",
    "EventId": 10016,
    "ProviderName": "Microsoft-Windows-DistributedCOM",
    "Message": "The application-specific permission settings do not grant Local Activation permission for the COM Server application with CLSID  {6B3B8D23-FA8D-40B9-8DBD-B950333E2C52}  and APPID  {4839DDB7-58C2-48F5-8283-E1D1807D0D7D}  to the user NT AUTHORITY\\LOCAL SERVICE SID (S-1-5-19) from address LocalHost (Using LRPC) running in the application container Unavailable SID (Unavailable). This security permission can be modified using the Component Services administrative tool."
  },
  {
    "TimeCreated": "2026-03-30 08:50:45",
    "Channel": "System",
    "Level": "Information",
    "EventId": 10001,
    "ProviderName": "Microsoft-Windows-WLAN-AutoConfig",
    "Message": "WLAN Extensibility Module has successfully started.  Module Path: C:\\WINDOWS\\System32\\DriverStore\\FileRepository\\netwtw6e.inf_amd64_d488480304e1f365\\IntelIHVRouter14.dll "
  },
  {
    "TimeCreated": "2026-03-30 08:50:45",
    "Channel": "System",
    "Level": "Information",
    "EventId": 7026,
    "ProviderName": "Service Control Manager",
    "Message": "The following boot-start or system-start driver(s) did not load:  dam EneTechIo uiomap"
  },
  {
    "TimeCreated": "2026-03-30 08:50:45",
    "Channel": "System",
    "Level": "Information",
    "EventId": 4000,
    "ProviderName": "Microsoft-Windows-WLAN-AutoConfig",
    "Message": "WLAN AutoConfig service has successfully started. "
  },
  {
    "TimeCreated": "2026-03-30 08:50:44",
    "Channel": "System",
    "Level": "Information",
    "EventId": 12,
    "ProviderName": "Microsoft-Windows-UserModePowerService",
    "Message": "Process C:\\Windows\\System32\\DriverStore\\FileRepository\\u0198975.inf_amd64_cab3843582148687\\B025836\\atieclxx.exe (process ID:3528) reset policy scheme from {381b4222-f694-41f0-9685-ff5bb260df2e} to {381b4222-f694-41f0-9685-ff5bb260df2e}"
  },
  {
    "TimeCreated": "2026-03-30 08:50:44",
    "Channel": "System",
    "Level": "Information",
    "EventId": 7001,
    "ProviderName": "Microsoft-Windows-Winlogon",
    "Message": "User Logon Notification for Customer Experience Improvement Program"
  },
  {
    "TimeCreated": "2026-03-30 08:50:44",
    "Channel": "System",
    "Level": "Information",
    "EventId": 113,
    "ProviderName": "Microsoft-Windows-HttpService",
    "Message": "Attempted to add URL (http://127.0.0.1:28385:127.0.0.1/intel/) to URL group (0xFE00000620000001). Status: 0x0. Process Id 0x13D4 Executable path \\Device\\HarddiskVolume3\\Program Files (x86)\\Intel\\Driver and Support Assistant\\x86\\DSAService.exe, User S-1-5-18"
  },
  {
    "TimeCreated": "2026-03-30 08:50:44",
    "Channel": "System",
    "Level": "Information",
    "EventId": 111,
    "ProviderName": "Microsoft-Windows-HttpService",
    "Message": "Create URL group 0xFE00000620000001. Status 0x0. Process Id 0x13D4 Executable path \\Device\\HarddiskVolume3\\Program Files (x86)\\Intel\\Driver and Support Assistant\\x86\\DSAService.exe, User S-1-5-18"
  },
  {
    "TimeCreated": "2026-03-30 08:50:44",
    "Channel": "System",
    "Level": "Information",
    "EventId": 113,
    "ProviderName": "Microsoft-Windows-HttpService",
    "Message": "Attempted to add URL (http://127.0.0.1:28390:127.0.0.1/) to URL group (0xFE00001020000001). Status: 0x0. Process Id 0x13D4 Executable path \\Device\\HarddiskVolume3\\Program Files (x86)\\Intel\\Driver and Support Assistant\\x86\\DSAService.exe, User S-1-5-18"
  },
  {
    "TimeCreated": "2026-03-30 08:50:44",
    "Channel": "System",
    "Level": "Information",
    "EventId": 111,
    "ProviderName": "Microsoft-Windows-HttpService",
    "Message": "Create URL group 0xFE00001020000001. Status 0x0. Process Id 0x13D4 Executable path \\Device\\HarddiskVolume3\\Program Files (x86)\\Intel\\Driver and Support Assistant\\x86\\DSAService.exe, User S-1-5-18"
  },
  {
    "TimeCreated": "2026-03-30 08:50:43",
    "Channel": "System",
    "Level": "Information",
    "EventId": 32,
    "ProviderName": "e1rexpress",
    "Message": "Intel(R) I211 Gigabit Network Connection  Network link has been established at 1Gbps full duplex. "
  },
  {
    "TimeCreated": "2026-03-30 08:50:43",
    "Channel": "System",
    "Level": "Information",
    "EventId": 113,
    "ProviderName": "Microsoft-Windows-HttpService",
    "Message": "Attempted to add URL (http://localhost:1462/) to URL group (0xFF00000B20000001). Status: 0x0. Process Id 0x125C Executable path \\Device\\HarddiskVolume3\\Program Files (x86)\\MSI\\One Dragon Center\\Mystic_Light\\LightKeeperService.exe, User S-1-5-18"
  },
  {
    "TimeCreated": "2026-03-30 08:50:43",
    "Channel": "System",
    "Level": "Information",
    "EventId": 111,
    "ProviderName": "Microsoft-Windows-HttpService",
    "Message": "Create URL group 0xFF00000B20000001. Status 0x0. Process Id 0x125C Executable path \\Device\\HarddiskVolume3\\Program Files (x86)\\MSI\\One Dragon Center\\Mystic_Light\\LightKeeperService.exe, User S-1-5-18"
  },
  {
    "TimeCreated": "2026-03-30 08:50:43",
    "Channel": "System",
    "Level": "Information",
    "EventId": 7036,
    "ProviderName": "VfpExt",
    "Message": "The  service entered the Filter detach complete state."
  },
  {
    "TimeCreated": "2026-03-30 08:50:43",
    "Channel": "System",
    "Level": "Information",
    "EventId": 7036,
    "ProviderName": "VfpExt",
    "Message": "The  service entered the Filter detach start state."
  },
  {
    "TimeCreated": "2026-03-30 08:50:43",
    "Channel": "System",
    "Level": "Information",
    "EventId": 7036,
    "ProviderName": "VfpExt",
    "Message": "The  service entered the Filter pause complete state."
  },
  {
    "TimeCreated": "2026-03-30 08:50:43",
    "Channel": "System",
    "Level": "Information",
    "EventId": 7036,
    "ProviderName": "VfpExt",
    "Message": "The  service entered the Filter pause start state."
  },
  {
    "TimeCreated": "2026-03-30 08:50:43",
    "Channel": "System",
    "Level": "Information",
    "EventId": 113,
    "ProviderName": "Microsoft-Windows-HttpService",
    "Message": "Attempted to add URL (http://*:80/) to URL group (0xFE00000120000001). Status: 0x0. Process Id 0x1470 Executable path \\Device\\HarddiskVolume3\\Windows\\System32\\svchost.exe, User S-1-5-18"
  },
  {
    "TimeCreated": "2026-03-30 08:50:43",
    "Channel": "System",
    "Level": "Information",
    "EventId": 111,
    "ProviderName": "Microsoft-Windows-HttpService",
    "Message": "Create URL group 0xFE00000120000001. Status 0x0. Process Id 0x1470 Executable path \\Device\\HarddiskVolume3\\Windows\\System32\\svchost.exe, User S-1-5-18"
  },
  {
    "TimeCreated": "2026-03-30 08:50:43",
    "Channel": "System",
    "Level": "Information",
    "EventId": 112,
    "ProviderName": "Microsoft-Windows-HttpService",
    "Message": "Attempted to reserve URL https://+:443/sra_{BA195980-CD49-458b-9E23-C84EE0ADCD75}/. Status 0x0. Process Id 0x4 Executable path , User S-1-5-18"
  },
  {
    "TimeCreated": "2026-03-30 08:50:43",
    "Channel": "System",
    "Level": "Information",
    "EventId": 112,
    "ProviderName": "Microsoft-Windows-HttpService",
    "Message": "Attempted to reserve URL http://+:10246/MDEServer/. Status 0x0. Process Id 0x4 Executable path , User S-1-5-18"
  },
  {
    "TimeCreated": "2026-03-30 08:50:43",
    "Channel": "System",
    "Level": "Information",
    "EventId": 112,
    "ProviderName": "Microsoft-Windows-HttpService",
    "Message": "Attempted to reserve URL https://+:3392/rdp/. Status 0x0. Process Id 0x4 Executable path , User S-1-5-18"
  },
  {
    "TimeCreated": "2026-03-30 08:50:43",
    "Channel": "System",
    "Level": "Information",
    "EventId": 112,
    "ProviderName": "Microsoft-Windows-HttpService",
    "Message": "Attempted to reserve URL http://+:10247/apps/. Status 0x0. Process Id 0x4 Executable path , User S-1-5-18"
  },
  {
    "TimeCreated": "2026-03-30 08:50:43",
    "Channel": "System",
    "Level": "Information",
    "EventId": 112,
    "ProviderName": "Microsoft-Windows-HttpService",
    "Message": "Attempted to reserve URL http://+:10243/WMPNSSv4/. Status 0x0. Process Id 0x4 Executable path , User S-1-5-18"
  },
  {
    "TimeCreated": "2026-03-30 08:50:43",
    "Channel": "System",
    "Level": "Information",
    "EventId": 112,
    "ProviderName": "Microsoft-Windows-HttpService",
    "Message": "Attempted to reserve URL https://+:10245/WMPNSSv4/. Status 0x0. Process Id 0x4 Executable path , User S-1-5-18"
  },
  {
    "TimeCreated": "2026-03-30 08:50:43",
    "Channel": "System",
    "Level": "Information",
    "EventId": 112,
    "ProviderName": "Microsoft-Windows-HttpService",
    "Message": "Attempted to reserve URL http://+:5985/wsman/. Status 0x0. Process Id 0x4 Executable path , User S-1-5-18"
  },
  {
    "TimeCreated": "2026-03-30 08:50:43",
    "Channel": "System",
    "Level": "Information",
    "EventId": 112,
    "ProviderName": "Microsoft-Windows-HttpService",
    "Message": "Attempted to reserve URL http://+:47001/wsman/. Status 0x0. Process Id 0x4 Executable path , User S-1-5-18"
  },
  {
    "TimeCreated": "2026-03-30 08:50:43",
    "Channel": "System",
    "Level": "Information",
    "EventId": 112,
    "ProviderName": "Microsoft-Windows-HttpService",
    "Message": "Attempted to reserve URL https://+:5986/wsman/. Status 0x0. Process Id 0x4 Executable path , User S-1-5-18"
  },
  {
    "TimeCreated": "2026-03-30 08:50:43",
    "Channel": "System",
    "Level": "Information",
    "EventId": 112,
    "ProviderName": "Microsoft-Windows-HttpService",
    "Message": "Attempted to reserve URL http://*:2869/. Status 0x0. Process Id 0x4 Executable path , User S-1-5-18"
  },
  {
    "TimeCreated": "2026-03-30 22:26:41",
    "Channel": "Application",
    "Level": "Information",
    "EventId": 256,
    "ProviderName": "Chrome",
    "Message": "[7820:21436:0330/222641.614:INFO:chrome\\browser\\extensions\\extension_garbage_collector.cc:188] Garbage collection for extensions on file thread is complete."
  },
  {
    "TimeCreated": "2026-03-30 22:25:19",
    "Channel": "Application",
    "Level": "Information",
    "EventId": 256,
    "ProviderName": "Chrome",
    "Message": "[1560:11316:0330/222519.520:INFO:chrome\\browser\\extensions\\extension_garbage_collector.cc:188] Garbage collection for extensions on file thread is complete."
  },
  {
    "TimeCreated": "2026-03-30 22:23:28",
    "Channel": "Application",
    "Level": "Information",
    "EventId": 256,
    "ProviderName": "Chrome",
    "Message": "[13060:1072:0330/222328.409:INFO:chrome\\browser\\extensions\\extension_garbage_collector.cc:188] Garbage collection for extensions on file thread is complete."
  },
  {
    "TimeCreated": "2026-03-30 22:17:30",
    "Channel": "Application",
    "Level": "Information",
    "EventId": 10001,
    "ProviderName": "Microsoft-Windows-RestartManager",
    "Message": "Ending session 1 started ‎2026‎-‎03‎-‎31T03:17:25.206912500Z."
  },
  {
    "TimeCreated": "2026-03-30 22:17:25",
    "Channel": "Application",
    "Level": "Information",
    "EventId": 10000,
    "ProviderName": "Microsoft-Windows-RestartManager",
    "Message": "Starting session 1 - ‎2026‎-‎03‎-‎31T03:17:25.206912500Z."
  },
  {
    "TimeCreated": "2026-03-30 21:49:55",
    "Channel": "Application",
    "Level": "Information",
    "EventId": 16384,
    "ProviderName": "Microsoft-Windows-Security-SPP",
    "Message": "Successfully scheduled Software Protection service for re-start at 2126-03-07T02:49:55Z. Reason: RulesEngine."
  },
  {
    "TimeCreated": "2026-03-30 21:49:22",
    "Channel": "Application",
    "Level": "Information",
    "EventId": 256,
    "ProviderName": "Chrome",
    "Message": "[22412:8428:0330/214922.402:INFO:chrome\\browser\\extensions\\extension_garbage_collector.cc:188] Garbage collection for extensions on file thread is complete."
  },
  {
    "TimeCreated": "2026-03-30 21:49:21",
    "Channel": "Application",
    "Level": "Information",
    "EventId": 16394,
    "ProviderName": "Microsoft-Windows-Security-SPP",
    "Message": "Offline downlevel migration succeeded."
  },
  {
    "TimeCreated": "2026-03-30 21:45:16",
    "Channel": "Application",
    "Level": "Information",
    "EventId": 15,
    "ProviderName": "SecurityCenter",
    "Message": "Updated Windows Defender status successfully to SECURITY_PRODUCT_STATE_ON."
  },
  {
    "TimeCreated": "2026-03-30 21:44:24",
    "Channel": "Application",
    "Level": "Information",
    "EventId": 16384,
    "ProviderName": "Microsoft-Windows-Security-SPP",
    "Message": "Successfully scheduled Software Protection service for re-start at 2126-03-07T02:44:24Z. Reason: RulesEngine."
  },
  {
    "TimeCreated": "2026-03-30 21:43:53",
    "Channel": "Application",
    "Level": "Information",
    "EventId": 16394,
    "ProviderName": "Microsoft-Windows-Security-SPP",
    "Message": "Offline downlevel migration succeeded."
  },
  {
    "TimeCreated": "2026-03-30 21:43:34",
    "Channel": "Application",
    "Level": "Information",
    "EventId": 1,
    "ProviderName": "CoworkVMService",
    "Message": "Claude VM Service starting. Detailed logs: C:\\ProgramData\\Claude\\Logs\\cowork-service.log"
  },
  {
    "TimeCreated": "2026-03-30 21:43:34",
    "Channel": "Application",
    "Level": null,
    "EventId": 2562,
    "ProviderName": "Microsoft-Windows-AppXDeploymentServer/Operational",
    "Message": ""
  },
  {
    "TimeCreated": "2026-03-30 21:43:33",
    "Channel": "Application",
    "Level": "Information",
    "EventId": 1,
    "ProviderName": "CoworkVMService",
    "Message": "Claude VM Service stopped."
  },
  {
    "TimeCreated": "2026-03-30 21:38:21",
    "Channel": "Application",
    "Level": "Warning",
    "EventId": 1008,
    "ProviderName": "Microsoft-Windows-Perflib",
    "Message": "The Open procedure for service 'WmiApRpl' in DLL 'C:\\WINDOWS\\system32\\wbem\\wmiaprpl.dll' failed with error code The device is not ready.. Performance data for this service will not be available."
  },
  {
    "TimeCreated": "2026-03-30 21:38:20",
    "Channel": "Application",
    "Level": "Warning",
    "EventId": 1008,
    "ProviderName": "Microsoft-Windows-Perflib",
    "Message": "The Open procedure for service 'MSDTC' in DLL 'C:\\WINDOWS\\system32\\msdtcuiu.DLL' failed with error code The system cannot find the file specified.. Performance data for this service will not be available."
  },
  {
    "TimeCreated": "2026-03-30 21:38:20",
    "Channel": "Application",
    "Level": "Warning",
    "EventId": 1008,
    "ProviderName": "Microsoft-Windows-Perflib",
    "Message": "The Open procedure for service 'ESENT' in DLL 'C:\\WINDOWS\\system32\\esentprf.dll' failed with error code The system cannot find the file specified.. Performance data for this service will not be available."
  },
  {
    "TimeCreated": "2026-03-30 21:36:33",
    "Channel": "Application",
    "Level": "Information",
    "EventId": 903,
    "ProviderName": "Microsoft-Windows-Security-SPP",
    "Message": "The Software Protection service has stopped. "
  },
  {
    "TimeCreated": "2026-03-30 21:36:33",
    "Channel": "Application",
    "Level": "Information",
    "EventId": 16384,
    "ProviderName": "Microsoft-Windows-Security-SPP",
    "Message": "Successfully scheduled Software Protection service for re-start at 2126-03-07T02:36:33Z. Reason: RulesEngine."
  },
  {
    "TimeCreated": "2026-03-30 21:36:05",
    "Channel": "Application",
    "Level": "Information",
    "EventId": 15,
    "ProviderName": "SecurityCenter",
    "Message": "Updated Windows Defender status successfully to SECURITY_PRODUCT_STATE_ON."
  },
  {
    "TimeCreated": "2026-03-30 21:36:03",
    "Channel": "Application",
    "Level": "Information",
    "EventId": 1,
    "ProviderName": "SecurityCenter",
    "Message": "The Windows Security Center Service has started."
  },
  {
    "TimeCreated": "2026-03-30 21:36:01",
    "Channel": "Application",
    "Level": "Information",
    "EventId": 902,
    "ProviderName": "Microsoft-Windows-Security-SPP",
    "Message": "The Software Protection service has started. 10.0.26100.8036"
  },
