  {
    "TimeCreated": "2026-03-30 21:36:01",
    "Channel": "Application",
    "Level": "Information",
    "EventId": 1003,
    "ProviderName": "Microsoft-Windows-Security-SPP",
    "Message": "The Software Protection service has completed licensing status check. Application Id=55c92734-d682-4d71-983e-d6ec3f16059f Licensing Status= 1: 0567073a-7d74-403b-b2d5-6b35da372d8d, 1, 0 [(0 [0xC004F014, 0, 0], [(?)(?)(?)(?)(?)(?)(?)(?)])(1 )(2 )(3 )] 2: 1b750385-9fe2-49a8-ab55-149d0546395b, 1, 0 [(0 [0xC004F014, 0, 0], [(?)(?)(?)(?)(?)(?)(?)(?)])(1 )(2 )(3 )] 3: 1d873132-f09f-4eb2-bf5a-2e4fb48935e8, 1, 0 [(0 [0xC004F014, 0, 0], [(?)(?)(?)(?)(?)(?)(?)(?)])(1 )(2 )(3 )] 4: 2b1f36bb-c1cd-4306-bf5c-a0367c2d97d8, 1, 0 [(0 [0xC004F014, 0, 0], [(?)(?)(?)(?)(?)(?)(?)(?)])(1 )(2 )(3 )] 5: 30d469c6-a78f-4476-b5c8-af78d5b6a5fb, 1, 1 [(0 [0xC004E003, 0, 0], [( 10 0xC004F200 msft:rm/algorithm/flags/1.0)( 1 0x00000000)(?)(?)(?)(?)( 10 0xC004F200 msft:rm/algorithm/flags/1.0)(?)])(1 )(2 [0x00000000, 1, 0], [(?)( 1 0x00000000)(?)(?)(?)(?)( 10 0x00000000 msft:rm/algorithm/flags/1.0)(?)])(3 )] 6: 3ae2cc14-ab2d-41f4-972f-5e20142771dc, 1, 0 [(0 [0xC004F014, 0, 0], [(?)(?)(?)(?)(?)(?)(?)(?)])(1 )(2 )(3 )] 7: 4002e33a-524c-4100-8108-131a0d42c0ea, 1, 0 [(0 [0xC004F014, 0, 0], [(?)(?)(?)(?)(?)(?)(?)(?)])(1 )(2 )(3 )] 8: 411b3d4f-be6d-4a06-baaa-9cabfc256cae, 1, 0 [(0 [0xC004F014, 0, 0], [(?)(?)(?)(?)(?)(?)(?)(?)])(1 )(2 )(3 )] 9: 58e97c99-f377-4ef1-81d5-4ad5522b5fd8, 1, 0 [(0 [0xC004F014, 0, 0], [(?)(?)(?)(?)(?)(?)(?)(?)])(1 )(2 )(3 )] 10: 653098ee-780d-4863-8cf2-d18399ce413b, 1, 0 [(0 [0xC004F014, 0, 0], [(?)(?)(?)(?)(?)(?)(?)(?)])(1 )(2 )(3 )] 11: 74436dbb-cc17-46de-867f-14906ba4a938, 1, 0 [(0 [0xC004F014, 0, 0], [(?)(?)(?)(?)(?)(?)(?)(?)])(1 )(2 )(3 )] 12: 8a292df8-d653-4057-8133-a0701792f912, 1, 0 [(0 [0xC004F014, 0, 0], [(?)(?)(?)(?)(?)(?)(?)(?)])(1 )(2 )(3 )] 13: 8db63db6-4f8f-46d6-a448-66444faaaa72, 1, 0 [(0 [0xC004F014, 0, 0], [(?)(?)(?)(?)(?)(?)(?)(?)])(1 )(2 )(3 )] 14: cd918a57-a41b-4c82-8dce-1a538e221a83, 1, 0 [(0 [0xC004F014, 0, 0], [(?)(?)(?)(?)(?)(?)(?)(?)])(1 )(2 )(3 )] 15: da9621af-f086-4244-b563-18611e51aa1a, 1, 0 [(0 [0xC004F014, 0, 0], [(?)(?)(?)(?)(?)(?)(?)(?)])(1 )(2 )(3 )] 16: e371d89a-73e8-4b24-a7ff-23a3641dd18e, 1, 0 [(0 [0xC004F014, 0, 0], [(?)(?)(?)(?)(?)(?)(?)(?)])(1 )(2 )(3 )] 17: ed799377-74b8-4989-a244-14d082e65972, 1, 0 [(0 [0xC004F014, 0, 0], [(?)(?)(?)(?)(?)(?)(?)(?)])(1 )(2 )(3 )]  "
  },
  {
    "TimeCreated": "2026-03-30 21:36:01",
    "Channel": "Application",
    "Level": "Information",
    "EventId": 1066,
    "ProviderName": "Microsoft-Windows-Security-SPP",
    "Message": "Initialization status for service objects. C:\\WINDOWS\\system32\\sppwinob.dll, msft:spp/windowsfunctionality/agent/7.0, 0x00000000, 0x00000000 C:\\WINDOWS\\system32\\sppobjs.dll, msft:rm/algorithm/inherited/1.0, 0x00000000, 0x00000000 C:\\WINDOWS\\system32\\sppobjs.dll, msft:rm/algorithm/phone/1.0, 0x00000000, 0x00000000 C:\\WINDOWS\\system32\\sppobjs.dll, msft:rm/algorithm/pkey/detect, 0x00000000, 0x00000000 C:\\WINDOWS\\system32\\sppobjs.dll, msft:spp/ActionScheduler/1.0, 0x00000000, 0x00000000 C:\\WINDOWS\\system32\\sppobjs.dll, msft:spp/TaskScheduler/1.0, 0x00000000, 0x00000000 C:\\WINDOWS\\system32\\sppobjs.dll, msft:spp/statecollector/pkey, 0x00000000, 0x00000000 C:\\WINDOWS\\system32\\sppobjs.dll, msft:spp/volume/services/kms/1.0, 0x00000000, 0x00000000 C:\\WINDOWS\\system32\\sppobjs.dll, msft:spp/volume/services/kms/activationinfo/1.0, 0x00000000, 0x00000000 "
  },
  {
    "TimeCreated": "2026-03-30 21:36:01",
    "Channel": "Application",
    "Level": "Information",
    "EventId": 16394,
    "ProviderName": "Microsoft-Windows-Security-SPP",
    "Message": "Offline downlevel migration succeeded."
  },
  {
    "TimeCreated": "2026-03-30 21:36:01",
    "Channel": "Application",
    "Level": "Information",
    "EventId": 900,
    "ProviderName": "Microsoft-Windows-Security-SPP",
    "Message": "The Software Protection service is starting. Parameters:<explicit>"
  },
  {
    "TimeCreated": "2026-03-30 21:35:58",
    "Channel": "Application",
    "Level": "Information",
    "EventId": 0,
    "ProviderName": "edgeupdate",
    "Message": "Service stopped."
  },
  {
    "TimeCreated": "2026-03-30 21:35:07",
    "Channel": "Application",
    "Level": "Information",
    "EventId": 256,
    "ProviderName": "Chrome",
    "Message": "[19488:19424:0330/213507.860:INFO:chrome\\browser\\extensions\\extension_garbage_collector.cc:188] Garbage collection for extensions on file thread is complete."
  },
  {
    "TimeCreated": "2026-03-30 21:34:22",
    "Channel": "Application",
    "Level": "Information",
    "EventId": 0,
    "ProviderName": "Service1",
    "Message": "Service started successfully."
  },
  {
    "TimeCreated": "2026-03-30 21:34:21",
    "Channel": "Application",
    "Level": "Information",
    "EventId": 1003,
    "ProviderName": "Microsoft-Windows-Search",
    "Message": "The Windows Search Service started. "
  },
  {
    "TimeCreated": "2026-03-30 21:34:19",
    "Channel": "Application",
    "Level": "Information",
    "EventId": 6000,
    "ProviderName": "Microsoft-Windows-Winlogon",
    "Message": "The winlogon notification subscriber <SessionEnv> was unavailable to handle a notification event."
  },
  {
    "TimeCreated": "2026-03-30 21:34:18",
    "Channel": "Application",
    "Level": "Information",
    "EventId": 6003,
    "ProviderName": "Microsoft-Windows-Winlogon",
    "Message": "The winlogon notification subscriber <SessionEnv> was unavailable to handle a critical notification event."
  },
  {
    "TimeCreated": "2026-03-30 21:34:18",
    "Channel": "Application",
    "Level": "Information",
    "EventId": 2003,
    "ProviderName": "DSAService",
    "Message": "<DSAExceptionEvent xmlns:xsi='http://www.w3.org/2001/XMLSchema-instance' xmlns:xsd='http://www.w3.org/2001/XMLSchema' xmlns='https://www.intel.com'><OS><Description>Windows 10 Home</Description><Version>6.3</Version><Build>26200</Build><Release>2009</Release><EpmId>windows-11-25h2-64</EpmId></OS><DSAVersion>25.4.36.6</DSAVersion><Module>DSARulesCore.dll</Module><ClassName>Intel.DSA.Rules.RuleSets.Rebar</ClassName><MethodName>ConvertDetectionOutputToMessage</MethodName><ExceptionType>ResizableBarMessageException</ExceptionType><Message>CheckAmdPlatform</Message></DSAExceptionEvent>"
  },
  {
    "TimeCreated": "2026-03-30 21:34:07",
    "Channel": "Application",
    "Level": "Warning",
    "EventId": 64,
    "ProviderName": "Microsoft-Windows-CertificateServicesClient-AutoEnrollment",
    "Message": "Certificate for local system with Thumbprint 68 c8 d0 95 66 82 93 2f 46 f1 03 f9 42 7d 72 ec e4 80 2a cc is about to expire or already expired."
  },
  {
    "TimeCreated": "2026-03-30 21:34:01",
    "Channel": "Application",
    "Level": "Information",
    "EventId": 0,
    "ProviderName": "Service1",
    "Message": "Service started successfully."
  },
  {
    "TimeCreated": "2026-03-30 21:34:01",
    "Channel": "Application",
    "Level": "Information",
    "EventId": 1035,
    "ProviderName": "MsiInstaller",
    "Message": "Windows Installer reconfigured the product. Product Name: Microsoft GameInput. Product Version: 3.3.163.0. Product Language: 1033. Manufacturer: Microsoft Corporation. Reconfiguration success or error status: 0."
  },
  {
    "TimeCreated": "2026-03-30 21:33:58",
    "Channel": "Application",
    "Level": "Information",
    "EventId": 1,
    "ProviderName": "CoworkVMService",
    "Message": "Claude VM Service starting. Detailed logs: C:\\ProgramData\\Claude\\Logs\\cowork-service.log"
  },
  {
    "TimeCreated": "2026-03-30 21:33:56",
    "Channel": "Application",
    "Level": "Information",
    "EventId": 0,
    "ProviderName": "LightKeeperService",
    "Message": "Service started successfully."
  },
  {
    "TimeCreated": "2026-03-30 21:33:56",
    "Channel": "Application",
    "Level": "Information",
    "EventId": 0,
    "ProviderName": "MSI_Companion_Service",
    "Message": "Service started successfully."
  },
  {
    "TimeCreated": "2026-03-30 21:33:56",
    "Channel": "Application",
    "Level": "Information",
    "EventId": 1003,
    "ProviderName": "DSAService",
    "Message": "DSAService.dll:7:Intel.DSA.Service.Service|OnStartTask|()|Initializing logging"
  },
  {
    "TimeCreated": "2026-03-30 21:33:56",
    "Channel": "Application",
    "Level": "Information",
    "EventId": 1003,
    "ProviderName": "DSAService",
    "Message": "DSAService.dll:7:DSAClientCore.Controllers.Computer.SettingsController|SetDownloadsDirectoryFallback|()|DownloadsDirectoryFallback changed."
  },
  {
    "TimeCreated": "2026-03-30 21:33:56",
    "Channel": "Application",
    "Level": "Information",
    "EventId": 1003,
    "ProviderName": "DSAService",
    "Message": "DSAService.dll:7:DSAClientCore.Controllers.Computer.SettingsController|SetDsaDirectoryFallback|()|DsaDirectoryFallback changed."
  },
  {
    "TimeCreated": "2026-03-30 21:33:56",
    "Channel": "Application",
    "Level": "Information",
    "EventId": 0,
    "ProviderName": "SystemUsageReportSvc",
    "Message": "Service started successfully."
  },
  {
    "TimeCreated": "2026-03-30 21:33:56",
    "Channel": "Application",
    "Level": "Information",
    "EventId": 1003,
    "ProviderName": "DSAService",
    "Message": "DSAService.dll:7:DSAClientCore.Controllers.Computer.SettingsController|SetDsaDirectoryFallback|()|DsaDirectoryFallback changed."
  },
  {
    "TimeCreated": "2026-03-30 21:33:56",
    "Channel": "Application",
    "Level": "Information",
    "EventId": 0,
    "ProviderName": "DSAUpdateService",
    "Message": "Service started successfully."
  },
  {
    "TimeCreated": "2026-03-30 21:33:56",
    "Channel": "Application",
    "Level": "Information",
    "EventId": 0,
    "ProviderName": "DSAService",
    "Message": "Service started successfully."
  },
  {
    "TimeCreated": "2026-03-30 21:33:56",
    "Channel": "Application",
    "Level": "Information",
    "EventId": 5617,
    "ProviderName": "Microsoft-Windows-WMI",
    "Message": "Windows Management Instrumentation Service subsystems initialized successfully"
  },
  {
    "TimeCreated": "2026-03-30 21:33:56",
    "Channel": "Application",
    "Level": "Information",
    "EventId": 5615,
    "ProviderName": "Microsoft-Windows-WMI",
    "Message": "Windows Management Instrumentation Service started sucessfully"
  },
  {
    "TimeCreated": "2026-03-30 21:33:55",
    "Channel": "Application",
    "Level": "Information",
    "EventId": 1531,
    "ProviderName": "Microsoft-Windows-User Profiles Service",
    "Message": "The User Profile Service has started successfully.    "
  },
  {
    "TimeCreated": "2026-03-30 16:59:10",
    "Channel": "Application",
    "Level": "Error",
    "EventId": 1000,
    "ProviderName": "Application Error",
    "Message": "Faulting application name: LEDKeeper2.exe, version: 1.0.1.15, time stamp: 0x60487780 Faulting module name: KERNELBASE.dll, version: 10.0.26100.8036, time stamp: 0x1ba81ff3 Exception code: 0xe0434352 Fault offset: 0x00163184 Faulting process id: 0x2450 Faulting application start time: 0x1DCC0906DD10440 Faulting application path: C:\\Program Files (x86)\\MSI\\One Dragon Center\\Mystic_Light\\LEDKeeper2.exe Faulting module path: C:\\WINDOWS\\System32\\KERNELBASE.dll Report Id: 9405cd15-67e8-49b4-b302-e1b4c78ea2fc Faulting package full name:  Faulting package-relative application ID: "
  },
  {
    "TimeCreated": "2026-03-30 21:33:55",
    "Channel": "Application",
    "Level": "Information",
    "EventId": 4625,
    "ProviderName": "Microsoft-Windows-EventSystem",
    "Message": "The EventSystem sub system is suppressing duplicate event log entries for a duration of 86400 seconds.  The suppression timeout can be controlled by a REG_DWORD value named SuppressDuplicateDuration under the following registry key: HKLM\\Software\\Microsoft\\EventSystem\\EventLog."
  },
  {
    "TimeCreated": "2026-03-30 16:59:08",
    "Channel": "Application",
    "Level": "Information",
    "EventId": 1532,
    "ProviderName": "Microsoft-Windows-User Profiles Service",
    "Message": "The User Profile Service has stopped.    "
  },
  {
    "TimeCreated": "2026-03-30 16:59:08",
    "Channel": "Application",
    "Level": "Information",
    "EventId": 0,
    "ProviderName": "LightKeeperService",
    "Message": "Service has been successfully shut down."
  },
  {
    "TimeCreated": "2026-03-30 16:59:08",
    "Channel": "Application",
    "Level": "Information",
    "EventId": 0,
    "ProviderName": "Service1",
    "Message": "Service has been successfully shut down."
  },
  {
    "TimeCreated": "2026-03-30 16:59:08",
    "Channel": "Application",
    "Level": "Information",
    "EventId": 0,
    "ProviderName": "SystemUsageReportSvc",
    "Message": "Service has been successfully shut down."
  },
  {
    "TimeCreated": "2026-03-30 16:59:08",
    "Channel": "Application",
    "Level": "Information",
    "EventId": 0,
    "ProviderName": "DSAUpdateService",
    "Message": "Service has been successfully shut down."
  },
  {
    "TimeCreated": "2026-03-30 16:59:08",
    "Channel": "Application",
    "Level": "Information",
    "EventId": 0,
    "ProviderName": "DSAService",
    "Message": "Service has been successfully shut down."
  },
  {
    "TimeCreated": "2026-03-30 16:59:08",
    "Channel": "Application",
    "Level": "Information",
    "EventId": 0,
    "ProviderName": "Service1",
    "Message": "Service has been successfully shut down."
  },
  {
    "TimeCreated": "2026-03-30 16:59:07",
    "Channel": "Application",
    "Level": "Information",
    "EventId": 6000,
    "ProviderName": "Microsoft-Windows-Winlogon",
    "Message": "The winlogon notification subscriber <SessionEnv> was unavailable to handle a notification event."
  },
  {
    "TimeCreated": "2026-03-30 16:59:07",
    "Channel": "Application",
    "Level": "Information",
    "EventId": 6000,
    "ProviderName": "Microsoft-Windows-Winlogon",
    "Message": "The winlogon notification subscriber <WSearch> was unavailable to handle a notification event."
  },
  {
    "TimeCreated": "2026-03-30 16:48:40",
    "Channel": "Application",
    "Level": "Information",
    "EventId": 16384,
    "ProviderName": "Microsoft-Windows-Security-SPP",
    "Message": "Successfully scheduled Software Protection service for re-start at 2126-03-06T21:48:40Z. Reason: RulesEngine."
  },
  {
    "TimeCreated": "2026-03-30 16:48:09",
    "Channel": "Application",
    "Level": "Information",
    "EventId": 16394,
    "ProviderName": "Microsoft-Windows-Security-SPP",
    "Message": "Offline downlevel migration succeeded."
  },
  {
    "TimeCreated": "2026-03-30 16:44:07",
    "Channel": "Application",
    "Level": "Information",
    "EventId": 256,
    "ProviderName": "Chrome",
    "Message": "[9964:18956:0330/164407.029:INFO:chrome\\browser\\extensions\\extension_garbage_collector.cc:188] Garbage collection for extensions on file thread is complete."
  },
  {
    "TimeCreated": "2026-03-30 16:33:02",
    "Channel": "Application",
    "Level": "Information",
    "EventId": 256,
    "ProviderName": "Chrome",
    "Message": "[18816:19504:0330/163302.104:INFO:chrome\\browser\\extensions\\extension_garbage_collector.cc:188] Garbage collection for extensions on file thread is complete."
  },
  {
    "TimeCreated": "2026-03-30 16:31:38",
    "Channel": "Application",
    "Level": "Information",
    "EventId": 256,
    "ProviderName": "Chrome",
    "Message": "[11016:21164:0330/163138.776:INFO:chrome\\browser\\extensions\\extension_garbage_collector.cc:188] Garbage collection for extensions on file thread is complete."
  },
  {
    "TimeCreated": "2026-03-30 16:23:48",
    "Channel": "Application",
    "Level": "Information",
    "EventId": 16384,
    "ProviderName": "Microsoft-Windows-Security-SPP",
    "Message": "Successfully scheduled Software Protection service for re-start at 2126-03-06T21:23:48Z. Reason: RulesEngine."
  },
  {
    "TimeCreated": "2026-03-30 16:23:18",
    "Channel": "Application",
    "Level": "Information",
    "EventId": 16394,
    "ProviderName": "Microsoft-Windows-Security-SPP",
    "Message": "Offline downlevel migration succeeded."
  },
  {
    "TimeCreated": "2026-03-30 16:22:47",
    "Channel": "Application",
    "Level": "Information",
    "EventId": 256,
    "ProviderName": "Chrome",
    "Message": "[11092:11840:0330/162247.030:INFO:chrome\\browser\\extensions\\extension_garbage_collector.cc:188] Garbage collection for extensions on file thread is complete."
  },
  {
    "TimeCreated": "2026-03-30 16:20:48",
    "Channel": "Application",
    "Level": "Information",
    "EventId": 16384,
    "ProviderName": "Microsoft-Windows-Security-SPP",
    "Message": "Successfully scheduled Software Protection service for re-start at 2126-03-06T21:20:48Z. Reason: RulesEngine."
  },
  {
    "TimeCreated": "2026-03-30 16:20:17",
    "Channel": "Application",
    "Level": "Information",
    "EventId": 16394,
    "ProviderName": "Microsoft-Windows-Security-SPP",
    "Message": "Offline downlevel migration succeeded."
  },
  {
    "TimeCreated": "2026-03-30 16:16:49",
    "Channel": "Application",
    "Level": "Information",
    "EventId": 16384,
    "ProviderName": "Microsoft-Windows-Security-SPP",
    "Message": "Successfully scheduled Software Protection service for re-start at 2126-03-06T21:16:49Z. Reason: RulesEngine."
  },
  {
    "TimeCreated": "2026-03-30 16:16:18",
    "Channel": "Application",
    "Level": "Information",
    "EventId": 16394,
    "ProviderName": "Microsoft-Windows-Security-SPP",
    "Message": "Offline downlevel migration succeeded."
  },
  {
    "TimeCreated": "2026-03-30 15:59:01",
    "Channel": "Application",
    "Level": "Information",
    "EventId": 16384,
    "ProviderName": "Microsoft-Windows-Security-SPP",
    "Message": "Successfully scheduled Software Protection service for re-start at 2126-03-06T20:59:01Z. Reason: RulesEngine."
  },
  {
    "TimeCreated": "2026-03-30 15:58:31",
    "Channel": "Application",
    "Level": "Information",
    "EventId": 16394,
    "ProviderName": "Microsoft-Windows-Security-SPP",
    "Message": "Offline downlevel migration succeeded."
  },
  {
    "TimeCreated": "2026-03-30 15:51:21",
    "Channel": "Application",
    "Level": "Information",
    "EventId": 256,
    "ProviderName": "Chrome",
    "Message": "[24084:21852:0330/155121.875:INFO:chrome\\browser\\extensions\\extension_garbage_collector.cc:188] Garbage collection for extensions on file thread is complete."
  },
  {
    "TimeCreated": "2026-03-30 15:25:05",
    "Channel": "Application",
    "Level": "Information",
    "EventId": 16384,
    "ProviderName": "Microsoft-Windows-Security-SPP",
    "Message": "Successfully scheduled Software Protection service for re-start at 2126-03-06T20:25:05Z. Reason: RulesEngine."
  },
  {
    "TimeCreated": "2026-03-30 15:24:38",
    "Channel": "Application",
    "Level": "Information",
    "EventId": 256,
    "ProviderName": "Chrome",
    "Message": "[22132:14700:0330/152438.869:INFO:chrome\\browser\\extensions\\extension_garbage_collector.cc:188] Garbage collection for extensions on file thread is complete."
  },
  {
    "TimeCreated": "2026-03-30 15:24:35",
    "Channel": "Application",
    "Level": "Information",
    "EventId": 16394,
    "ProviderName": "Microsoft-Windows-Security-SPP",
    "Message": "Offline downlevel migration succeeded."
  },
  {
    "TimeCreated": "2026-03-30 14:45:47",
    "Channel": "Application",
    "Level": "Information",
    "EventId": 8224,
    "ProviderName": "VSS",
    "Message": "The VSS service is shutting down due to idle timeout. "
  },
  {
    "TimeCreated": "2026-03-30 14:42:40",
    "Channel": "Application",
    "Level": "Information",
    "EventId": 8224,
    "ProviderName": "VSS",
    "Message": "The VSS service is shutting down due to idle timeout. "
  },
  {
    "TimeCreated": "2026-03-30 14:42:10",
    "Channel": "Application",
    "Level": "Information",
    "EventId": 15,
    "ProviderName": "SecurityCenter",
    "Message": "Updated Windows Defender status successfully to SECURITY_PRODUCT_STATE_ON."
  },
  {
    "TimeCreated": "2026-03-30 14:41:11",
    "Channel": "Application",
    "Level": "Information",
    "EventId": 15,
    "ProviderName": "SecurityCenter",
    "Message": "Updated Windows Defender status successfully to SECURITY_PRODUCT_STATE_ON."
  },
  {
    "TimeCreated": "2026-03-30 14:39:51",
    "Channel": "Application",
    "Level": "Information",
    "EventId": 10001,
    "ProviderName": "Microsoft-Windows-RestartManager",
    "Message": "Ending session 1 started ‎2026‎-‎03‎-‎30T19:39:45.840229800Z."
  },
  {
    "TimeCreated": "2026-03-30 14:39:45",
    "Channel": "Application",
    "Level": "Information",
    "EventId": 10000,
    "ProviderName": "Microsoft-Windows-RestartManager",
    "Message": "Starting session 1 - ‎2026‎-‎03‎-‎30T19:39:45.840229800Z."
  },
  {
    "TimeCreated": "2026-03-30 14:39:40",
    "Channel": "Application",
    "Level": "Information",
    "EventId": 8216,
    "ProviderName": "System Restore",
    "Message": "Skipping creation of restore point (Process = C:\\WINDOWS\\system32\\svchost.exe -k netsvcs -p -s wuauserv; Description = Windows Update) as there is a restore point avaliable which is recent enough for System Restore."
  },
  {
    "TimeCreated": "2026-03-30 14:36:45",
    "Channel": "Application",
    "Level": "Information",
    "EventId": 2003,
    "ProviderName": "DSAService",
    "Message": "<DSAExceptionEvent xmlns:xsi='http://www.w3.org/2001/XMLSchema-instance' xmlns:xsd='http://www.w3.org/2001/XMLSchema' xmlns='https://www.intel.com'><OS><Description>Windows 10 Home</Description><Version>6.3</Version><Build>26200</Build><Release>2009</Release><EpmId>windows-11-25h2-64</EpmId></OS><DSAVersion>25.4.36.6</DSAVersion><Module>DSARulesCore.dll</Module><ClassName>Intel.DSA.Rules.RuleSets.Rebar</ClassName><MethodName>ConvertDetectionOutputToMessage</MethodName><ExceptionType>ResizableBarMessageException</ExceptionType><Message>CheckAmdPlatform</Message></DSAExceptionEvent>"
  },
  {
    "TimeCreated": "2026-03-30 14:31:48",
    "Channel": "Application",
    "Level": "Information",
    "EventId": 15,
    "ProviderName": "SecurityCenter",
    "Message": "Updated Windows Defender status successfully to SECURITY_PRODUCT_STATE_ON."
  },
  {
    "TimeCreated": "2026-03-30 14:29:43",
    "Channel": "Application",
    "Level": "Information",
    "EventId": 16384,
    "ProviderName": "Microsoft-Windows-Security-SPP",
    "Message": "Successfully scheduled Software Protection service for re-start at 2126-03-06T19:29:43Z. Reason: RulesEngine."
  },
  {
    "TimeCreated": "2026-03-30 14:29:42",
    "Channel": "Application",
    "Level": "Information",
    "EventId": 0,
    "ProviderName": "edgeupdate",
    "Message": "Service stopped."
  },
  {
    "TimeCreated": "2026-03-30 14:29:12",
    "Channel": "Application",
    "Level": "Information",
    "EventId": 16394,
    "ProviderName": "Microsoft-Windows-Security-SPP",
    "Message": "Offline downlevel migration succeeded."
  },
  {
    "TimeCreated": "2026-03-30 14:25:21",
    "Channel": "Application",
    "Level": "Warning",
    "EventId": 1008,
    "ProviderName": "Microsoft-Windows-Perflib",
    "Message": "The Open procedure for service 'WmiApRpl' in DLL 'C:\\WINDOWS\\system32\\wbem\\wmiaprpl.dll' failed with error code The device is not ready.. Performance data for this service will not be available."
  },
  {
    "TimeCreated": "2026-03-30 14:25:21",
    "Channel": "Application",
    "Level": null,
    "EventId": 4096,
    "ProviderName": "VBScriptDeprecationAlert",
    "Message": ""
  },
  {
    "TimeCreated": "2026-03-30 14:23:51",
    "Channel": "Application",
    "Level": "Information",
    "EventId": 16384,
    "ProviderName": "Microsoft-Windows-Security-SPP",
    "Message": "Successfully scheduled Software Protection service for re-start at 2126-03-06T19:23:51Z. Reason: RulesEngine."
  },
  {
    "TimeCreated": "2026-03-30 14:23:23",
    "Channel": "Application",
    "Level": "Information",
    "EventId": 15,
    "ProviderName": "SecurityCenter",
    "Message": "Updated Windows Defender status successfully to SECURITY_PRODUCT_STATE_ON."
  },
  {
    "TimeCreated": "2026-03-30 14:23:21",
    "Channel": "Application",
    "Level": "Information",
    "EventId": 1,
    "ProviderName": "SecurityCenter",
    "Message": "The Windows Security Center Service has started."
  },
  {
    "TimeCreated": "2026-03-30 14:23:21",
    "Channel": "Application",
    "Level": "Information",
    "EventId": 16394,
    "ProviderName": "Microsoft-Windows-Security-SPP",
    "Message": "Offline downlevel migration succeeded."
  },
  {
    "TimeCreated": "2026-03-30 14:23:21",
    "Channel": "Application",
    "Level": "Information",
    "EventId": 900,
    "ProviderName": "Microsoft-Windows-Security-SPP",
    "Message": "The Software Protection service is starting. Parameters:<explicit>"
  },
  {
    "TimeCreated": "2026-03-30 14:23:20",
    "Channel": "Application",
    "Level": "Information",
    "EventId": 0,
    "ProviderName": "edgeupdate",
    "Message": "Service stopped."
  },
  {
    "TimeCreated": "2026-03-30 14:22:19",
    "Channel": "Application",
    "Level": "Information",
    "EventId": 903,
    "ProviderName": "Microsoft-Windows-Security-SPP",
    "Message": "The Software Protection service has stopped. "
  },
  {
    "TimeCreated": "2026-03-30 14:22:19",
    "Channel": "Application",
    "Level": "Information",
    "EventId": 16384,
    "ProviderName": "Microsoft-Windows-Security-SPP",
    "Message": "Successfully scheduled Software Protection service for re-start at 2126-03-06T19:22:19Z. Reason: RulesEngine."
  },
  {
    "TimeCreated": "2026-03-30 14:21:59",
    "Channel": "Application",
    "Level": "Information",
    "EventId": 256,
    "ProviderName": "Chrome",
    "Message": "[14244:2544:0330/142159.969:INFO:chrome\\browser\\extensions\\extension_garbage_collector.cc:188] Garbage collection for extensions on file thread is complete."
  },
  {
    "TimeCreated": "2026-03-30 14:21:49",
    "Channel": "Application",
    "Level": "Information",
    "EventId": 902,
    "ProviderName": "Microsoft-Windows-Security-SPP",
    "Message": "The Software Protection service has started. 10.0.26100.8036"
  },
  {
    "TimeCreated": "2026-03-30 14:21:49",
    "Channel": "Application",
    "Level": "Information",
    "EventId": 1003,
    "ProviderName": "Microsoft-Windows-Security-SPP",
    "Message": "The Software Protection service has completed licensing status check. Application Id=55c92734-d682-4d71-983e-d6ec3f16059f Licensing Status= 1: 0567073a-7d74-403b-b2d5-6b35da372d8d, 1, 0 [(0 [0xC004F014, 0, 0], [(?)(?)(?)(?)(?)(?)(?)(?)])(1 )(2 )(3 )] 2: 1b750385-9fe2-49a8-ab55-149d0546395b, 1, 0 [(0 [0xC004F014, 0, 0], [(?)(?)(?)(?)(?)(?)(?)(?)])(1 )(2 )(3 )] 3: 1d873132-f09f-4eb2-bf5a-2e4fb48935e8, 1, 0 [(0 [0xC004F014, 0, 0], [(?)(?)(?)(?)(?)(?)(?)(?)])(1 )(2 )(3 )] 4: 2b1f36bb-c1cd-4306-bf5c-a0367c2d97d8, 1, 0 [(0 [0xC004F014, 0, 0], [(?)(?)(?)(?)(?)(?)(?)(?)])(1 )(2 )(3 )] 5: 30d469c6-a78f-4476-b5c8-af78d5b6a5fb, 1, 1 [(0 [0xC004E003, 0, 0], [( 10 0xC004F200 msft:rm/algorithm/flags/1.0)( 1 0x00000000)(?)(?)(?)(?)( 10 0xC004F200 msft:rm/algorithm/flags/1.0)(?)])(1 )(2 [0x00000000, 1, 0], [(?)( 1 0x00000000)(?)(?)(?)(?)( 10 0x00000000 msft:rm/algorithm/flags/1.0)(?)])(3 )] 6: 3ae2cc14-ab2d-41f4-972f-5e20142771dc, 1, 0 [(0 [0xC004F014, 0, 0], [(?)(?)(?)(?)(?)(?)(?)(?)])(1 )(2 )(3 )] 7: 4002e33a-524c-4100-8108-131a0d42c0ea, 1, 0 [(0 [0xC004F014, 0, 0], [(?)(?)(?)(?)(?)(?)(?)(?)])(1 )(2 )(3 )] 8: 411b3d4f-be6d-4a06-baaa-9cabfc256cae, 1, 0 [(0 [0xC004F014, 0, 0], [(?)(?)(?)(?)(?)(?)(?)(?)])(1 )(2 )(3 )] 9: 58e97c99-f377-4ef1-81d5-4ad5522b5fd8, 1, 0 [(0 [0xC004F014, 0, 0], [(?)(?)(?)(?)(?)(?)(?)(?)])(1 )(2 )(3 )] 10: 653098ee-780d-4863-8cf2-d18399ce413b, 1, 0 [(0 [0xC004F014, 0, 0], [(?)(?)(?)(?)(?)(?)(?)(?)])(1 )(2 )(3 )] 11: 74436dbb-cc17-46de-867f-14906ba4a938, 1, 0 [(0 [0xC004F014, 0, 0], [(?)(?)(?)(?)(?)(?)(?)(?)])(1 )(2 )(3 )] 12: 8a292df8-d653-4057-8133-a0701792f912, 1, 0 [(0 [0xC004F014, 0, 0], [(?)(?)(?)(?)(?)(?)(?)(?)])(1 )(2 )(3 )] 13: 8db63db6-4f8f-46d6-a448-66444faaaa72, 1, 0 [(0 [0xC004F014, 0, 0], [(?)(?)(?)(?)(?)(?)(?)(?)])(1 )(2 )(3 )] 14: cd918a57-a41b-4c82-8dce-1a538e221a83, 1, 0 [(0 [0xC004F014, 0, 0], [(?)(?)(?)(?)(?)(?)(?)(?)])(1 )(2 )(3 )] 15: da9621af-f086-4244-b563-18611e51aa1a, 1, 0 [(0 [0xC004F014, 0, 0], [(?)(?)(?)(?)(?)(?)(?)(?)])(1 )(2 )(3 )] 16: e371d89a-73e8-4b24-a7ff-23a3641dd18e, 1, 0 [(0 [0xC004F014, 0, 0], [(?)(?)(?)(?)(?)(?)(?)(?)])(1 )(2 )(3 )] 17: ed799377-74b8-4989-a244-14d082e65972, 1, 0 [(0 [0xC004F014, 0, 0], [(?)(?)(?)(?)(?)(?)(?)(?)])(1 )(2 )(3 )]  "
  },
  {
    "TimeCreated": "2026-03-30 14:21:49",
    "Channel": "Application",
    "Level": "Information",
    "EventId": 1066,
    "ProviderName": "Microsoft-Windows-Security-SPP",
    "Message": "Initialization status for service objects. C:\\WINDOWS\\system32\\sppwinob.dll, msft:spp/windowsfunctionality/agent/7.0, 0x00000000, 0x00000000 C:\\WINDOWS\\system32\\sppobjs.dll, msft:rm/algorithm/inherited/1.0, 0x00000000, 0x00000000 C:\\WINDOWS\\system32\\sppobjs.dll, msft:rm/algorithm/phone/1.0, 0x00000000, 0x00000000 C:\\WINDOWS\\system32\\sppobjs.dll, msft:rm/algorithm/pkey/detect, 0x00000000, 0x00000000 C:\\WINDOWS\\system32\\sppobjs.dll, msft:spp/ActionScheduler/1.0, 0x00000000, 0x00000000 C:\\WINDOWS\\system32\\sppobjs.dll, msft:spp/TaskScheduler/1.0, 0x00000000, 0x00000000 C:\\WINDOWS\\system32\\sppobjs.dll, msft:spp/statecollector/pkey, 0x00000000, 0x00000000 C:\\WINDOWS\\system32\\sppobjs.dll, msft:spp/volume/services/kms/1.0, 0x00000000, 0x00000000 C:\\WINDOWS\\system32\\sppobjs.dll, msft:spp/volume/services/kms/activationinfo/1.0, 0x00000000, 0x00000000 "
  },
  {
    "TimeCreated": "2026-03-30 14:21:49",
    "Channel": "Application",
    "Level": "Information",
    "EventId": 16394,
    "ProviderName": "Microsoft-Windows-Security-SPP",
    "Message": "Offline downlevel migration succeeded."
  },
  {
    "TimeCreated": "2026-03-30 14:21:49",
    "Channel": "Application",
    "Level": "Information",
    "EventId": 900,
    "ProviderName": "Microsoft-Windows-Security-SPP",
    "Message": "The Software Protection service is starting. Parameters:TriggerStarted:6"
  },
  {
    "TimeCreated": "2026-03-30 14:21:38",
    "Channel": "Application",
    "Level": "Information",
    "EventId": 2003,
    "ProviderName": "DSAService",
    "Message": "<DSAExceptionEvent xmlns:xsi='http://www.w3.org/2001/XMLSchema-instance' xmlns:xsd='http://www.w3.org/2001/XMLSchema' xmlns='https://www.intel.com'><OS><Description>Windows 10 Home</Description><Version>6.3</Version><Build>26200</Build><Release>2009</Release><EpmId>windows-11-25h2-64</EpmId></OS><DSAVersion>25.4.36.6</DSAVersion><Module>DSARulesCore.dll</Module><ClassName>Intel.DSA.Rules.RuleSets.Rebar</ClassName><MethodName>ConvertDetectionOutputToMessage</MethodName><ExceptionType>ResizableBarMessageException</ExceptionType><Message>CheckAmdPlatform</Message></DSAExceptionEvent>"
  },
  {
    "TimeCreated": "2026-03-30 14:21:30",
    "Channel": "Application",
    "Level": "Warning",
    "EventId": 64,
    "ProviderName": "Microsoft-Windows-CertificateServicesClient-AutoEnrollment",
    "Message": "Certificate for local system with Thumbprint 68 c8 d0 95 66 82 93 2f 46 f1 03 f9 42 7d 72 ec e4 80 2a cc is about to expire or already expired."
  },
  {
    "TimeCreated": "2026-03-30 14:21:23",
    "Channel": "Application",
    "Level": "Information",
    "EventId": 0,
    "ProviderName": "Service1",
    "Message": "Service started successfully."
  },
  {
    "TimeCreated": "2026-03-30 14:21:23",
    "Channel": "Application",
    "Level": "Information",
    "EventId": 1035,
    "ProviderName": "MsiInstaller",
    "Message": "Windows Installer reconfigured the product. Product Name: Microsoft GameInput. Product Version: 3.3.163.0. Product Language: 1033. Manufacturer: Microsoft Corporation. Reconfiguration success or error status: 0."
  },
  {
    "TimeCreated": "2026-03-30 14:21:23",
    "Channel": "Application",
    "Level": "Information",
    "EventId": 0,
    "ProviderName": "Service1",
    "Message": "Service started successfully."
  },
  {
    "TimeCreated": "2026-03-30 14:21:22",
    "Channel": "Application",
    "Level": "Information",
    "EventId": 1003,
    "ProviderName": "Microsoft-Windows-Search",
    "Message": "The Windows Search Service started. "
  },
  {
    "TimeCreated": "2026-03-30 14:21:20",
    "Channel": "Application",
    "Level": "Information",
    "EventId": 6000,
    "ProviderName": "Microsoft-Windows-Winlogon",
    "Message": "The winlogon notification subscriber <SessionEnv> was unavailable to handle a notification event."
  },
  {
    "TimeCreated": "2026-03-30 14:21:20",
    "Channel": "Application",
    "Level": "Information",
    "EventId": 1,
    "ProviderName": "CoworkVMService",
    "Message": "Claude VM Service starting. Detailed logs: C:\\ProgramData\\Claude\\Logs\\cowork-service.log"
  },
  {
    "TimeCreated": "2026-03-30 14:21:18",
    "Channel": "Application",
    "Level": "Information",
    "EventId": 5617,
    "ProviderName": "Microsoft-Windows-WMI",
    "Message": "Windows Management Instrumentation Service subsystems initialized successfully"
  },
  {
    "TimeCreated": "2026-03-30 14:21:18",
    "Channel": "Application",
    "Level": "Information",
    "EventId": 0,
    "ProviderName": "LightKeeperService",
    "Message": "Service started successfully."
  },
  {
    "TimeCreated": "2026-03-30 14:21:18",
    "Channel": "Application",
    "Level": "Information",
    "EventId": 6003,
    "ProviderName": "Microsoft-Windows-Winlogon",
    "Message": "The winlogon notification subscriber <SessionEnv> was unavailable to handle a critical notification event."
  },
  {
    "TimeCreated": "2026-03-30 14:21:18",
    "Channel": "Application",
    "Level": "Information",
    "EventId": 0,
    "ProviderName": "MSI_Companion_Service",
    "Message": "Service started successfully."
  },
  {
    "TimeCreated": "2026-03-30 14:21:18",
    "Channel": "Application",
    "Level": "Information",
    "EventId": 0,
    "ProviderName": "SystemUsageReportSvc",
    "Message": "Service started successfully."
  },
  {
    "TimeCreated": "2026-03-30 14:21:18",
    "Channel": "Application",
    "Level": "Information",
    "EventId": 1003,
    "ProviderName": "DSAService",
    "Message": "DSAService.dll:7:Intel.DSA.Service.Service|OnStartTask|()|Initializing logging"
  },
  {
    "TimeCreated": "2026-03-30 14:21:18",
    "Channel": "Application",
    "Level": "Information",
    "EventId": 1003,
    "ProviderName": "DSAService",
    "Message": "DSAService.dll:7:DSAClientCore.Controllers.Computer.SettingsController|SetDownloadsDirectoryFallback|()|DownloadsDirectoryFallback changed."
  },
  {
    "TimeCreated": "2026-03-30 14:21:18",
    "Channel": "Application",
    "Level": "Information",
    "EventId": 1003,
    "ProviderName": "DSAService",
    "Message": "DSAService.dll:7:DSAClientCore.Controllers.Computer.SettingsController|SetDsaDirectoryFallback|()|DsaDirectoryFallback changed."
  },
  {
    "TimeCreated": "2026-03-30 14:21:18",
    "Channel": "Application",
    "Level": "Information",
    "EventId": 1003,
    "ProviderName": "DSAService",
    "Message": "DSAService.dll:7:DSAClientCore.Controllers.Computer.SettingsController|SetDsaDirectoryFallback|()|DsaDirectoryFallback changed."
  },
  {
    "TimeCreated": "2026-03-30 14:21:18",
    "Channel": "Application",
    "Level": "Information",
    "EventId": 0,
    "ProviderName": "DSAService",
    "Message": "Service started successfully."
  },
  {
    "TimeCreated": "2026-03-30 14:21:18",
    "Channel": "Application",
    "Level": "Information",
    "EventId": 0,
    "ProviderName": "DSAUpdateService",
    "Message": "Service started successfully."
  },
  {
    "TimeCreated": "2026-03-30 14:21:17",
    "Channel": "Application",
    "Level": "Information",
    "EventId": 5615,
    "ProviderName": "Microsoft-Windows-WMI",
    "Message": "Windows Management Instrumentation Service started sucessfully"
  },
  {
    "TimeCreated": "2026-03-30 14:21:17",
    "Channel": "Application",
    "Level": "Information",
    "EventId": 1531,
    "ProviderName": "Microsoft-Windows-User Profiles Service",
    "Message": "The User Profile Service has started successfully.    "
  },
  {
    "TimeCreated": "2026-03-30 14:21:17",
    "Channel": "Application",
    "Level": "Information",
    "EventId": 4625,
    "ProviderName": "Microsoft-Windows-EventSystem",
    "Message": "The EventSystem sub system is suppressing duplicate event log entries for a duration of 86400 seconds.  The suppression timeout can be controlled by a REG_DWORD value named SuppressDuplicateDuration under the following registry key: HKLM\\Software\\Microsoft\\EventSystem\\EventLog."
  },
  {
    "TimeCreated": "2026-03-30 09:40:59",
    "Channel": "Application",
    "Level": "Information",
    "EventId": 1532,
    "ProviderName": "Microsoft-Windows-User Profiles Service",
    "Message": "The User Profile Service has stopped.    "
  },
  {
    "TimeCreated": "2026-03-30 09:40:59",
    "Channel": "Application",
    "Level": "Information",
    "EventId": 0,
    "ProviderName": "LightKeeperService",
    "Message": "Service has been successfully shut down."
  },
  {
    "TimeCreated": "2026-03-30 09:40:59",
    "Channel": "Application",
    "Level": "Information",
    "EventId": 0,
    "ProviderName": "SystemUsageReportSvc",
    "Message": "Service has been successfully shut down."
  },
  {
    "TimeCreated": "2026-03-30 09:40:59",
    "Channel": "Application",
    "Level": "Information",
    "EventId": 0,
    "ProviderName": "Service1",
    "Message": "Service has been successfully shut down."
  },
  {
    "TimeCreated": "2026-03-30 09:40:59",
    "Channel": "Application",
    "Level": "Information",
    "EventId": 0,
    "ProviderName": "Service1",
    "Message": "Service has been successfully shut down."
  },
  {
    "TimeCreated": "2026-03-30 09:40:59",
    "Channel": "Application",
    "Level": "Information",
    "EventId": 0,
    "ProviderName": "DSAUpdateService",
    "Message": "Service has been successfully shut down."
  },
  {
    "TimeCreated": "2026-03-30 09:40:59",
    "Channel": "Application",
    "Level": "Information",
    "EventId": 0,
    "ProviderName": "DSAService",
    "Message": "Service has been successfully shut down."
  },
  {
    "TimeCreated": "2026-03-30 09:40:57",
    "Channel": "Application",
    "Level": "Information",
    "EventId": 6000,
    "ProviderName": "Microsoft-Windows-Winlogon",
    "Message": "The winlogon notification subscriber <SessionEnv> was unavailable to handle a notification event."
  },
  {
    "TimeCreated": "2026-03-30 09:40:57",
    "Channel": "Application",
    "Level": "Information",
    "EventId": 6000,
    "ProviderName": "Microsoft-Windows-Winlogon",
    "Message": "The winlogon notification subscriber <WSearch> was unavailable to handle a notification event."
  },
  {
    "TimeCreated": "2026-03-30 09:32:16",
    "Channel": "Application",
    "Level": "Information",
    "EventId": 16384,
    "ProviderName": "Microsoft-Windows-Security-SPP",
    "Message": "Successfully scheduled Software Protection service for re-start at 2126-03-06T14:32:16Z. Reason: RulesEngine."
  },
  {
    "TimeCreated": "2026-03-30 09:31:45",
    "Channel": "Application",
    "Level": "Information",
    "EventId": 16394,
    "ProviderName": "Microsoft-Windows-Security-SPP",
    "Message": "Offline downlevel migration succeeded."
  },
  {
    "TimeCreated": "2026-03-30 09:16:11",
    "Channel": "Application",
    "Level": "Information",
    "EventId": 256,
    "ProviderName": "Chrome",
    "Message": "[18376:14596:0330/091611.351:INFO:chrome\\browser\\extensions\\extension_garbage_collector.cc:188] Garbage collection for extensions on file thread is complete."
  },
  {
    "TimeCreated": "2026-03-30 09:06:22",
    "Channel": "Application",
    "Level": "Information",
    "EventId": 16384,
    "ProviderName": "Microsoft-Windows-Security-SPP",
    "Message": "Successfully scheduled Software Protection service for re-start at 2126-03-06T14:06:22Z. Reason: RulesEngine."
  },
  {
    "TimeCreated": "2026-03-30 09:05:45",
    "Channel": "Application",
    "Level": "Information",
    "EventId": 16394,
    "ProviderName": "Microsoft-Windows-Security-SPP",
    "Message": "Offline downlevel migration succeeded."
  },
  {
    "TimeCreated": "2026-03-30 09:01:14",
    "Channel": "Application",
    "Level": "Information",
    "EventId": 15,
    "ProviderName": "SecurityCenter",
    "Message": "Updated Windows Defender status successfully to SECURITY_PRODUCT_STATE_ON."
  },
  {
    "TimeCreated": "2026-03-30 08:59:34",
    "Channel": "Application",
    "Level": "Information",
    "EventId": 256,
    "ProviderName": "Chrome",
    "Message": "[1076:21820:0330/085934.789:INFO:chrome\\browser\\extensions\\extension_garbage_collector.cc:188] Garbage collection for extensions on file thread is complete."
  },
  {
    "TimeCreated": "2026-03-30 08:57:32",
    "Channel": "Application",
    "Level": "Information",
    "EventId": 16384,
    "ProviderName": "Microsoft-Windows-Security-SPP",
    "Message": "Successfully scheduled Software Protection service for re-start at 2126-03-06T13:57:32Z. Reason: RulesEngine."
  },
  {
    "TimeCreated": "2026-03-30 08:56:53",
    "Channel": "Application",
    "Level": "Information",
    "EventId": 16394,
    "ProviderName": "Microsoft-Windows-Security-SPP",
    "Message": "Offline downlevel migration succeeded."
  },
  {
    "TimeCreated": "2026-03-30 08:56:09",
    "Channel": "Application",
    "Level": "Information",
    "EventId": 1,
    "ProviderName": "CoworkVMService",
    "Message": "Claude VM Service starting. Detailed logs: C:\\ProgramData\\Claude\\Logs\\cowork-service.log"
  },
  {
    "TimeCreated": "2026-03-30 08:56:09",
    "Channel": "Application",
    "Level": null,
    "EventId": 2562,
    "ProviderName": "Microsoft-Windows-AppXDeploymentServer/Operational",
    "Message": ""
  },
  {
    "TimeCreated": "2026-03-30 08:56:09",
    "Channel": "Application",
    "Level": "Information",
    "EventId": 1,
    "ProviderName": "CoworkVMService",
    "Message": "Claude VM Service stopped."
  },
  {
    "TimeCreated": "2026-03-30 08:54:47",
    "Channel": "Application",
    "Level": "Warning",
    "EventId": 1008,
    "ProviderName": "Microsoft-Windows-Perflib",
    "Message": "The Open procedure for service 'WmiApRpl' in DLL 'C:\\WINDOWS\\system32\\wbem\\wmiaprpl.dll' failed with error code The device is not ready.. Performance data for this service will not be available."
  },
  {
    "TimeCreated": "2026-03-30 08:54:46",
    "Channel": "Application",
    "Level": null,
    "EventId": 4096,
    "ProviderName": "VBScriptDeprecationAlert",
    "Message": ""
  },
  {
    "TimeCreated": "2026-03-30 08:53:19",
    "Channel": "Application",
    "Level": "Information",
    "EventId": 903,
    "ProviderName": "Microsoft-Windows-Security-SPP",
    "Message": "The Software Protection service has stopped. "
  },
  {
    "TimeCreated": "2026-03-30 08:53:19",
    "Channel": "Application",
    "Level": "Information",
    "EventId": 16384,
    "ProviderName": "Microsoft-Windows-Security-SPP",
    "Message": "Successfully scheduled Software Protection service for re-start at 2126-03-06T13:53:19Z. Reason: RulesEngine."
  },
  {
    "TimeCreated": "2026-03-30 08:52:49",
    "Channel": "Application",
    "Level": "Information",
    "EventId": 15,
    "ProviderName": "SecurityCenter",
    "Message": "Updated Windows Defender status successfully to SECURITY_PRODUCT_STATE_ON."
  },
  {
    "TimeCreated": "2026-03-30 08:52:47",
    "Channel": "Application",
    "Level": "Information",
    "EventId": 1,
    "ProviderName": "SecurityCenter",
    "Message": "The Windows Security Center Service has started."
  },
  {
    "TimeCreated": "2026-03-30 08:52:47",
    "Channel": "Application",
    "Level": "Information",
    "EventId": 902,
    "ProviderName": "Microsoft-Windows-Security-SPP",
    "Message": "The Software Protection service has started. 10.0.26100.8036"
  },
  {
    "TimeCreated": "2026-03-30 08:52:47",
    "Channel": "Application",
    "Level": "Information",
    "EventId": 1003,
    "ProviderName": "Microsoft-Windows-Security-SPP",
    "Message": "The Software Protection service has completed licensing status check. Application Id=55c92734-d682-4d71-983e-d6ec3f16059f Licensing Status= 1: 0567073a-7d74-403b-b2d5-6b35da372d8d, 1, 0 [(0 [0xC004F014, 0, 0], [(?)(?)(?)(?)(?)(?)(?)(?)])(1 )(2 )(3 )] 2: 1b750385-9fe2-49a8-ab55-149d0546395b, 1, 0 [(0 [0xC004F014, 0, 0], [(?)(?)(?)(?)(?)(?)(?)(?)])(1 )(2 )(3 )] 3: 1d873132-f09f-4eb2-bf5a-2e4fb48935e8, 1, 0 [(0 [0xC004F014, 0, 0], [(?)(?)(?)(?)(?)(?)(?)(?)])(1 )(2 )(3 )] 4: 2b1f36bb-c1cd-4306-bf5c-a0367c2d97d8, 1, 0 [(0 [0xC004F014, 0, 0], [(?)(?)(?)(?)(?)(?)(?)(?)])(1 )(2 )(3 )] 5: 30d469c6-a78f-4476-b5c8-af78d5b6a5fb, 1, 1 [(0 [0xC004E003, 0, 0], [( 10 0xC004F200 msft:rm/algorithm/flags/1.0)( 1 0x00000000)(?)(?)(?)(?)( 10 0xC004F200 msft:rm/algorithm/flags/1.0)(?)])(1 )(2 [0x00000000, 1, 0], [(?)( 1 0x00000000)(?)(?)(?)(?)( 10 0x00000000 msft:rm/algorithm/flags/1.0)(?)])(3 )] 6: 3ae2cc14-ab2d-41f4-972f-5e20142771dc, 1, 0 [(0 [0xC004F014, 0, 0], [(?)(?)(?)(?)(?)(?)(?)(?)])(1 )(2 )(3 )] 7: 4002e33a-524c-4100-8108-131a0d42c0ea, 1, 0 [(0 [0xC004F014, 0, 0], [(?)(?)(?)(?)(?)(?)(?)(?)])(1 )(2 )(3 )] 8: 411b3d4f-be6d-4a06-baaa-9cabfc256cae, 1, 0 [(0 [0xC004F014, 0, 0], [(?)(?)(?)(?)(?)(?)(?)(?)])(1 )(2 )(3 )] 9: 58e97c99-f377-4ef1-81d5-4ad5522b5fd8, 1, 0 [(0 [0xC004F014, 0, 0], [(?)(?)(?)(?)(?)(?)(?)(?)])(1 )(2 )(3 )] 10: 653098ee-780d-4863-8cf2-d18399ce413b, 1, 0 [(0 [0xC004F014, 0, 0], [(?)(?)(?)(?)(?)(?)(?)(?)])(1 )(2 )(3 )] 11: 74436dbb-cc17-46de-867f-14906ba4a938, 1, 0 [(0 [0xC004F014, 0, 0], [(?)(?)(?)(?)(?)(?)(?)(?)])(1 )(2 )(3 )] 12: 8a292df8-d653-4057-8133-a0701792f912, 1, 0 [(0 [0xC004F014, 0, 0], [(?)(?)(?)(?)(?)(?)(?)(?)])(1 )(2 )(3 )] 13: 8db63db6-4f8f-46d6-a448-66444faaaa72, 1, 0 [(0 [0xC004F014, 0, 0], [(?)(?)(?)(?)(?)(?)(?)(?)])(1 )(2 )(3 )] 14: cd918a57-a41b-4c82-8dce-1a538e221a83, 1, 0 [(0 [0xC004F014, 0, 0], [(?)(?)(?)(?)(?)(?)(?)(?)])(1 )(2 )(3 )] 15: da9621af-f086-4244-b563-18611e51aa1a, 1, 0 [(0 [0xC004F014, 0, 0], [(?)(?)(?)(?)(?)(?)(?)(?)])(1 )(2 )(3 )] 16: e371d89a-73e8-4b24-a7ff-23a3641dd18e, 1, 0 [(0 [0xC004F014, 0, 0], [(?)(?)(?)(?)(?)(?)(?)(?)])(1 )(2 )(3 )] 17: ed799377-74b8-4989-a244-14d082e65972, 1, 0 [(0 [0xC004F014, 0, 0], [(?)(?)(?)(?)(?)(?)(?)(?)])(1 )(2 )(3 )]  "
  },
  {
    "TimeCreated": "2026-03-30 08:52:47",
    "Channel": "Application",
    "Level": "Information",
    "EventId": 1066,
    "ProviderName": "Microsoft-Windows-Security-SPP",
    "Message": "Initialization status for service objects. C:\\WINDOWS\\system32\\sppwinob.dll, msft:spp/windowsfunctionality/agent/7.0, 0x00000000, 0x00000000 C:\\WINDOWS\\system32\\sppobjs.dll, msft:rm/algorithm/inherited/1.0, 0x00000000, 0x00000000 C:\\WINDOWS\\system32\\sppobjs.dll, msft:rm/algorithm/phone/1.0, 0x00000000, 0x00000000 C:\\WINDOWS\\system32\\sppobjs.dll, msft:rm/algorithm/pkey/detect, 0x00000000, 0x00000000 C:\\WINDOWS\\system32\\sppobjs.dll, msft:spp/ActionScheduler/1.0, 0x00000000, 0x00000000 C:\\WINDOWS\\system32\\sppobjs.dll, msft:spp/TaskScheduler/1.0, 0x00000000, 0x00000000 C:\\WINDOWS\\system32\\sppobjs.dll, msft:spp/statecollector/pkey, 0x00000000, 0x00000000 C:\\WINDOWS\\system32\\sppobjs.dll, msft:spp/volume/services/kms/1.0, 0x00000000, 0x00000000 C:\\WINDOWS\\system32\\sppobjs.dll, msft:spp/volume/services/kms/activationinfo/1.0, 0x00000000, 0x00000000 "
  },
  {
    "TimeCreated": "2026-03-30 08:52:47",
    "Channel": "Application",
    "Level": "Information",
    "EventId": 16394,
    "ProviderName": "Microsoft-Windows-Security-SPP",
    "Message": "Offline downlevel migration succeeded."
  },
  {
    "TimeCreated": "2026-03-30 08:52:47",
    "Channel": "Application",
    "Level": "Information",
    "EventId": 900,
    "ProviderName": "Microsoft-Windows-Security-SPP",
    "Message": "The Software Protection service is starting. Parameters:<explicit>"
  },
  {
    "TimeCreated": "2026-03-30 08:52:45",
    "Channel": "Application",
    "Level": "Information",
    "EventId": 0,
    "ProviderName": "edgeupdate",
    "Message": "Service stopped."
  },
  {
    "TimeCreated": "2026-03-30 08:52:36",
    "Channel": "Application",
    "Level": "Information",
    "EventId": 256,
    "ProviderName": "Chrome",
    "Message": "[18208:9064:0330/085236.061:INFO:chrome\\browser\\extensions\\extension_garbage_collector.cc:188] Garbage collection for extensions on file thread is complete."
  },
  {
    "TimeCreated": "2026-03-30 08:51:04",
    "Channel": "Application",
    "Level": "Information",
    "EventId": 2003,
    "ProviderName": "DSAService",
    "Message": "<DSAExceptionEvent xmlns:xsi='http://www.w3.org/2001/XMLSchema-instance' xmlns:xsd='http://www.w3.org/2001/XMLSchema' xmlns='https://www.intel.com'><OS><Description>Windows 10 Home</Description><Version>6.3</Version><Build>26200</Build><Release>2009</Release><EpmId>windows-11-25h2-64</EpmId></OS><DSAVersion>25.4.36.6</DSAVersion><Module>DSARulesCore.dll</Module><ClassName>Intel.DSA.Rules.RuleSets.Rebar</ClassName><MethodName>ConvertDetectionOutputToMessage</MethodName><ExceptionType>ResizableBarMessageException</ExceptionType><Message>CheckAmdPlatform</Message></DSAExceptionEvent>"
  },
