2026-03-30 00:22:01,Application,Information,1003,Microsoft-Windows-Search,The Windows Search Service started. 
2026-03-30 00:21:59,Application,Information,0,Service1,Service started successfully.
2026-03-30 00:21:59,Application,Information,0,Service1,Service started successfully.
2026-03-30 00:21:55,Application,Information,1,CoworkVMService,Claude VM Service starting. Detailed logs: C:\ProgramData\Claude\Logs\cowork-service.log
2026-03-30 00:21:54,Application,Information,0,LightKeeperService,Service started successfully.
2026-03-30 00:21:54,Application,Information,0,MSI_Companion_Service,Service started successfully.
2026-03-30 00:21:54,Application,Information,0,SystemUsageReportSvc,Service started successfully.
2026-03-30 00:21:54,Application,Information,1003,DSAService,DSAService.dll:7:Intel.DSA.Service.Service|OnStartTask|()|Initializing logging
2026-03-30 00:21:54,Application,Information,1003,DSAService,DSAService.dll:7:DSAClientCore.Controllers.Computer.SettingsController|SetDownloadsDirectoryFallback|()|DownloadsDirectoryFallback changed.
2026-03-30 00:21:54,Application,Information,1003,DSAService,DSAService.dll:7:DSAClientCore.Controllers.Computer.SettingsController|SetDsaDirectoryFallback|()|DsaDirectoryFallback changed.
2026-03-30 00:21:54,Application,Information,1003,DSAService,DSAService.dll:7:DSAClientCore.Controllers.Computer.SettingsController|SetDsaDirectoryFallback|()|DsaDirectoryFallback changed.
2026-03-30 00:21:54,Application,Information,0,DSAUpdateService,Service started successfully.
2026-03-30 00:21:54,Application,Information,0,DSAService,Service started successfully.
2026-03-30 00:21:54,Application,Information,5617,Microsoft-Windows-WMI,Windows Management Instrumentation Service subsystems initialized successfully
2026-03-30 00:21:53,Application,Information,5615,Microsoft-Windows-WMI,Windows Management Instrumentation Service started sucessfully
2026-03-30 00:21:53,Application,Information,1531,Microsoft-Windows-User Profiles Service,The User Profile Service has started successfully.    
2026-03-30 00:21:53,Application,Information,4625,Microsoft-Windows-EventSystem,The EventSystem sub system is suppressing duplicate event log entries for a duration of 86400 seconds.  The suppression timeout can be controlled by a REG_DWORD value named SuppressDuplicateDuration under the following registry key: HKLM\Software\Microsoft\EventSystem\EventLog.
